<?xml version="1.0" encoding="UTF-8"?>
<coverage generated="1779007468173" clover="3.2.0">
  <project timestamp="1779007468173" name="All files">
    <metrics statements="21" coveredstatements="21" conditionals="4" coveredconditionals="4" methods="3" coveredmethods="3" elements="28" coveredelements="28" complexity="0" loc="21" ncloc="21" packages="1" files="1" classes="1"/>
    <file name="login.tsx" path="D:\Coddle Training\Reactjs\Abhinav_Reactjs_Training\College_frontend\src\pages\login\login.tsx">
      <metrics statements="21" coveredstatements="21" conditionals="4" coveredconditionals="4" methods="3" coveredmethods="3"/>
      <line num="2" count="1" type="stmt"/>
      <line num="3" count="1" type="stmt"/>
      <line num="4" count="1" type="stmt"/>
      <line num="5" count="1" type="stmt"/>
      <line num="8" count="1" type="stmt"/>
      <line num="9" count="18" type="stmt"/>
      <line num="11" count="18" type="stmt"/>
      <line num="16" count="18" type="stmt"/>
      <line num="18" count="18" type="stmt"/>
      <line num="19" count="8" type="stmt"/>
      <line num="22" count="18" type="stmt"/>
      <line num="23" count="3" type="stmt"/>
      <line num="24" count="3" type="stmt"/>
      <line num="25" count="3" type="stmt"/>
      <line num="26" count="3" type="stmt"/>
      <line num="27" count="1" type="stmt"/>
      <line num="28" count="1" type="stmt"/>
      <line num="30" count="2" type="cond" truecount="2" falsecount="0"/>
      <line num="31" count="2" type="stmt"/>
      <line num="35" count="18" type="stmt"/>
      <line num="57" count="1" type="stmt"/>
    </file>
  </project>
</coverage>
