{"D:\\Coddle Training\\Reactjs\\Abhinav_Reactjs_Training\\College_frontend\\src\\interceptor.ts": {"path":"D:\\Coddle Training\\Reactjs\\Abhinav_Reactjs_Training\\College_frontend\\src\\interceptor.ts","statementMap":{"0":{"start":{"line":3,"column":12},"end":{"line":5,"column":2}},"1":{"start":{"line":7,"column":0},"end":{"line":19,"column":null}},"2":{"start":{"line":10,"column":6},"end":{"line":10,"column":41}},"3":{"start":{"line":12,"column":4},"end":{"line":14,"column":null}},"4":{"start":{"line":13,"column":6},"end":{"line":14,"column":null}},"5":{"start":{"line":17,"column":4},"end":{"line":17,"column":null}},"6":{"start":{"line":21,"column":0},"end":{"line":66,"column":null}},"7":{"start":{"line":22,"column":16},"end":{"line":22,"column":null}},"8":{"start":{"line":25,"column":28},"end":{"line":25,"column":null}},"9":{"start":{"line":27,"column":4},"end":{"line":60,"column":null}},"10":{"start":{"line":31,"column":6},"end":{"line":31,"column":null}},"11":{"start":{"line":33,"column":6},"end":{"line":60,"column":null}},"12":{"start":{"line":35,"column":10},"end":{"line":35,"column":46}},"13":{"start":{"line":37,"column":25},"end":{"line":42,"column":9}},"14":{"start":{"line":45,"column":10},"end":{"line":45,"column":null}},"15":{"start":{"line":47,"column":8},"end":{"line":50,"column":null}},"16":{"start":{"line":52,"column":8},"end":{"line":53,"column":null}},"17":{"start":{"line":55,"column":8},"end":{"line":55,"column":null}},"18":{"start":{"line":57,"column":8},"end":{"line":57,"column":null}},"19":{"start":{"line":58,"column":8},"end":{"line":58,"column":null}},"20":{"start":{"line":60,"column":8},"end":{"line":60,"column":null}},"21":{"start":{"line":64,"column":4},"end":{"line":64,"column":null}}},"fnMap":{"0":{"name":"(anonymous_0)","decl":{"start":{"line":7,"column":25},"end":{"line":7,"column":null}},"loc":{"start":{"line":8,"column":14},"end":{"line":19,"column":null}},"line":8},"1":{"name":"(anonymous_1)","decl":{"start":{"line":21,"column":26},"end":{"line":21,"column":null}},"loc":{"start":{"line":22,"column":16},"end":{"line":22,"column":null}},"line":22},"2":{"name":"(anonymous_2)","decl":{"start":{"line":24,"column":2},"end":{"line":24,"column":9}},"loc":{"start":{"line":24,"column":19},"end":{"line":66,"column":null}},"line":24}},"branchMap":{"0":{"loc":{"start":{"line":12,"column":4},"end":{"line":14,"column":null}},"type":"if","locations":[{"start":{"line":12,"column":4},"end":{"line":14,"column":null}},{"start":{},"end":{}}],"line":12},"1":{"loc":{"start":{"line":27,"column":4},"end":{"line":60,"column":null}},"type":"if","locations":[{"start":{"line":27,"column":4},"end":{"line":60,"column":null}},{"start":{},"end":{}}],"line":27},"2":{"loc":{"start":{"line":28,"column":6},"end":{"line":29,"column":null}},"type":"binary-expr","locations":[{"start":{"line":28,"column":6},"end":{"line":28,"column":null}},{"start":{"line":29,"column":6},"end":{"line":29,"column":null}}],"line":28}},"s":{"0":6,"1":6,"2":0,"3":0,"4":0,"5":0,"6":6,"7":0,"8":0,"9":0,"10":0,"11":0,"12":0,"13":0,"14":0,"15":0,"16":0,"17":0,"18":0,"19":0,"20":0,"21":0},"f":{"0":0,"1":0,"2":0},"b":{"0":[0,0],"1":[0,0],"2":[0,0]},"meta":{"lastBranch":3,"lastFunction":3,"lastStatement":22,"seen":{"s:3:12:5:2":0,"s:7:0:19:Infinity":1,"f:7:25:7:Infinity":0,"s:10:6:10:41":2,"b:12:4:14:Infinity:undefined:undefined:undefined:undefined":0,"s:12:4:14:Infinity":3,"s:13:6:14:Infinity":4,"s:17:4:17:Infinity":5,"s:21:0:66:Infinity":6,"f:21:26:21:Infinity":1,"s:22:16:22:Infinity":7,"f:24:2:24:9":2,"s:25:28:25:Infinity":8,"b:27:4:60:Infinity:undefined:undefined:undefined:undefined":1,"s:27:4:60:Infinity":9,"b:28:6:28:Infinity:29:6:29:Infinity":2,"s:31:6:31:Infinity":10,"s:33:6:60:Infinity":11,"s:35:10:35:46":12,"s:37:25:42:9":13,"s:45:10:45:Infinity":14,"s:47:8:50:Infinity":15,"s:52:8:53:Infinity":16,"s:55:8:55:Infinity":17,"s:57:8:57:Infinity":18,"s:58:8:58:Infinity":19,"s:60:8:60:Infinity":20,"s:64:4:64:Infinity":21},"fnNames":{}}}
,"D:\\Coddle Training\\Reactjs\\Abhinav_Reactjs_Training\\College_frontend\\src\\components\\Breadcrumbs.tsx": {"path":"D:\\Coddle Training\\Reactjs\\Abhinav_Reactjs_Training\\College_frontend\\src\\components\\Breadcrumbs.tsx","statementMap":{"0":{"start":{"line":5,"column":6},"end":{"line":27,"column":19}},"1":{"start":{"line":5,"column":20},"end":{"line":5,"column":null}},"2":{"start":{"line":6,"column":2},"end":{"line":6,"column":32}},"3":{"start":{"line":8,"column":16},"end":{"line":8,"column":51}},"4":{"start":{"line":10,"column":2},"end":{"line":10,"column":null}},"5":{"start":{"line":10,"column":12},"end":{"line":10,"column":null}},"6":{"start":{"line":12,"column":2},"end":{"line":12,"column":36}},"7":{"start":{"line":14,"column":2},"end":{"line":14,"column":28}},"8":{"start":{"line":14,"column":14},"end":{"line":14,"column":28}},"9":{"start":{"line":14,"column":28},"end":{"line":20,"column":null}},"10":{"start":{"line":16,"column":46},"end":{"line":20,"column":null}},"11":{"start":{"line":20,"column":3},"end":{"line":20,"column":null}},"12":{"start":{"line":16,"column":46},"end":{"line":16,"column":null}},"13":{"start":{"line":22,"column":19},"end":{"line":22,"column":31}},"14":{"start":{"line":22,"column":58},"end":{"line":55,"column":null}},"15":{"start":{"line":24,"column":20},"end":{"line":24,"column":64}},"16":{"start":{"line":27,"column":19},"end":{"line":27,"column":null}},"17":{"start":{"line":28,"column":21},"end":{"line":28,"column":34}},"18":{"start":{"line":28,"column":34},"end":{"line":31,"column":null}},"19":{"start":{"line":29,"column":8},"end":{"line":31,"column":null}},"20":{"start":{"line":31,"column":15},"end":{"line":31,"column":null}},"21":{"start":{"line":33,"column":9},"end":{"line":55,"column":null}},"22":{"start":{"line":34,"column":21},"end":{"line":34,"column":null}},"23":{"start":{"line":36,"column":25},"end":{"line":36,"column":null}},"24":{"start":{"line":38,"column":24},"end":{"line":38,"column":50}},"25":{"start":{"line":38,"column":51},"end":{"line":53,"column":null}},"26":{"start":{"line":55,"column":10},"end":{"line":55,"column":null}},"27":{"start":{"line":55,"column":10},"end":{"line":56,"column":null}},"28":{"start":{"line":28,"column":6},"end":{"line":33,"column":18}},"29":{"start":{"line":56,"column":12},"end":{"line":56,"column":null}},"30":{"start":{"line":56,"column":12},"end":{"line":57,"column":null}},"31":{"start":{"line":27,"column":4},"end":{"line":57,"column":null}},"32":{"start":{"line":57,"column":10},"end":{"line":57,"column":null}},"33":{"start":{"line":57,"column":10},"end":{"line":27,"column":19}}},"fnMap":{"0":{"name":"(anonymous_0)","decl":{"start":{"line":5,"column":6},"end":{"line":5,"column":20}},"loc":{"start":{"line":5,"column":20},"end":{"line":27,"column":19}},"line":5},"1":{"name":"(anonymous_1)","decl":{"start":{"line":33,"column":18},"end":{"line":33,"column":23}},"loc":{"start":{"line":33,"column":23},"end":{"line":55,"column":null}},"line":33}},"branchMap":{"0":{"loc":{"start":{"line":10,"column":2},"end":{"line":10,"column":null}},"type":"if","locations":[{"start":{"line":10,"column":2},"end":{"line":10,"column":null}},{"start":{},"end":{}}],"line":10},"1":{"loc":{"start":{"line":14,"column":2},"end":{"line":14,"column":28}},"type":"if","locations":[{"start":{"line":14,"column":2},"end":{"line":14,"column":28}},{"start":{},"end":{}}],"line":14},"2":{"loc":{"start":{"line":14,"column":28},"end":{"line":20,"column":null}},"type":"if","locations":[{"start":{"line":14,"column":28},"end":{"line":20,"column":null}},{"start":{"line":20,"column":3},"end":{"line":20,"column":null}}],"line":14},"3":{"loc":{"start":{"line":22,"column":19},"end":{"line":22,"column":31}},"type":"binary-expr","locations":[{"start":{"line":22,"column":19},"end":{"line":22,"column":38}},{"start":{"line":22,"column":19},"end":{"line":22,"column":31}}],"line":22},"4":{"loc":{"start":{"line":22,"column":31},"end":{"line":22,"column":38}},"type":"binary-expr","locations":[{"start":{"line":22,"column":31},"end":{"line":22,"column":58}},{"start":{"line":22,"column":31},"end":{"line":22,"column":38}}],"line":22},"5":{"loc":{"start":{"line":22,"column":58},"end":{"line":55,"column":null}},"type":"if","locations":[{"start":{"line":22,"column":58},"end":{"line":55,"column":null}},{"start":{"line":55,"column":10},"end":{"line":55,"column":null}}],"line":22},"6":{"loc":{"start":{"line":28,"column":34},"end":{"line":31,"column":null}},"type":"if","locations":[{"start":{"line":28,"column":34},"end":{"line":31,"column":null}},{"start":{"line":31,"column":15},"end":{"line":31,"column":null}}],"line":28},"7":{"loc":{"start":{"line":44,"column":15},"end":{"line":53,"column":null}},"type":"cond-expr","locations":[{"start":{"line":45,"column":16},"end":{"line":49,"column":17}},{"start":{"line":49,"column":16},"end":{"line":53,"column":null}}],"line":44},"8":{"loc":{"start":{"line":55,"column":10},"end":{"line":56,"column":null}},"type":"if","locations":[{"start":{"line":55,"column":10},"end":{"line":56,"column":null}},{"start":{"line":56,"column":12},"end":{"line":56,"column":null}}],"line":55},"9":{"loc":{"start":{"line":55,"column":10},"end":{"line":55,"column":null}},"type":"binary-expr","locations":[{"start":{"line":55,"column":10},"end":{"line":55,"column":null}},{"start":{"line":55,"column":10},"end":{"line":55,"column":null}},{"start":{"line":55,"column":10},"end":{"line":55,"column":null}}],"line":55},"10":{"loc":{"start":{"line":56,"column":12},"end":{"line":57,"column":null}},"type":"if","locations":[{"start":{"line":56,"column":12},"end":{"line":57,"column":null}},{"start":{"line":57,"column":10},"end":{"line":57,"column":null}}],"line":56},"11":{"loc":{"start":{"line":56,"column":12},"end":{"line":56,"column":null}},"type":"binary-expr","locations":[{"start":{"line":56,"column":12},"end":{"line":56,"column":null}},{"start":{"line":56,"column":12},"end":{"line":56,"column":null}}],"line":56}},"s":{"0":4,"1":43,"2":43,"3":43,"4":43,"5":33,"6":10,"7":10,"8":6,"9":4,"10":1,"11":3,"12":4,"13":4,"14":43,"15":1,"16":1,"17":1,"18":1,"19":1,"20":0,"21":1,"22":0,"23":0,"24":0,"25":0,"26":3,"27":4,"28":1,"29":3,"30":4,"31":1,"32":3,"33":4},"f":{"0":43,"1":0},"b":{"0":[33,10],"1":[6,4],"2":[1,3],"3":[4,0],"4":[4,0],"5":[1,3],"6":[1,0],"7":[0,0],"8":[1,3],"9":[4,3,3],"10":[1,3],"11":[4,3]},"meta":{"lastBranch":12,"lastFunction":2,"lastStatement":34,"seen":{"s:5:6:27:19":0,"f:5:6:5:20":0,"s:5:20:5:Infinity":1,"s:6:2:6:32":2,"s:8:16:8:51":3,"b:10:2:10:Infinity:undefined:undefined:undefined:undefined":0,"s:10:2:10:Infinity":4,"s:10:12:10:Infinity":5,"s:12:2:12:36":6,"b:14:2:14:28:undefined:undefined:undefined:undefined":1,"s:14:2:14:28":7,"s:14:14:14:28":8,"b:14:28:20:Infinity:20:3:20:Infinity":2,"s:14:28:20:Infinity":9,"s:16:46:20:Infinity":10,"s:20:3:20:Infinity":11,"s:16:46:16:Infinity":12,"s:22:19:22:31":13,"b:22:19:22:38:22:19:22:31":3,"b:22:31:22:58:22:31:22:38":4,"b:22:58:55:Infinity:55:10:55:Infinity":5,"s:22:58:55:Infinity":14,"s:24:20:24:64":15,"s:27:19:27:Infinity":16,"s:28:21:28:34":17,"b:28:34:31:Infinity:31:15:31:Infinity":6,"s:28:34:31:Infinity":18,"s:29:8:31:Infinity":19,"s:31:15:31:Infinity":20,"s:33:9:55:Infinity":21,"f:33:18:33:23":1,"s:34:21:34:Infinity":22,"s:36:25:36:Infinity":23,"s:38:24:38:50":24,"s:38:51:53:Infinity":25,"b:45:16:49:17:49:16:53:Infinity":7,"s:55:10:55:Infinity":26,"b:55:10:56:Infinity:56:12:56:Infinity":8,"s:55:10:56:Infinity":27,"b:55:10:55:Infinity:55:10:55:Infinity:55:10:55:Infinity":9,"s:28:6:33:18":28,"s:56:12:56:Infinity":29,"b:56:12:57:Infinity:57:10:57:Infinity":10,"s:56:12:57:Infinity":30,"b:56:12:56:Infinity:56:12:56:Infinity":11,"s:27:4:57:Infinity":31,"s:57:10:57:Infinity":32,"s:57:10:27:19":33},"fnNames":{}}}
,"D:\\Coddle Training\\Reactjs\\Abhinav_Reactjs_Training\\College_frontend\\src\\components\\CommonSearch.tsx": {"path":"D:\\Coddle Training\\Reactjs\\Abhinav_Reactjs_Training\\College_frontend\\src\\components\\CommonSearch.tsx","statementMap":{"0":{"start":{"line":13,"column":6},"end":{"line":36,"column":19}},"1":{"start":{"line":13,"column":21},"end":{"line":13,"column":22}},"2":{"start":{"line":13,"column":22},"end":{"line":13,"column":null}},"3":{"start":{"line":16,"column":2},"end":{"line":16,"column":null}},"4":{"start":{"line":17,"column":2},"end":{"line":17,"column":null}},"5":{"start":{"line":19,"column":2},"end":{"line":20,"column":20}},"6":{"start":{"line":20,"column":21},"end":{"line":24,"column":14}},"7":{"start":{"line":22,"column":12},"end":{"line":23,"column":null}},"8":{"start":{"line":23,"column":4},"end":{"line":23,"column":null}},"9":{"start":{"line":24,"column":5},"end":{"line":24,"column":14}},"10":{"start":{"line":24,"column":13},"end":{"line":24,"column":14}},"11":{"start":{"line":22,"column":2},"end":{"line":24,"column":null}},"12":{"start":{"line":24,"column":14},"end":{"line":33,"column":36}},"13":{"start":{"line":26,"column":12},"end":{"line":32,"column":null}},"14":{"start":{"line":27,"column":18},"end":{"line":29,"column":13}},"15":{"start":{"line":28,"column":6},"end":{"line":28,"column":null}},"16":{"start":{"line":29,"column":14},"end":{"line":32,"column":null}},"17":{"start":{"line":32,"column":6},"end":{"line":32,"column":25}},"18":{"start":{"line":33,"column":5},"end":{"line":33,"column":36}},"19":{"start":{"line":33,"column":35},"end":{"line":33,"column":36}},"20":{"start":{"line":26,"column":2},"end":{"line":33,"column":null}},"21":{"start":{"line":33,"column":36},"end":{"line":42,"column":null}},"22":{"start":{"line":41,"column":18},"end":{"line":42,"column":null}},"23":{"start":{"line":42,"column":10},"end":{"line":42,"column":39}},"24":{"start":{"line":42,"column":39},"end":{"line":42,"column":null}},"25":{"start":{"line":42,"column":39},"end":{"line":45,"column":null}},"26":{"start":{"line":36,"column":4},"end":{"line":45,"column":null}},"27":{"start":{"line":45,"column":10},"end":{"line":45,"column":null}},"28":{"start":{"line":45,"column":10},"end":{"line":36,"column":19}}},"fnMap":{"0":{"name":"(anonymous_0)","decl":{"start":{"line":13,"column":6},"end":{"line":13,"column":21}},"loc":{"start":{"line":13,"column":21},"end":{"line":36,"column":19}},"line":13},"1":{"name":"(anonymous_1)","decl":{"start":{"line":22,"column":12},"end":{"line":22,"column":null}},"loc":{"start":{"line":22,"column":12},"end":{"line":23,"column":null}},"line":22},"2":{"name":"(anonymous_2)","decl":{"start":{"line":26,"column":12},"end":{"line":26,"column":null}},"loc":{"start":{"line":26,"column":12},"end":{"line":32,"column":null}},"line":26},"3":{"name":"(anonymous_3)","decl":{"start":{"line":27,"column":18},"end":{"line":27,"column":29}},"loc":{"start":{"line":27,"column":29},"end":{"line":29,"column":13}},"line":27},"4":{"name":"(anonymous_4)","decl":{"start":{"line":29,"column":14},"end":{"line":29,"column":null}},"loc":{"start":{"line":32,"column":6},"end":{"line":32,"column":25}},"line":32},"5":{"name":"(anonymous_5)","decl":{"start":{"line":41,"column":18},"end":{"line":41,"column":null}},"loc":{"start":{"line":42,"column":10},"end":{"line":42,"column":39}},"line":42}},"branchMap":{"0":{"loc":{"start":{"line":16,"column":2},"end":{"line":16,"column":null}},"type":"cond-expr","locations":[{"start":{"line":16,"column":2},"end":{"line":16,"column":null}},{"start":{"line":16,"column":2},"end":{"line":16,"column":null}}],"line":16},"1":{"loc":{"start":{"line":17,"column":2},"end":{"line":17,"column":null}},"type":"cond-expr","locations":[{"start":{"line":17,"column":2},"end":{"line":17,"column":null}},{"start":{"line":17,"column":2},"end":{"line":17,"column":null}}],"line":17},"2":{"loc":{"start":{"line":20,"column":21},"end":{"line":24,"column":14}},"type":"if","locations":[{"start":{"line":20,"column":21},"end":{"line":24,"column":14}},{"start":{"line":24,"column":13},"end":{"line":24,"column":14}}],"line":20},"3":{"loc":{"start":{"line":24,"column":14},"end":{"line":33,"column":36}},"type":"if","locations":[{"start":{"line":24,"column":14},"end":{"line":33,"column":36}},{"start":{"line":33,"column":35},"end":{"line":33,"column":36}}],"line":24},"4":{"loc":{"start":{"line":24,"column":14},"end":{"line":24,"column":null}},"type":"binary-expr","locations":[{"start":{"line":24,"column":14},"end":{"line":24,"column":null}},{"start":{"line":24,"column":14},"end":{"line":24,"column":null}},{"start":{"line":24,"column":14},"end":{"line":24,"column":null}}],"line":24},"5":{"loc":{"start":{"line":33,"column":36},"end":{"line":42,"column":null}},"type":"if","locations":[{"start":{"line":33,"column":36},"end":{"line":42,"column":null}},{"start":{"line":42,"column":39},"end":{"line":42,"column":null}}],"line":33},"6":{"loc":{"start":{"line":42,"column":39},"end":{"line":45,"column":null}},"type":"if","locations":[{"start":{"line":42,"column":39},"end":{"line":45,"column":null}},{"start":{"line":45,"column":10},"end":{"line":45,"column":null}}],"line":42},"7":{"loc":{"start":{"line":42,"column":39},"end":{"line":42,"column":null}},"type":"binary-expr","locations":[{"start":{"line":42,"column":39},"end":{"line":42,"column":null}},{"start":{"line":42,"column":39},"end":{"line":42,"column":null}}],"line":42}},"s":{"0":2,"1":31,"2":31,"3":31,"4":31,"5":31,"6":31,"7":11,"8":11,"9":11,"10":20,"11":31,"12":31,"13":11,"14":11,"15":1,"16":11,"17":11,"18":11,"19":20,"20":31,"21":31,"22":11,"23":0,"24":20,"25":31,"26":11,"27":20,"28":31},"f":{"0":31,"1":11,"2":11,"3":1,"4":11,"5":0},"b":{"0":[0,31],"1":[31,0],"2":[11,20],"3":[11,20],"4":[31,20,20],"5":[11,20],"6":[11,20],"7":[31,20]},"meta":{"lastBranch":8,"lastFunction":6,"lastStatement":29,"seen":{"s:13:6:36:19":0,"f:13:6:13:21":0,"s:13:21:13:22":1,"s:13:22:13:Infinity":2,"s:16:2:16:Infinity":3,"b:16:2:16:Infinity:16:2:16:Infinity":0,"s:17:2:17:Infinity":4,"b:17:2:17:Infinity:17:2:17:Infinity":1,"s:19:2:20:20":5,"b:20:21:24:14:24:13:24:14":2,"s:20:21:24:14":6,"s:22:12:23:Infinity":7,"f:22:12:22:Infinity":1,"s:23:4:23:Infinity":8,"s:24:5:24:14":9,"s:24:13:24:14":10,"s:22:2:24:Infinity":11,"b:24:14:33:36:33:35:33:36":3,"s:24:14:33:36":12,"b:24:14:24:Infinity:24:14:24:Infinity:24:14:24:Infinity":4,"s:26:12:32:Infinity":13,"f:26:12:26:Infinity":2,"s:27:18:29:13":14,"f:27:18:27:29":3,"s:28:6:28:Infinity":15,"s:29:14:32:Infinity":16,"f:29:14:29:Infinity":4,"s:32:6:32:25":17,"s:33:5:33:36":18,"s:33:35:33:36":19,"s:26:2:33:Infinity":20,"b:33:36:42:Infinity:42:39:42:Infinity":5,"s:33:36:42:Infinity":21,"s:41:18:42:Infinity":22,"f:41:18:41:Infinity":5,"s:42:10:42:39":23,"s:42:39:42:Infinity":24,"b:42:39:45:Infinity:45:10:45:Infinity":6,"s:42:39:45:Infinity":25,"b:42:39:42:Infinity:42:39:42:Infinity":7,"s:36:4:45:Infinity":26,"s:45:10:45:Infinity":27,"s:45:10:36:19":28},"fnNames":{}}}
,"D:\\Coddle Training\\Reactjs\\Abhinav_Reactjs_Training\\College_frontend\\src\\components\\ConfirmModal.tsx": {"path":"D:\\Coddle Training\\Reactjs\\Abhinav_Reactjs_Training\\College_frontend\\src\\components\\ConfirmModal.tsx","statementMap":{"0":{"start":{"line":15,"column":6},"end":{"line":27,"column":19}},"1":{"start":{"line":15,"column":21},"end":{"line":15,"column":22}},"2":{"start":{"line":15,"column":22},"end":{"line":15,"column":null}},"3":{"start":{"line":23,"column":2},"end":{"line":23,"column":null}},"4":{"start":{"line":23,"column":13},"end":{"line":23,"column":null}},"5":{"start":{"line":32,"column":11},"end":{"line":32,"column":34}},"6":{"start":{"line":32,"column":34},"end":{"line":33,"column":null}},"7":{"start":{"line":31,"column":8},"end":{"line":33,"column":null}},"8":{"start":{"line":33,"column":13},"end":{"line":33,"column":null}},"9":{"start":{"line":33,"column":13},"end":{"line":35,"column":null}},"10":{"start":{"line":35,"column":8},"end":{"line":35,"column":null}},"11":{"start":{"line":35,"column":24},"end":{"line":35,"column":null}},"12":{"start":{"line":35,"column":24},"end":{"line":44,"column":null}},"13":{"start":{"line":39,"column":10},"end":{"line":44,"column":null}},"14":{"start":{"line":44,"column":19},"end":{"line":44,"column":null}},"15":{"start":{"line":44,"column":19},"end":{"line":51,"column":null}},"16":{"start":{"line":46,"column":10},"end":{"line":51,"column":null}},"17":{"start":{"line":51,"column":19},"end":{"line":51,"column":null}},"18":{"start":{"line":51,"column":19},"end":{"line":53,"column":null}},"19":{"start":{"line":37,"column":8},"end":{"line":46,"column":null}},"20":{"start":{"line":53,"column":14},"end":{"line":53,"column":null}},"21":{"start":{"line":53,"column":14},"end":{"line":57,"column":null}},"22":{"start":{"line":27,"column":4},"end":{"line":57,"column":null}},"23":{"start":{"line":57,"column":10},"end":{"line":57,"column":null}},"24":{"start":{"line":57,"column":10},"end":{"line":27,"column":19}}},"fnMap":{"0":{"name":"(anonymous_0)","decl":{"start":{"line":15,"column":6},"end":{"line":15,"column":21}},"loc":{"start":{"line":15,"column":21},"end":{"line":27,"column":19}},"line":15}},"branchMap":{"0":{"loc":{"start":{"line":23,"column":2},"end":{"line":23,"column":null}},"type":"if","locations":[{"start":{"line":23,"column":2},"end":{"line":23,"column":null}},{"start":{},"end":{}}],"line":23},"1":{"loc":{"start":{"line":32,"column":11},"end":{"line":32,"column":34}},"type":"binary-expr","locations":[{"start":{"line":32,"column":11},"end":{"line":32,"column":34}},{"start":{"line":32,"column":11},"end":{"line":32,"column":34}}],"line":32},"2":{"loc":{"start":{"line":32,"column":34},"end":{"line":33,"column":null}},"type":"if","locations":[{"start":{"line":32,"column":34},"end":{"line":33,"column":null}},{"start":{"line":33,"column":13},"end":{"line":33,"column":null}}],"line":32},"3":{"loc":{"start":{"line":33,"column":13},"end":{"line":35,"column":null}},"type":"if","locations":[{"start":{"line":33,"column":13},"end":{"line":35,"column":null}},{"start":{"line":35,"column":24},"end":{"line":35,"column":null}}],"line":33},"4":{"loc":{"start":{"line":35,"column":24},"end":{"line":44,"column":null}},"type":"if","locations":[{"start":{"line":35,"column":24},"end":{"line":44,"column":null}},{"start":{"line":44,"column":19},"end":{"line":44,"column":null}}],"line":35},"5":{"loc":{"start":{"line":44,"column":19},"end":{"line":51,"column":null}},"type":"if","locations":[{"start":{"line":44,"column":19},"end":{"line":51,"column":null}},{"start":{"line":51,"column":19},"end":{"line":51,"column":null}}],"line":44},"6":{"loc":{"start":{"line":51,"column":19},"end":{"line":53,"column":null}},"type":"if","locations":[{"start":{"line":51,"column":19},"end":{"line":53,"column":null}},{"start":{"line":53,"column":14},"end":{"line":53,"column":null}}],"line":51},"7":{"loc":{"start":{"line":51,"column":19},"end":{"line":51,"column":null}},"type":"binary-expr","locations":[{"start":{"line":51,"column":19},"end":{"line":51,"column":null}},{"start":{"line":51,"column":19},"end":{"line":51,"column":null}}],"line":51},"8":{"loc":{"start":{"line":53,"column":14},"end":{"line":57,"column":null}},"type":"if","locations":[{"start":{"line":53,"column":14},"end":{"line":57,"column":null}},{"start":{"line":57,"column":10},"end":{"line":57,"column":null}}],"line":53},"9":{"loc":{"start":{"line":53,"column":14},"end":{"line":53,"column":null}},"type":"binary-expr","locations":[{"start":{"line":53,"column":14},"end":{"line":53,"column":null}},{"start":{"line":53,"column":14},"end":{"line":53,"column":null}},{"start":{"line":53,"column":14},"end":{"line":53,"column":null}}],"line":53}},"s":{"0":2,"1":30,"2":30,"3":30,"4":26,"5":4,"6":30,"7":4,"8":0,"9":4,"10":4,"11":0,"12":4,"13":4,"14":0,"15":4,"16":4,"17":0,"18":4,"19":4,"20":0,"21":4,"22":4,"23":0,"24":4},"f":{"0":30},"b":{"0":[26,4],"1":[4,0],"2":[4,0],"3":[4,0],"4":[4,0],"5":[4,0],"6":[4,0],"7":[4,0],"8":[4,0],"9":[4,0,0]},"meta":{"lastBranch":10,"lastFunction":1,"lastStatement":25,"seen":{"s:15:6:27:19":0,"f:15:6:15:21":0,"s:15:21:15:22":1,"s:15:22:15:Infinity":2,"b:23:2:23:Infinity:undefined:undefined:undefined:undefined":0,"s:23:2:23:Infinity":3,"s:23:13:23:Infinity":4,"s:32:11:32:34":5,"b:32:11:32:34:32:11:32:34":1,"b:32:34:33:Infinity:33:13:33:Infinity":2,"s:32:34:33:Infinity":6,"s:31:8:33:Infinity":7,"s:33:13:33:Infinity":8,"b:33:13:35:Infinity:35:24:35:Infinity":3,"s:33:13:35:Infinity":9,"s:35:8:35:Infinity":10,"s:35:24:35:Infinity":11,"b:35:24:44:Infinity:44:19:44:Infinity":4,"s:35:24:44:Infinity":12,"s:39:10:44:Infinity":13,"s:44:19:44:Infinity":14,"b:44:19:51:Infinity:51:19:51:Infinity":5,"s:44:19:51:Infinity":15,"s:46:10:51:Infinity":16,"s:51:19:51:Infinity":17,"b:51:19:53:Infinity:53:14:53:Infinity":6,"s:51:19:53:Infinity":18,"b:51:19:51:Infinity:51:19:51:Infinity":7,"s:37:8:46:Infinity":19,"s:53:14:53:Infinity":20,"b:53:14:57:Infinity:57:10:57:Infinity":8,"s:53:14:57:Infinity":21,"b:53:14:53:Infinity:53:14:53:Infinity:53:14:53:Infinity":9,"s:27:4:57:Infinity":22,"s:57:10:57:Infinity":23,"s:57:10:27:19":24},"fnNames":{}}}
,"D:\\Coddle Training\\Reactjs\\Abhinav_Reactjs_Training\\College_frontend\\src\\components\\Courseform.tsx": {"path":"D:\\Coddle Training\\Reactjs\\Abhinav_Reactjs_Training\\College_frontend\\src\\components\\Courseform.tsx","statementMap":{"0":{"start":{"line":26,"column":6},"end":{"line":37,"column":19}},"1":{"start":{"line":26,"column":19},"end":{"line":26,"column":20}},"2":{"start":{"line":26,"column":20},"end":{"line":26,"column":null}},"3":{"start":{"line":35,"column":8},"end":{"line":39,"column":null}},"4":{"start":{"line":39,"column":8},"end":{"line":39,"column":null}},"5":{"start":{"line":39,"column":24},"end":{"line":39,"column":null}},"6":{"start":{"line":39,"column":24},"end":{"line":42,"column":null}},"7":{"start":{"line":42,"column":10},"end":{"line":42,"column":null}},"8":{"start":{"line":42,"column":51},"end":{"line":42,"column":null}},"9":{"start":{"line":42,"column":51},"end":{"line":51,"column":null}},"10":{"start":{"line":44,"column":10},"end":{"line":51,"column":null}},"11":{"start":{"line":51,"column":12},"end":{"line":51,"column":null}},"12":{"start":{"line":51,"column":12},"end":{"line":57,"column":null}},"13":{"start":{"line":53,"column":11},"end":{"line":57,"column":null}},"14":{"start":{"line":57,"column":11},"end":{"line":57,"column":null}},"15":{"start":{"line":57,"column":11},"end":{"line":58,"column":null}},"16":{"start":{"line":41,"column":8},"end":{"line":53,"column":17}},"17":{"start":{"line":58,"column":14},"end":{"line":58,"column":null}},"18":{"start":{"line":58,"column":14},"end":{"line":61,"column":null}},"19":{"start":{"line":61,"column":10},"end":{"line":61,"column":null}},"20":{"start":{"line":61,"column":52},"end":{"line":61,"column":null}},"21":{"start":{"line":71,"column":15},"end":{"line":71,"column":null}},"22":{"start":{"line":73,"column":37},"end":{"line":74,"column":null}},"23":{"start":{"line":70,"column":12},"end":{"line":74,"column":null}},"24":{"start":{"line":74,"column":21},"end":{"line":74,"column":null}},"25":{"start":{"line":74,"column":21},"end":{"line":78,"column":null}},"26":{"start":{"line":76,"column":13},"end":{"line":78,"column":null}},"27":{"start":{"line":78,"column":2},"end":{"line":78,"column":null}},"28":{"start":{"line":78,"column":2},"end":{"line":79,"column":null}},"29":{"start":{"line":63,"column":10},"end":{"line":76,"column":24}},"30":{"start":{"line":79,"column":19},"end":{"line":79,"column":null}},"31":{"start":{"line":79,"column":19},"end":{"line":85,"column":null}},"32":{"start":{"line":81,"column":11},"end":{"line":85,"column":null}},"33":{"start":{"line":85,"column":11},"end":{"line":85,"column":null}},"34":{"start":{"line":85,"column":11},"end":{"line":86,"column":null}},"35":{"start":{"line":60,"column":8},"end":{"line":81,"column":17}},"36":{"start":{"line":86,"column":14},"end":{"line":86,"column":null}},"37":{"start":{"line":86,"column":14},"end":{"line":90,"column":null}},"38":{"start":{"line":88,"column":8},"end":{"line":90,"column":null}},"39":{"start":{"line":90,"column":17},"end":{"line":90,"column":null}},"40":{"start":{"line":90,"column":17},"end":{"line":92,"column":null}},"41":{"start":{"line":37,"column":4},"end":{"line":92,"column":null}},"42":{"start":{"line":92,"column":10},"end":{"line":92,"column":null}},"43":{"start":{"line":92,"column":10},"end":{"line":37,"column":19}},"44":{"start":{"line":26,"column":19},"end":{"line":77,"column":null}}},"fnMap":{"0":{"name":"(anonymous_0)","decl":{"start":{"line":26,"column":6},"end":{"line":26,"column":19}},"loc":{"start":{"line":26,"column":19},"end":{"line":37,"column":19}},"line":26},"1":{"name":"_temp","decl":{"start":{"line":26,"column":19},"end":{"line":26,"column":20}},"loc":{"start":{"line":26,"column":19},"end":{"line":77,"column":null}},"line":26}},"branchMap":{"0":{"loc":{"start":{"line":35,"column":8},"end":{"line":39,"column":null}},"type":"if","locations":[{"start":{"line":35,"column":8},"end":{"line":39,"column":null}},{"start":{"line":39,"column":24},"end":{"line":39,"column":null}}],"line":35},"1":{"loc":{"start":{"line":39,"column":24},"end":{"line":42,"column":null}},"type":"if","locations":[{"start":{"line":39,"column":24},"end":{"line":42,"column":null}},{"start":{"line":42,"column":51},"end":{"line":42,"column":null}}],"line":39},"2":{"loc":{"start":{"line":42,"column":51},"end":{"line":51,"column":null}},"type":"if","locations":[{"start":{"line":42,"column":51},"end":{"line":51,"column":null}},{"start":{"line":51,"column":12},"end":{"line":51,"column":null}}],"line":42},"3":{"loc":{"start":{"line":42,"column":51},"end":{"line":42,"column":null}},"type":"binary-expr","locations":[{"start":{"line":42,"column":51},"end":{"line":42,"column":null}},{"start":{"line":42,"column":51},"end":{"line":42,"column":null}}],"line":42},"4":{"loc":{"start":{"line":51,"column":12},"end":{"line":57,"column":null}},"type":"if","locations":[{"start":{"line":51,"column":12},"end":{"line":57,"column":null}},{"start":{"line":57,"column":11},"end":{"line":57,"column":null}}],"line":51},"5":{"loc":{"start":{"line":53,"column":11},"end":{"line":57,"column":null}},"type":"binary-expr","locations":[{"start":{"line":53,"column":11},"end":{"line":53,"column":null}},{"start":{"line":54,"column":12},"end":{"line":57,"column":null}}],"line":53},"6":{"loc":{"start":{"line":57,"column":11},"end":{"line":58,"column":null}},"type":"if","locations":[{"start":{"line":57,"column":11},"end":{"line":58,"column":null}},{"start":{"line":58,"column":14},"end":{"line":58,"column":null}}],"line":57},"7":{"loc":{"start":{"line":57,"column":11},"end":{"line":57,"column":null}},"type":"binary-expr","locations":[{"start":{"line":57,"column":11},"end":{"line":57,"column":null}},{"start":{"line":57,"column":11},"end":{"line":57,"column":null}}],"line":57},"8":{"loc":{"start":{"line":58,"column":14},"end":{"line":61,"column":null}},"type":"if","locations":[{"start":{"line":58,"column":14},"end":{"line":61,"column":null}},{"start":{"line":61,"column":52},"end":{"line":61,"column":null}}],"line":58},"9":{"loc":{"start":{"line":71,"column":15},"end":{"line":71,"column":null}},"type":"cond-expr","locations":[{"start":{"line":71,"column":15},"end":{"line":71,"column":null}},{"start":{"line":71,"column":15},"end":{"line":71,"column":null}}],"line":71},"10":{"loc":{"start":{"line":73,"column":37},"end":{"line":74,"column":null}},"type":"if","locations":[{"start":{"line":73,"column":37},"end":{"line":74,"column":null}},{"start":{"line":74,"column":21},"end":{"line":74,"column":null}}],"line":73},"11":{"loc":{"start":{"line":74,"column":21},"end":{"line":78,"column":null}},"type":"if","locations":[{"start":{"line":74,"column":21},"end":{"line":78,"column":null}},{"start":{"line":78,"column":2},"end":{"line":78,"column":null}}],"line":74},"12":{"loc":{"start":{"line":78,"column":2},"end":{"line":79,"column":null}},"type":"if","locations":[{"start":{"line":78,"column":2},"end":{"line":79,"column":null}},{"start":{"line":79,"column":19},"end":{"line":79,"column":null}}],"line":78},"13":{"loc":{"start":{"line":78,"column":2},"end":{"line":78,"column":null}},"type":"binary-expr","locations":[{"start":{"line":78,"column":2},"end":{"line":78,"column":null}},{"start":{"line":78,"column":2},"end":{"line":78,"column":null}},{"start":{"line":78,"column":2},"end":{"line":78,"column":null}},{"start":{"line":78,"column":2},"end":{"line":78,"column":null}},{"start":{"line":78,"column":2},"end":{"line":78,"column":null}}],"line":78},"14":{"loc":{"start":{"line":79,"column":19},"end":{"line":85,"column":null}},"type":"if","locations":[{"start":{"line":79,"column":19},"end":{"line":85,"column":null}},{"start":{"line":85,"column":11},"end":{"line":85,"column":null}}],"line":79},"15":{"loc":{"start":{"line":81,"column":11},"end":{"line":85,"column":null}},"type":"binary-expr","locations":[{"start":{"line":81,"column":11},"end":{"line":81,"column":null}},{"start":{"line":82,"column":12},"end":{"line":85,"column":null}}],"line":81},"16":{"loc":{"start":{"line":85,"column":11},"end":{"line":86,"column":null}},"type":"if","locations":[{"start":{"line":85,"column":11},"end":{"line":86,"column":null}},{"start":{"line":86,"column":14},"end":{"line":86,"column":null}}],"line":85},"17":{"loc":{"start":{"line":85,"column":11},"end":{"line":85,"column":null}},"type":"binary-expr","locations":[{"start":{"line":85,"column":11},"end":{"line":85,"column":null}},{"start":{"line":85,"column":11},"end":{"line":85,"column":null}}],"line":85},"18":{"loc":{"start":{"line":86,"column":14},"end":{"line":90,"column":null}},"type":"if","locations":[{"start":{"line":86,"column":14},"end":{"line":90,"column":null}},{"start":{"line":90,"column":17},"end":{"line":90,"column":null}}],"line":86},"19":{"loc":{"start":{"line":90,"column":17},"end":{"line":92,"column":null}},"type":"if","locations":[{"start":{"line":90,"column":17},"end":{"line":92,"column":null}},{"start":{"line":92,"column":10},"end":{"line":92,"column":null}}],"line":90},"20":{"loc":{"start":{"line":90,"column":17},"end":{"line":90,"column":null}},"type":"binary-expr","locations":[{"start":{"line":90,"column":17},"end":{"line":90,"column":null}},{"start":{"line":90,"column":17},"end":{"line":90,"column":null}},{"start":{"line":90,"column":17},"end":{"line":90,"column":null}},{"start":{"line":90,"column":17},"end":{"line":90,"column":null}},{"start":{"line":90,"column":17},"end":{"line":90,"column":null}}],"line":90}},"s":{"0":1,"1":8,"2":8,"3":8,"4":2,"5":6,"6":8,"7":2,"8":6,"9":8,"10":4,"11":4,"12":8,"13":3,"14":5,"15":8,"16":5,"17":3,"18":8,"19":2,"20":6,"21":8,"22":8,"23":2,"24":6,"25":8,"26":4,"27":4,"28":8,"29":6,"30":2,"31":8,"32":3,"33":5,"34":8,"35":7,"36":1,"37":8,"38":2,"39":6,"40":8,"41":7,"42":1,"43":8,"44":2},"f":{"0":8,"1":2},"b":{"0":[2,6],"1":[2,6],"2":[4,4],"3":[8,5],"4":[3,5],"5":[3,1],"6":[5,3],"7":[8,4],"8":[2,6],"9":[0,8],"10":[2,6],"11":[4,4],"12":[6,2],"13":[8,5,4,4,4],"14":[3,5],"15":[3,1],"16":[7,1],"17":[8,2],"18":[2,6],"19":[7,1],"20":[8,4,4,1,1]},"meta":{"lastBranch":21,"lastFunction":2,"lastStatement":45,"seen":{"s:26:6:37:19":0,"f:26:6:26:19":0,"s:26:19:26:20":1,"s:26:20:26:Infinity":2,"b:35:8:39:Infinity:39:24:39:Infinity":0,"s:35:8:39:Infinity":3,"s:39:8:39:Infinity":4,"s:39:24:39:Infinity":5,"b:39:24:42:Infinity:42:51:42:Infinity":1,"s:39:24:42:Infinity":6,"s:42:10:42:Infinity":7,"s:42:51:42:Infinity":8,"b:42:51:51:Infinity:51:12:51:Infinity":2,"s:42:51:51:Infinity":9,"b:42:51:42:Infinity:42:51:42:Infinity":3,"s:44:10:51:Infinity":10,"s:51:12:51:Infinity":11,"b:51:12:57:Infinity:57:11:57:Infinity":4,"s:51:12:57:Infinity":12,"s:53:11:57:Infinity":13,"b:53:11:53:Infinity:54:12:57:Infinity":5,"s:57:11:57:Infinity":14,"b:57:11:58:Infinity:58:14:58:Infinity":6,"s:57:11:58:Infinity":15,"b:57:11:57:Infinity:57:11:57:Infinity":7,"s:41:8:53:17":16,"s:58:14:58:Infinity":17,"b:58:14:61:Infinity:61:52:61:Infinity":8,"s:58:14:61:Infinity":18,"s:61:10:61:Infinity":19,"s:61:52:61:Infinity":20,"s:71:15:71:Infinity":21,"b:71:15:71:Infinity:71:15:71:Infinity":9,"b:73:37:74:Infinity:74:21:74:Infinity":10,"s:73:37:74:Infinity":22,"s:70:12:74:Infinity":23,"s:74:21:74:Infinity":24,"b:74:21:78:Infinity:78:2:78:Infinity":11,"s:74:21:78:Infinity":25,"s:76:13:78:Infinity":26,"s:78:2:78:Infinity":27,"b:78:2:79:Infinity:79:19:79:Infinity":12,"s:78:2:79:Infinity":28,"b:78:2:78:Infinity:78:2:78:Infinity:78:2:78:Infinity:78:2:78:Infinity:78:2:78:Infinity":13,"s:63:10:76:24":29,"s:79:19:79:Infinity":30,"b:79:19:85:Infinity:85:11:85:Infinity":14,"s:79:19:85:Infinity":31,"s:81:11:85:Infinity":32,"b:81:11:81:Infinity:82:12:85:Infinity":15,"s:85:11:85:Infinity":33,"b:85:11:86:Infinity:86:14:86:Infinity":16,"s:85:11:86:Infinity":34,"b:85:11:85:Infinity:85:11:85:Infinity":17,"s:60:8:81:17":35,"s:86:14:86:Infinity":36,"b:86:14:90:Infinity:90:17:90:Infinity":18,"s:86:14:90:Infinity":37,"s:88:8:90:Infinity":38,"s:90:17:90:Infinity":39,"b:90:17:92:Infinity:92:10:92:Infinity":19,"s:90:17:92:Infinity":40,"b:90:17:90:Infinity:90:17:90:Infinity:90:17:90:Infinity:90:17:90:Infinity:90:17:90:Infinity":20,"s:37:4:92:Infinity":41,"s:92:10:92:Infinity":42,"s:92:10:37:19":43,"f:26:19:26:20":1,"s:26:19:77:Infinity":44},"fnNames":{}}}
,"D:\\Coddle Training\\Reactjs\\Abhinav_Reactjs_Training\\College_frontend\\src\\components\\DeleteButton.tsx": {"path":"D:\\Coddle Training\\Reactjs\\Abhinav_Reactjs_Training\\College_frontend\\src\\components\\DeleteButton.tsx","statementMap":{"0":{"start":{"line":8,"column":6},"end":{"line":13,"column":null}},"1":{"start":{"line":8,"column":21},"end":{"line":8,"column":22}},"2":{"start":{"line":8,"column":22},"end":{"line":8,"column":null}},"3":{"start":{"line":11,"column":20},"end":{"line":26,"column":null}},"4":{"start":{"line":13,"column":4},"end":{"line":26,"column":null}},"5":{"start":{"line":16,"column":8},"end":{"line":21,"column":null}},"6":{"start":{"line":17,"column":10},"end":{"line":17,"column":null}},"7":{"start":{"line":19,"column":10},"end":{"line":21,"column":null}},"8":{"start":{"line":26,"column":13},"end":{"line":26,"column":null}},"9":{"start":{"line":26,"column":13},"end":{"line":13,"column":null}}},"fnMap":{"0":{"name":"(anonymous_0)","decl":{"start":{"line":8,"column":6},"end":{"line":8,"column":21}},"loc":{"start":{"line":8,"column":21},"end":{"line":13,"column":null}},"line":8},"1":{"name":"(anonymous_1)","decl":{"start":{"line":15,"column":15},"end":{"line":15,"column":null}},"loc":{"start":{"line":15,"column":15},"end":{"line":21,"column":null}},"line":15}},"branchMap":{"0":{"loc":{"start":{"line":11,"column":20},"end":{"line":26,"column":null}},"type":"if","locations":[{"start":{"line":11,"column":20},"end":{"line":26,"column":null}},{"start":{"line":26,"column":13},"end":{"line":26,"column":null}}],"line":11},"1":{"loc":{"start":{"line":11,"column":20},"end":{"line":11,"column":null}},"type":"binary-expr","locations":[{"start":{"line":11,"column":20},"end":{"line":11,"column":null}},{"start":{"line":11,"column":20},"end":{"line":11,"column":null}}],"line":11},"2":{"loc":{"start":{"line":16,"column":8},"end":{"line":21,"column":null}},"type":"if","locations":[{"start":{"line":16,"column":8},"end":{"line":21,"column":null}},{"start":{"line":17,"column":22},"end":{"line":21,"column":null}}],"line":16}},"s":{"0":2,"1":9,"2":9,"3":9,"4":9,"5":4,"6":4,"7":0,"8":0,"9":9},"f":{"0":9,"1":4},"b":{"0":[9,0],"1":[9,1],"2":[4,0]},"meta":{"lastBranch":3,"lastFunction":2,"lastStatement":10,"seen":{"s:8:6:13:Infinity":0,"f:8:6:8:21":0,"s:8:21:8:22":1,"s:8:22:8:Infinity":2,"b:11:20:26:Infinity:26:13:26:Infinity":0,"s:11:20:26:Infinity":3,"b:11:20:11:Infinity:11:20:11:Infinity":1,"s:13:4:26:Infinity":4,"f:15:15:15:Infinity":1,"b:16:8:21:Infinity:17:22:21:Infinity":2,"s:16:8:21:Infinity":5,"s:17:10:17:Infinity":6,"s:19:10:21:Infinity":7,"s:26:13:26:Infinity":8,"s:26:13:13:Infinity":9},"fnNames":{}}}
,"D:\\Coddle Training\\Reactjs\\Abhinav_Reactjs_Training\\College_frontend\\src\\components\\DepartmentForm.tsx": {"path":"D:\\Coddle Training\\Reactjs\\Abhinav_Reactjs_Training\\College_frontend\\src\\components\\DepartmentForm.tsx","statementMap":{"0":{"start":{"line":23,"column":6},"end":{"line":32,"column":19}},"1":{"start":{"line":23,"column":23},"end":{"line":23,"column":24}},"2":{"start":{"line":23,"column":24},"end":{"line":23,"column":null}},"3":{"start":{"line":30,"column":8},"end":{"line":34,"column":null}},"4":{"start":{"line":34,"column":8},"end":{"line":34,"column":null}},"5":{"start":{"line":34,"column":23},"end":{"line":34,"column":null}},"6":{"start":{"line":34,"column":23},"end":{"line":35,"column":null}},"7":{"start":{"line":35,"column":8},"end":{"line":35,"column":null}},"8":{"start":{"line":35,"column":24},"end":{"line":35,"column":null}},"9":{"start":{"line":35,"column":24},"end":{"line":37,"column":null}},"10":{"start":{"line":37,"column":10},"end":{"line":37,"column":null}},"11":{"start":{"line":37,"column":55},"end":{"line":37,"column":null}},"12":{"start":{"line":44,"column":19},"end":{"line":44,"column":27}},"13":{"start":{"line":44,"column":38},"end":{"line":46,"column":null}},"14":{"start":{"line":39,"column":10},"end":{"line":46,"column":null}},"15":{"start":{"line":46,"column":12},"end":{"line":46,"column":null}},"16":{"start":{"line":46,"column":12},"end":{"line":48,"column":null}},"17":{"start":{"line":48,"column":11},"end":{"line":48,"column":null}},"18":{"start":{"line":48,"column":70},"end":{"line":48,"column":null}},"19":{"start":{"line":48,"column":70},"end":{"line":49,"column":null}},"20":{"start":{"line":36,"column":8},"end":{"line":48,"column":17}},"21":{"start":{"line":49,"column":14},"end":{"line":49,"column":null}},"22":{"start":{"line":49,"column":14},"end":{"line":52,"column":null}},"23":{"start":{"line":52,"column":10},"end":{"line":52,"column":null}},"24":{"start":{"line":52,"column":55},"end":{"line":52,"column":null}},"25":{"start":{"line":57,"column":19},"end":{"line":57,"column":27}},"26":{"start":{"line":57,"column":38},"end":{"line":66,"column":null}},"27":{"start":{"line":60,"column":12},"end":{"line":60,"column":null}},"28":{"start":{"line":62,"column":12},"end":{"line":62,"column":null}},"29":{"start":{"line":64,"column":12},"end":{"line":64,"column":null}},"30":{"start":{"line":66,"column":12},"end":{"line":66,"column":null}},"31":{"start":{"line":66,"column":66},"end":{"line":66,"column":null}},"32":{"start":{"line":66,"column":66},"end":{"line":67,"column":null}},"33":{"start":{"line":54,"column":10},"end":{"line":66,"column":26}},"34":{"start":{"line":67,"column":19},"end":{"line":67,"column":null}},"35":{"start":{"line":67,"column":19},"end":{"line":68,"column":null}},"36":{"start":{"line":68,"column":11},"end":{"line":68,"column":null}},"37":{"start":{"line":68,"column":70},"end":{"line":68,"column":null}},"38":{"start":{"line":68,"column":70},"end":{"line":69,"column":null}},"39":{"start":{"line":51,"column":8},"end":{"line":68,"column":17}},"40":{"start":{"line":69,"column":14},"end":{"line":69,"column":null}},"41":{"start":{"line":69,"column":14},"end":{"line":72,"column":null}},"42":{"start":{"line":72,"column":10},"end":{"line":72,"column":null}},"43":{"start":{"line":72,"column":66},"end":{"line":72,"column":null}},"44":{"start":{"line":79,"column":19},"end":{"line":79,"column":27}},"45":{"start":{"line":79,"column":49},"end":{"line":81,"column":null}},"46":{"start":{"line":74,"column":10},"end":{"line":81,"column":null}},"47":{"start":{"line":81,"column":12},"end":{"line":81,"column":null}},"48":{"start":{"line":81,"column":12},"end":{"line":84,"column":null}},"49":{"start":{"line":82,"column":11},"end":{"line":84,"column":null}},"50":{"start":{"line":84,"column":11},"end":{"line":84,"column":null}},"51":{"start":{"line":84,"column":11},"end":{"line":85,"column":null}},"52":{"start":{"line":71,"column":8},"end":{"line":82,"column":17}},"53":{"start":{"line":85,"column":14},"end":{"line":85,"column":null}},"54":{"start":{"line":85,"column":14},"end":{"line":88,"column":null}},"55":{"start":{"line":88,"column":10},"end":{"line":88,"column":null}},"56":{"start":{"line":88,"column":68},"end":{"line":88,"column":null}},"57":{"start":{"line":95,"column":19},"end":{"line":95,"column":27}},"58":{"start":{"line":95,"column":50},"end":{"line":97,"column":null}},"59":{"start":{"line":90,"column":10},"end":{"line":97,"column":null}},"60":{"start":{"line":97,"column":12},"end":{"line":97,"column":null}},"61":{"start":{"line":97,"column":12},"end":{"line":100,"column":null}},"62":{"start":{"line":98,"column":11},"end":{"line":100,"column":null}},"63":{"start":{"line":100,"column":11},"end":{"line":100,"column":null}},"64":{"start":{"line":100,"column":11},"end":{"line":101,"column":null}},"65":{"start":{"line":87,"column":8},"end":{"line":98,"column":17}},"66":{"start":{"line":101,"column":14},"end":{"line":101,"column":null}},"67":{"start":{"line":101,"column":14},"end":{"line":105,"column":null}},"68":{"start":{"line":103,"column":8},"end":{"line":105,"column":null}},"69":{"start":{"line":105,"column":17},"end":{"line":105,"column":null}},"70":{"start":{"line":105,"column":17},"end":{"line":107,"column":null}},"71":{"start":{"line":32,"column":4},"end":{"line":107,"column":null}},"72":{"start":{"line":107,"column":10},"end":{"line":107,"column":null}},"73":{"start":{"line":107,"column":10},"end":{"line":32,"column":19}}},"fnMap":{"0":{"name":"(anonymous_0)","decl":{"start":{"line":23,"column":6},"end":{"line":23,"column":23}},"loc":{"start":{"line":23,"column":23},"end":{"line":32,"column":19}},"line":23}},"branchMap":{"0":{"loc":{"start":{"line":30,"column":8},"end":{"line":34,"column":null}},"type":"if","locations":[{"start":{"line":30,"column":8},"end":{"line":34,"column":null}},{"start":{"line":34,"column":23},"end":{"line":34,"column":null}}],"line":30},"1":{"loc":{"start":{"line":34,"column":23},"end":{"line":35,"column":null}},"type":"if","locations":[{"start":{"line":34,"column":23},"end":{"line":35,"column":null}},{"start":{"line":35,"column":24},"end":{"line":35,"column":null}}],"line":34},"2":{"loc":{"start":{"line":35,"column":24},"end":{"line":37,"column":null}},"type":"if","locations":[{"start":{"line":35,"column":24},"end":{"line":37,"column":null}},{"start":{"line":37,"column":55},"end":{"line":37,"column":null}}],"line":35},"3":{"loc":{"start":{"line":44,"column":19},"end":{"line":44,"column":27}},"type":"binary-expr","locations":[{"start":{"line":44,"column":19},"end":{"line":44,"column":38}},{"start":{"line":44,"column":19},"end":{"line":44,"column":27}}],"line":44},"4":{"loc":{"start":{"line":44,"column":38},"end":{"line":46,"column":null}},"type":"if","locations":[{"start":{"line":44,"column":38},"end":{"line":46,"column":null}},{"start":{"line":46,"column":12},"end":{"line":46,"column":null}}],"line":44},"5":{"loc":{"start":{"line":44,"column":38},"end":{"line":44,"column":null}},"type":"binary-expr","locations":[{"start":{"line":44,"column":38},"end":{"line":44,"column":null}},{"start":{"line":44,"column":38},"end":{"line":44,"column":null}}],"line":44},"6":{"loc":{"start":{"line":46,"column":12},"end":{"line":48,"column":null}},"type":"if","locations":[{"start":{"line":46,"column":12},"end":{"line":48,"column":null}},{"start":{"line":48,"column":70},"end":{"line":48,"column":null}}],"line":46},"7":{"loc":{"start":{"line":48,"column":11},"end":{"line":48,"column":null}},"type":"binary-expr","locations":[{"start":{"line":48,"column":11},"end":{"line":48,"column":26}},{"start":{"line":48,"column":26},"end":{"line":48,"column":null}}],"line":48},"8":{"loc":{"start":{"line":48,"column":70},"end":{"line":49,"column":null}},"type":"if","locations":[{"start":{"line":48,"column":70},"end":{"line":49,"column":null}},{"start":{"line":49,"column":14},"end":{"line":49,"column":null}}],"line":48},"9":{"loc":{"start":{"line":48,"column":70},"end":{"line":48,"column":null}},"type":"binary-expr","locations":[{"start":{"line":48,"column":70},"end":{"line":48,"column":null}},{"start":{"line":48,"column":70},"end":{"line":48,"column":null}}],"line":48},"10":{"loc":{"start":{"line":49,"column":14},"end":{"line":52,"column":null}},"type":"if","locations":[{"start":{"line":49,"column":14},"end":{"line":52,"column":null}},{"start":{"line":52,"column":55},"end":{"line":52,"column":null}}],"line":49},"11":{"loc":{"start":{"line":57,"column":19},"end":{"line":57,"column":27}},"type":"binary-expr","locations":[{"start":{"line":57,"column":19},"end":{"line":57,"column":38}},{"start":{"line":57,"column":19},"end":{"line":57,"column":27}}],"line":57},"12":{"loc":{"start":{"line":57,"column":38},"end":{"line":66,"column":null}},"type":"if","locations":[{"start":{"line":57,"column":38},"end":{"line":66,"column":null}},{"start":{"line":66,"column":66},"end":{"line":66,"column":null}}],"line":57},"13":{"loc":{"start":{"line":66,"column":66},"end":{"line":67,"column":null}},"type":"if","locations":[{"start":{"line":66,"column":66},"end":{"line":67,"column":null}},{"start":{"line":67,"column":19},"end":{"line":67,"column":null}}],"line":66},"14":{"loc":{"start":{"line":66,"column":66},"end":{"line":66,"column":null}},"type":"binary-expr","locations":[{"start":{"line":66,"column":66},"end":{"line":66,"column":null}},{"start":{"line":66,"column":66},"end":{"line":66,"column":null}}],"line":66},"15":{"loc":{"start":{"line":67,"column":19},"end":{"line":68,"column":null}},"type":"if","locations":[{"start":{"line":67,"column":19},"end":{"line":68,"column":null}},{"start":{"line":68,"column":70},"end":{"line":68,"column":null}}],"line":67},"16":{"loc":{"start":{"line":68,"column":11},"end":{"line":68,"column":null}},"type":"binary-expr","locations":[{"start":{"line":68,"column":11},"end":{"line":68,"column":26}},{"start":{"line":68,"column":26},"end":{"line":68,"column":null}}],"line":68},"17":{"loc":{"start":{"line":68,"column":70},"end":{"line":69,"column":null}},"type":"if","locations":[{"start":{"line":68,"column":70},"end":{"line":69,"column":null}},{"start":{"line":69,"column":14},"end":{"line":69,"column":null}}],"line":68},"18":{"loc":{"start":{"line":68,"column":70},"end":{"line":68,"column":null}},"type":"binary-expr","locations":[{"start":{"line":68,"column":70},"end":{"line":68,"column":null}},{"start":{"line":68,"column":70},"end":{"line":68,"column":null}}],"line":68},"19":{"loc":{"start":{"line":69,"column":14},"end":{"line":72,"column":null}},"type":"if","locations":[{"start":{"line":69,"column":14},"end":{"line":72,"column":null}},{"start":{"line":72,"column":66},"end":{"line":72,"column":null}}],"line":69},"20":{"loc":{"start":{"line":79,"column":19},"end":{"line":79,"column":27}},"type":"binary-expr","locations":[{"start":{"line":79,"column":19},"end":{"line":79,"column":49}},{"start":{"line":79,"column":19},"end":{"line":79,"column":27}}],"line":79},"21":{"loc":{"start":{"line":79,"column":49},"end":{"line":81,"column":null}},"type":"if","locations":[{"start":{"line":79,"column":49},"end":{"line":81,"column":null}},{"start":{"line":81,"column":12},"end":{"line":81,"column":null}}],"line":79},"22":{"loc":{"start":{"line":79,"column":49},"end":{"line":79,"column":null}},"type":"binary-expr","locations":[{"start":{"line":79,"column":49},"end":{"line":79,"column":null}},{"start":{"line":79,"column":49},"end":{"line":79,"column":null}}],"line":79},"23":{"loc":{"start":{"line":81,"column":12},"end":{"line":84,"column":null}},"type":"if","locations":[{"start":{"line":81,"column":12},"end":{"line":84,"column":null}},{"start":{"line":84,"column":11},"end":{"line":84,"column":null}}],"line":81},"24":{"loc":{"start":{"line":82,"column":11},"end":{"line":84,"column":null}},"type":"binary-expr","locations":[{"start":{"line":82,"column":11},"end":{"line":82,"column":null}},{"start":{"line":83,"column":12},"end":{"line":84,"column":null}}],"line":82},"25":{"loc":{"start":{"line":84,"column":11},"end":{"line":85,"column":null}},"type":"if","locations":[{"start":{"line":84,"column":11},"end":{"line":85,"column":null}},{"start":{"line":85,"column":14},"end":{"line":85,"column":null}}],"line":84},"26":{"loc":{"start":{"line":84,"column":11},"end":{"line":84,"column":null}},"type":"binary-expr","locations":[{"start":{"line":84,"column":11},"end":{"line":84,"column":null}},{"start":{"line":84,"column":11},"end":{"line":84,"column":null}}],"line":84},"27":{"loc":{"start":{"line":85,"column":14},"end":{"line":88,"column":null}},"type":"if","locations":[{"start":{"line":85,"column":14},"end":{"line":88,"column":null}},{"start":{"line":88,"column":68},"end":{"line":88,"column":null}}],"line":85},"28":{"loc":{"start":{"line":95,"column":19},"end":{"line":95,"column":27}},"type":"binary-expr","locations":[{"start":{"line":95,"column":19},"end":{"line":95,"column":50}},{"start":{"line":95,"column":19},"end":{"line":95,"column":27}}],"line":95},"29":{"loc":{"start":{"line":95,"column":50},"end":{"line":97,"column":null}},"type":"if","locations":[{"start":{"line":95,"column":50},"end":{"line":97,"column":null}},{"start":{"line":97,"column":12},"end":{"line":97,"column":null}}],"line":95},"30":{"loc":{"start":{"line":95,"column":50},"end":{"line":95,"column":null}},"type":"binary-expr","locations":[{"start":{"line":95,"column":50},"end":{"line":95,"column":null}},{"start":{"line":95,"column":50},"end":{"line":95,"column":null}}],"line":95},"31":{"loc":{"start":{"line":97,"column":12},"end":{"line":100,"column":null}},"type":"if","locations":[{"start":{"line":97,"column":12},"end":{"line":100,"column":null}},{"start":{"line":100,"column":11},"end":{"line":100,"column":null}}],"line":97},"32":{"loc":{"start":{"line":98,"column":11},"end":{"line":100,"column":null}},"type":"binary-expr","locations":[{"start":{"line":98,"column":11},"end":{"line":98,"column":null}},{"start":{"line":99,"column":12},"end":{"line":100,"column":null}}],"line":98},"33":{"loc":{"start":{"line":100,"column":11},"end":{"line":101,"column":null}},"type":"if","locations":[{"start":{"line":100,"column":11},"end":{"line":101,"column":null}},{"start":{"line":101,"column":14},"end":{"line":101,"column":null}}],"line":100},"34":{"loc":{"start":{"line":100,"column":11},"end":{"line":100,"column":null}},"type":"binary-expr","locations":[{"start":{"line":100,"column":11},"end":{"line":100,"column":null}},{"start":{"line":100,"column":11},"end":{"line":100,"column":null}}],"line":100},"35":{"loc":{"start":{"line":101,"column":14},"end":{"line":105,"column":null}},"type":"if","locations":[{"start":{"line":101,"column":14},"end":{"line":105,"column":null}},{"start":{"line":105,"column":17},"end":{"line":105,"column":null}}],"line":101},"36":{"loc":{"start":{"line":105,"column":17},"end":{"line":107,"column":null}},"type":"if","locations":[{"start":{"line":105,"column":17},"end":{"line":107,"column":null}},{"start":{"line":107,"column":10},"end":{"line":107,"column":null}}],"line":105},"37":{"loc":{"start":{"line":105,"column":17},"end":{"line":105,"column":null}},"type":"binary-expr","locations":[{"start":{"line":105,"column":17},"end":{"line":105,"column":null}},{"start":{"line":105,"column":17},"end":{"line":105,"column":null}},{"start":{"line":105,"column":17},"end":{"line":105,"column":null}},{"start":{"line":105,"column":17},"end":{"line":105,"column":null}},{"start":{"line":105,"column":17},"end":{"line":105,"column":null}},{"start":{"line":105,"column":17},"end":{"line":105,"column":null}},{"start":{"line":105,"column":17},"end":{"line":105,"column":null}}],"line":105}},"s":{"0":1,"1":8,"2":8,"3":8,"4":2,"5":6,"6":8,"7":2,"8":6,"9":8,"10":2,"11":6,"12":8,"13":8,"14":8,"15":0,"16":8,"17":3,"18":5,"19":8,"20":8,"21":0,"22":8,"23":2,"24":6,"25":8,"26":8,"27":2,"28":2,"29":2,"30":2,"31":6,"32":8,"33":8,"34":0,"35":8,"36":3,"37":5,"38":8,"39":8,"40":0,"41":8,"42":2,"43":6,"44":8,"45":8,"46":8,"47":0,"48":8,"49":3,"50":5,"51":8,"52":8,"53":0,"54":8,"55":2,"56":6,"57":8,"58":8,"59":8,"60":0,"61":8,"62":2,"63":6,"64":8,"65":8,"66":0,"67":8,"68":2,"69":6,"70":8,"71":8,"72":0,"73":8},"f":{"0":8},"b":{"0":[2,6],"1":[2,6],"2":[2,6],"3":[8,3],"4":[8,0],"5":[8,0],"6":[3,5],"7":[3,1],"8":[8,0],"9":[8,0],"10":[2,6],"11":[8,4],"12":[2,6],"13":[8,0],"14":[8,0],"15":[3,5],"16":[3,1],"17":[8,0],"18":[8,0],"19":[2,6],"20":[8,5],"21":[8,0],"22":[8,0],"23":[3,5],"24":[3,1],"25":[8,0],"26":[8,0],"27":[2,6],"28":[8,0],"29":[8,0],"30":[8,0],"31":[2,6],"32":[2,0],"33":[8,0],"34":[8,0],"35":[2,6],"36":[8,0],"37":[8,0,0,0,0,0,0]},"meta":{"lastBranch":38,"lastFunction":1,"lastStatement":74,"seen":{"s:23:6:32:19":0,"f:23:6:23:23":0,"s:23:23:23:24":1,"s:23:24:23:Infinity":2,"b:30:8:34:Infinity:34:23:34:Infinity":0,"s:30:8:34:Infinity":3,"s:34:8:34:Infinity":4,"s:34:23:34:Infinity":5,"b:34:23:35:Infinity:35:24:35:Infinity":1,"s:34:23:35:Infinity":6,"s:35:8:35:Infinity":7,"s:35:24:35:Infinity":8,"b:35:24:37:Infinity:37:55:37:Infinity":2,"s:35:24:37:Infinity":9,"s:37:10:37:Infinity":10,"s:37:55:37:Infinity":11,"s:44:19:44:27":12,"b:44:19:44:38:44:19:44:27":3,"b:44:38:46:Infinity:46:12:46:Infinity":4,"s:44:38:46:Infinity":13,"b:44:38:44:Infinity:44:38:44:Infinity":5,"s:39:10:46:Infinity":14,"s:46:12:46:Infinity":15,"b:46:12:48:Infinity:48:70:48:Infinity":6,"s:46:12:48:Infinity":16,"s:48:11:48:Infinity":17,"b:48:11:48:26:48:26:48:Infinity":7,"s:48:70:48:Infinity":18,"b:48:70:49:Infinity:49:14:49:Infinity":8,"s:48:70:49:Infinity":19,"b:48:70:48:Infinity:48:70:48:Infinity":9,"s:36:8:48:17":20,"s:49:14:49:Infinity":21,"b:49:14:52:Infinity:52:55:52:Infinity":10,"s:49:14:52:Infinity":22,"s:52:10:52:Infinity":23,"s:52:55:52:Infinity":24,"s:57:19:57:27":25,"b:57:19:57:38:57:19:57:27":11,"b:57:38:66:Infinity:66:66:66:Infinity":12,"s:57:38:66:Infinity":26,"s:60:12:60:Infinity":27,"s:62:12:62:Infinity":28,"s:64:12:64:Infinity":29,"s:66:12:66:Infinity":30,"s:66:66:66:Infinity":31,"b:66:66:67:Infinity:67:19:67:Infinity":13,"s:66:66:67:Infinity":32,"b:66:66:66:Infinity:66:66:66:Infinity":14,"s:54:10:66:26":33,"s:67:19:67:Infinity":34,"b:67:19:68:Infinity:68:70:68:Infinity":15,"s:67:19:68:Infinity":35,"s:68:11:68:Infinity":36,"b:68:11:68:26:68:26:68:Infinity":16,"s:68:70:68:Infinity":37,"b:68:70:69:Infinity:69:14:69:Infinity":17,"s:68:70:69:Infinity":38,"b:68:70:68:Infinity:68:70:68:Infinity":18,"s:51:8:68:17":39,"s:69:14:69:Infinity":40,"b:69:14:72:Infinity:72:66:72:Infinity":19,"s:69:14:72:Infinity":41,"s:72:10:72:Infinity":42,"s:72:66:72:Infinity":43,"s:79:19:79:27":44,"b:79:19:79:49:79:19:79:27":20,"b:79:49:81:Infinity:81:12:81:Infinity":21,"s:79:49:81:Infinity":45,"b:79:49:79:Infinity:79:49:79:Infinity":22,"s:74:10:81:Infinity":46,"s:81:12:81:Infinity":47,"b:81:12:84:Infinity:84:11:84:Infinity":23,"s:81:12:84:Infinity":48,"s:82:11:84:Infinity":49,"b:82:11:82:Infinity:83:12:84:Infinity":24,"s:84:11:84:Infinity":50,"b:84:11:85:Infinity:85:14:85:Infinity":25,"s:84:11:85:Infinity":51,"b:84:11:84:Infinity:84:11:84:Infinity":26,"s:71:8:82:17":52,"s:85:14:85:Infinity":53,"b:85:14:88:Infinity:88:68:88:Infinity":27,"s:85:14:88:Infinity":54,"s:88:10:88:Infinity":55,"s:88:68:88:Infinity":56,"s:95:19:95:27":57,"b:95:19:95:50:95:19:95:27":28,"b:95:50:97:Infinity:97:12:97:Infinity":29,"s:95:50:97:Infinity":58,"b:95:50:95:Infinity:95:50:95:Infinity":30,"s:90:10:97:Infinity":59,"s:97:12:97:Infinity":60,"b:97:12:100:Infinity:100:11:100:Infinity":31,"s:97:12:100:Infinity":61,"s:98:11:100:Infinity":62,"b:98:11:98:Infinity:99:12:100:Infinity":32,"s:100:11:100:Infinity":63,"b:100:11:101:Infinity:101:14:101:Infinity":33,"s:100:11:101:Infinity":64,"b:100:11:100:Infinity:100:11:100:Infinity":34,"s:87:8:98:17":65,"s:101:14:101:Infinity":66,"b:101:14:105:Infinity:105:17:105:Infinity":35,"s:101:14:105:Infinity":67,"s:103:8:105:Infinity":68,"s:105:17:105:Infinity":69,"b:105:17:107:Infinity:107:10:107:Infinity":36,"s:105:17:107:Infinity":70,"b:105:17:105:Infinity:105:17:105:Infinity:105:17:105:Infinity:105:17:105:Infinity:105:17:105:Infinity:105:17:105:Infinity:105:17:105:Infinity":37,"s:32:4:107:Infinity":71,"s:107:10:107:Infinity":72,"s:107:10:32:19":73},"fnNames":{}}}
,"D:\\Coddle Training\\Reactjs\\Abhinav_Reactjs_Training\\College_frontend\\src\\components\\Examform.tsx": {"path":"D:\\Coddle Training\\Reactjs\\Abhinav_Reactjs_Training\\College_frontend\\src\\components\\Examform.tsx","statementMap":{"0":{"start":{"line":26,"column":6},"end":{"line":37,"column":19}},"1":{"start":{"line":26,"column":17},"end":{"line":26,"column":18}},"2":{"start":{"line":26,"column":18},"end":{"line":26,"column":null}},"3":{"start":{"line":35,"column":8},"end":{"line":39,"column":null}},"4":{"start":{"line":39,"column":8},"end":{"line":39,"column":null}},"5":{"start":{"line":39,"column":24},"end":{"line":39,"column":null}},"6":{"start":{"line":39,"column":24},"end":{"line":40,"column":null}},"7":{"start":{"line":40,"column":8},"end":{"line":40,"column":null}},"8":{"start":{"line":40,"column":47},"end":{"line":40,"column":null}},"9":{"start":{"line":40,"column":47},"end":{"line":47,"column":null}},"10":{"start":{"line":41,"column":8},"end":{"line":47,"column":null}},"11":{"start":{"line":47,"column":10},"end":{"line":47,"column":null}},"12":{"start":{"line":47,"column":10},"end":{"line":48,"column":null}},"13":{"start":{"line":48,"column":9},"end":{"line":48,"column":null}},"14":{"start":{"line":48,"column":68},"end":{"line":48,"column":null}},"15":{"start":{"line":48,"column":68},"end":{"line":49,"column":null}},"16":{"start":{"line":49,"column":8},"end":{"line":49,"column":null}},"17":{"start":{"line":49,"column":52},"end":{"line":49,"column":null}},"18":{"start":{"line":49,"column":52},"end":{"line":60,"column":null}},"19":{"start":{"line":56,"column":2},"end":{"line":56,"column":null}},"20":{"start":{"line":57,"column":2},"end":{"line":57,"column":null}},"21":{"start":{"line":58,"column":2},"end":{"line":58,"column":null}},"22":{"start":{"line":59,"column":2},"end":{"line":59,"column":null}},"23":{"start":{"line":60,"column":2},"end":{"line":60,"column":null}},"24":{"start":{"line":60,"column":44},"end":{"line":60,"column":null}},"25":{"start":{"line":60,"column":44},"end":{"line":61,"column":null}},"26":{"start":{"line":50,"column":0},"end":{"line":60,"column":16}},"27":{"start":{"line":61,"column":9},"end":{"line":61,"column":null}},"28":{"start":{"line":61,"column":9},"end":{"line":65,"column":null}},"29":{"start":{"line":63,"column":1},"end":{"line":65,"column":null}},"30":{"start":{"line":65,"column":1},"end":{"line":65,"column":null}},"31":{"start":{"line":65,"column":1},"end":{"line":66,"column":null}},"32":{"start":{"line":66,"column":8},"end":{"line":66,"column":null}},"33":{"start":{"line":66,"column":50},"end":{"line":66,"column":null}},"34":{"start":{"line":66,"column":50},"end":{"line":73,"column":null}},"35":{"start":{"line":67,"column":8},"end":{"line":73,"column":null}},"36":{"start":{"line":73,"column":10},"end":{"line":73,"column":null}},"37":{"start":{"line":73,"column":10},"end":{"line":74,"column":null}},"38":{"start":{"line":74,"column":9},"end":{"line":74,"column":null}},"39":{"start":{"line":74,"column":76},"end":{"line":74,"column":null}},"40":{"start":{"line":74,"column":76},"end":{"line":76,"column":null}},"41":{"start":{"line":76,"column":8},"end":{"line":76,"column":null}},"42":{"start":{"line":76,"column":52},"end":{"line":76,"column":null}},"43":{"start":{"line":76,"column":52},"end":{"line":83,"column":null}},"44":{"start":{"line":77,"column":8},"end":{"line":83,"column":null}},"45":{"start":{"line":83,"column":10},"end":{"line":83,"column":null}},"46":{"start":{"line":83,"column":10},"end":{"line":84,"column":null}},"47":{"start":{"line":84,"column":9},"end":{"line":84,"column":null}},"48":{"start":{"line":84,"column":78},"end":{"line":84,"column":null}},"49":{"start":{"line":84,"column":78},"end":{"line":85,"column":null}},"50":{"start":{"line":85,"column":8},"end":{"line":85,"column":null}},"51":{"start":{"line":85,"column":54},"end":{"line":85,"column":null}},"52":{"start":{"line":85,"column":54},"end":{"line":92,"column":null}},"53":{"start":{"line":86,"column":0},"end":{"line":92,"column":null}},"54":{"start":{"line":92,"column":2},"end":{"line":92,"column":null}},"55":{"start":{"line":92,"column":2},"end":{"line":96,"column":null}},"56":{"start":{"line":94,"column":1},"end":{"line":96,"column":null}},"57":{"start":{"line":96,"column":1},"end":{"line":96,"column":null}},"58":{"start":{"line":96,"column":1},"end":{"line":97,"column":null}},"59":{"start":{"line":97,"column":8},"end":{"line":97,"column":null}},"60":{"start":{"line":97,"column":49},"end":{"line":97,"column":null}},"61":{"start":{"line":101,"column":17},"end":{"line":101,"column":null}},"62":{"start":{"line":105,"column":13},"end":{"line":105,"column":68}},"63":{"start":{"line":105,"column":68},"end":{"line":106,"column":null}},"64":{"start":{"line":104,"column":10},"end":{"line":106,"column":null}},"65":{"start":{"line":106,"column":19},"end":{"line":106,"column":null}},"66":{"start":{"line":106,"column":19},"end":{"line":112,"column":null}},"67":{"start":{"line":108,"column":11},"end":{"line":112,"column":null}},"68":{"start":{"line":112,"column":12},"end":{"line":112,"column":null}},"69":{"start":{"line":112,"column":12},"end":{"line":113,"column":null}},"70":{"start":{"line":98,"column":8},"end":{"line":108,"column":18}},"71":{"start":{"line":113,"column":17},"end":{"line":113,"column":null}},"72":{"start":{"line":113,"column":17},"end":{"line":114,"column":null}},"73":{"start":{"line":114,"column":9},"end":{"line":114,"column":null}},"74":{"start":{"line":114,"column":78},"end":{"line":114,"column":null}},"75":{"start":{"line":114,"column":78},"end":{"line":116,"column":null}},"76":{"start":{"line":116,"column":8},"end":{"line":116,"column":null}},"77":{"start":{"line":116,"column":51},"end":{"line":116,"column":null}},"78":{"start":{"line":116,"column":51},"end":{"line":118,"column":null}},"79":{"start":{"line":37,"column":4},"end":{"line":118,"column":null}},"80":{"start":{"line":118,"column":10},"end":{"line":118,"column":null}},"81":{"start":{"line":118,"column":10},"end":{"line":37,"column":19}},"82":{"start":{"line":26,"column":17},"end":{"line":111,"column":null}}},"fnMap":{"0":{"name":"(anonymous_0)","decl":{"start":{"line":26,"column":6},"end":{"line":26,"column":17}},"loc":{"start":{"line":26,"column":17},"end":{"line":37,"column":19}},"line":26},"1":{"name":"_temp","decl":{"start":{"line":26,"column":17},"end":{"line":26,"column":18}},"loc":{"start":{"line":26,"column":17},"end":{"line":111,"column":null}},"line":26}},"branchMap":{"0":{"loc":{"start":{"line":35,"column":8},"end":{"line":39,"column":null}},"type":"if","locations":[{"start":{"line":35,"column":8},"end":{"line":39,"column":null}},{"start":{"line":39,"column":24},"end":{"line":39,"column":null}}],"line":35},"1":{"loc":{"start":{"line":39,"column":24},"end":{"line":40,"column":null}},"type":"if","locations":[{"start":{"line":39,"column":24},"end":{"line":40,"column":null}},{"start":{"line":40,"column":47},"end":{"line":40,"column":null}}],"line":39},"2":{"loc":{"start":{"line":40,"column":47},"end":{"line":47,"column":null}},"type":"if","locations":[{"start":{"line":40,"column":47},"end":{"line":47,"column":null}},{"start":{"line":47,"column":10},"end":{"line":47,"column":null}}],"line":40},"3":{"loc":{"start":{"line":40,"column":47},"end":{"line":40,"column":null}},"type":"binary-expr","locations":[{"start":{"line":40,"column":47},"end":{"line":40,"column":null}},{"start":{"line":40,"column":47},"end":{"line":40,"column":null}}],"line":40},"4":{"loc":{"start":{"line":47,"column":10},"end":{"line":48,"column":null}},"type":"if","locations":[{"start":{"line":47,"column":10},"end":{"line":48,"column":null}},{"start":{"line":48,"column":68},"end":{"line":48,"column":null}}],"line":47},"5":{"loc":{"start":{"line":48,"column":9},"end":{"line":48,"column":null}},"type":"binary-expr","locations":[{"start":{"line":48,"column":9},"end":{"line":48,"column":24}},{"start":{"line":48,"column":24},"end":{"line":48,"column":null}}],"line":48},"6":{"loc":{"start":{"line":48,"column":68},"end":{"line":49,"column":null}},"type":"if","locations":[{"start":{"line":48,"column":68},"end":{"line":49,"column":null}},{"start":{"line":49,"column":52},"end":{"line":49,"column":null}}],"line":48},"7":{"loc":{"start":{"line":49,"column":52},"end":{"line":60,"column":null}},"type":"if","locations":[{"start":{"line":49,"column":52},"end":{"line":60,"column":null}},{"start":{"line":60,"column":44},"end":{"line":60,"column":null}}],"line":49},"8":{"loc":{"start":{"line":60,"column":44},"end":{"line":61,"column":null}},"type":"if","locations":[{"start":{"line":60,"column":44},"end":{"line":61,"column":null}},{"start":{"line":61,"column":9},"end":{"line":61,"column":null}}],"line":60},"9":{"loc":{"start":{"line":60,"column":44},"end":{"line":60,"column":null}},"type":"binary-expr","locations":[{"start":{"line":60,"column":44},"end":{"line":60,"column":null}},{"start":{"line":60,"column":44},"end":{"line":60,"column":null}}],"line":60},"10":{"loc":{"start":{"line":61,"column":9},"end":{"line":65,"column":null}},"type":"if","locations":[{"start":{"line":61,"column":9},"end":{"line":65,"column":null}},{"start":{"line":65,"column":1},"end":{"line":65,"column":null}}],"line":61},"11":{"loc":{"start":{"line":63,"column":1},"end":{"line":65,"column":null}},"type":"binary-expr","locations":[{"start":{"line":63,"column":1},"end":{"line":63,"column":null}},{"start":{"line":64,"column":2},"end":{"line":65,"column":null}}],"line":63},"12":{"loc":{"start":{"line":65,"column":1},"end":{"line":66,"column":null}},"type":"if","locations":[{"start":{"line":65,"column":1},"end":{"line":66,"column":null}},{"start":{"line":66,"column":50},"end":{"line":66,"column":null}}],"line":65},"13":{"loc":{"start":{"line":66,"column":50},"end":{"line":73,"column":null}},"type":"if","locations":[{"start":{"line":66,"column":50},"end":{"line":73,"column":null}},{"start":{"line":73,"column":10},"end":{"line":73,"column":null}}],"line":66},"14":{"loc":{"start":{"line":66,"column":50},"end":{"line":66,"column":null}},"type":"binary-expr","locations":[{"start":{"line":66,"column":50},"end":{"line":66,"column":null}},{"start":{"line":66,"column":50},"end":{"line":66,"column":null}}],"line":66},"15":{"loc":{"start":{"line":73,"column":10},"end":{"line":74,"column":null}},"type":"if","locations":[{"start":{"line":73,"column":10},"end":{"line":74,"column":null}},{"start":{"line":74,"column":76},"end":{"line":74,"column":null}}],"line":73},"16":{"loc":{"start":{"line":74,"column":9},"end":{"line":74,"column":null}},"type":"binary-expr","locations":[{"start":{"line":74,"column":9},"end":{"line":74,"column":28}},{"start":{"line":74,"column":28},"end":{"line":74,"column":null}}],"line":74},"17":{"loc":{"start":{"line":74,"column":76},"end":{"line":76,"column":null}},"type":"if","locations":[{"start":{"line":74,"column":76},"end":{"line":76,"column":null}},{"start":{"line":76,"column":52},"end":{"line":76,"column":null}}],"line":74},"18":{"loc":{"start":{"line":76,"column":52},"end":{"line":83,"column":null}},"type":"if","locations":[{"start":{"line":76,"column":52},"end":{"line":83,"column":null}},{"start":{"line":83,"column":10},"end":{"line":83,"column":null}}],"line":76},"19":{"loc":{"start":{"line":76,"column":52},"end":{"line":76,"column":null}},"type":"binary-expr","locations":[{"start":{"line":76,"column":52},"end":{"line":76,"column":null}},{"start":{"line":76,"column":52},"end":{"line":76,"column":null}}],"line":76},"20":{"loc":{"start":{"line":83,"column":10},"end":{"line":84,"column":null}},"type":"if","locations":[{"start":{"line":83,"column":10},"end":{"line":84,"column":null}},{"start":{"line":84,"column":78},"end":{"line":84,"column":null}}],"line":83},"21":{"loc":{"start":{"line":84,"column":9},"end":{"line":84,"column":null}},"type":"binary-expr","locations":[{"start":{"line":84,"column":9},"end":{"line":84,"column":29}},{"start":{"line":84,"column":29},"end":{"line":84,"column":null}}],"line":84},"22":{"loc":{"start":{"line":84,"column":78},"end":{"line":85,"column":null}},"type":"if","locations":[{"start":{"line":84,"column":78},"end":{"line":85,"column":null}},{"start":{"line":85,"column":54},"end":{"line":85,"column":null}}],"line":84},"23":{"loc":{"start":{"line":85,"column":54},"end":{"line":92,"column":null}},"type":"if","locations":[{"start":{"line":85,"column":54},"end":{"line":92,"column":null}},{"start":{"line":92,"column":2},"end":{"line":92,"column":null}}],"line":85},"24":{"loc":{"start":{"line":85,"column":54},"end":{"line":85,"column":null}},"type":"binary-expr","locations":[{"start":{"line":85,"column":54},"end":{"line":85,"column":null}},{"start":{"line":85,"column":54},"end":{"line":85,"column":null}}],"line":85},"25":{"loc":{"start":{"line":92,"column":2},"end":{"line":96,"column":null}},"type":"if","locations":[{"start":{"line":92,"column":2},"end":{"line":96,"column":null}},{"start":{"line":96,"column":1},"end":{"line":96,"column":null}}],"line":92},"26":{"loc":{"start":{"line":94,"column":1},"end":{"line":96,"column":null}},"type":"binary-expr","locations":[{"start":{"line":94,"column":1},"end":{"line":94,"column":null}},{"start":{"line":95,"column":2},"end":{"line":96,"column":null}}],"line":94},"27":{"loc":{"start":{"line":96,"column":1},"end":{"line":97,"column":null}},"type":"if","locations":[{"start":{"line":96,"column":1},"end":{"line":97,"column":null}},{"start":{"line":97,"column":49},"end":{"line":97,"column":null}}],"line":96},"28":{"loc":{"start":{"line":105,"column":13},"end":{"line":105,"column":68}},"type":"cond-expr","locations":[{"start":{"line":105,"column":13},"end":{"line":105,"column":68}},{"start":{"line":105,"column":13},"end":{"line":105,"column":68}}],"line":105},"29":{"loc":{"start":{"line":105,"column":68},"end":{"line":106,"column":null}},"type":"if","locations":[{"start":{"line":105,"column":68},"end":{"line":106,"column":null}},{"start":{"line":106,"column":19},"end":{"line":106,"column":null}}],"line":105},"30":{"loc":{"start":{"line":106,"column":19},"end":{"line":112,"column":null}},"type":"if","locations":[{"start":{"line":106,"column":19},"end":{"line":112,"column":null}},{"start":{"line":112,"column":12},"end":{"line":112,"column":null}}],"line":106},"31":{"loc":{"start":{"line":112,"column":12},"end":{"line":113,"column":null}},"type":"if","locations":[{"start":{"line":112,"column":12},"end":{"line":113,"column":null}},{"start":{"line":113,"column":17},"end":{"line":113,"column":null}}],"line":112},"32":{"loc":{"start":{"line":112,"column":12},"end":{"line":112,"column":null}},"type":"binary-expr","locations":[{"start":{"line":112,"column":12},"end":{"line":112,"column":null}},{"start":{"line":112,"column":12},"end":{"line":112,"column":null}},{"start":{"line":112,"column":12},"end":{"line":112,"column":null}},{"start":{"line":112,"column":12},"end":{"line":112,"column":null}}],"line":112},"33":{"loc":{"start":{"line":113,"column":17},"end":{"line":114,"column":null}},"type":"if","locations":[{"start":{"line":113,"column":17},"end":{"line":114,"column":null}},{"start":{"line":114,"column":78},"end":{"line":114,"column":null}}],"line":113},"34":{"loc":{"start":{"line":114,"column":9},"end":{"line":114,"column":null}},"type":"binary-expr","locations":[{"start":{"line":114,"column":9},"end":{"line":114,"column":29}},{"start":{"line":114,"column":29},"end":{"line":114,"column":null}}],"line":114},"35":{"loc":{"start":{"line":114,"column":78},"end":{"line":116,"column":null}},"type":"if","locations":[{"start":{"line":114,"column":78},"end":{"line":116,"column":null}},{"start":{"line":116,"column":51},"end":{"line":116,"column":null}}],"line":114},"36":{"loc":{"start":{"line":116,"column":51},"end":{"line":118,"column":null}},"type":"if","locations":[{"start":{"line":116,"column":51},"end":{"line":118,"column":null}},{"start":{"line":118,"column":10},"end":{"line":118,"column":null}}],"line":116},"37":{"loc":{"start":{"line":116,"column":51},"end":{"line":116,"column":null}},"type":"binary-expr","locations":[{"start":{"line":116,"column":51},"end":{"line":116,"column":null}},{"start":{"line":116,"column":51},"end":{"line":116,"column":null}},{"start":{"line":116,"column":51},"end":{"line":116,"column":null}},{"start":{"line":116,"column":51},"end":{"line":116,"column":null}},{"start":{"line":116,"column":51},"end":{"line":116,"column":null}},{"start":{"line":116,"column":51},"end":{"line":116,"column":null}},{"start":{"line":116,"column":51},"end":{"line":116,"column":null}},{"start":{"line":116,"column":51},"end":{"line":116,"column":null}},{"start":{"line":116,"column":51},"end":{"line":116,"column":null}},{"start":{"line":116,"column":51},"end":{"line":116,"column":null}},{"start":{"line":116,"column":51},"end":{"line":116,"column":null}},{"start":{"line":116,"column":51},"end":{"line":116,"column":null}},{"start":{"line":116,"column":51},"end":{"line":116,"column":null}},{"start":{"line":116,"column":51},"end":{"line":116,"column":null}},{"start":{"line":116,"column":51},"end":{"line":116,"column":null}}],"line":116}},"s":{"0":1,"1":12,"2":12,"3":12,"4":3,"5":9,"6":12,"7":3,"8":9,"9":12,"10":10,"11":2,"12":12,"13":3,"14":9,"15":12,"16":3,"17":9,"18":12,"19":3,"20":3,"21":3,"22":3,"23":3,"24":9,"25":12,"26":10,"27":2,"28":12,"29":3,"30":9,"31":12,"32":3,"33":9,"34":12,"35":10,"36":2,"37":12,"38":3,"39":9,"40":12,"41":3,"42":9,"43":12,"44":10,"45":2,"46":12,"47":3,"48":9,"49":12,"50":3,"51":9,"52":12,"53":10,"54":2,"55":12,"56":3,"57":9,"58":12,"59":3,"60":9,"61":12,"62":12,"63":12,"64":5,"65":7,"66":12,"67":5,"68":7,"69":12,"70":12,"71":0,"72":12,"73":3,"74":9,"75":12,"76":3,"77":9,"78":12,"79":12,"80":0,"81":12,"82":2},"f":{"0":12,"1":2},"b":{"0":[3,9],"1":[3,9],"2":[10,2],"3":[12,8],"4":[3,9],"5":[3,0],"6":[3,9],"7":[3,9],"8":[10,2],"9":[12,8],"10":[3,9],"11":[3,0],"12":[3,9],"13":[10,2],"14":[12,8],"15":[3,9],"16":[3,0],"17":[3,9],"18":[10,2],"19":[12,8],"20":[3,9],"21":[3,0],"22":[3,9],"23":[10,2],"24":[12,8],"25":[3,9],"26":[3,0],"27":[3,9],"28":[3,9],"29":[5,7],"30":[5,7],"31":[12,0],"32":[12,8,2,0],"33":[3,9],"34":[3,0],"35":[3,9],"36":[12,0],"37":[12,3,3,2,2,2,2,2,2,2,2,0,0,0,0]},"meta":{"lastBranch":38,"lastFunction":2,"lastStatement":83,"seen":{"s:26:6:37:19":0,"f:26:6:26:17":0,"s:26:17:26:18":1,"s:26:18:26:Infinity":2,"b:35:8:39:Infinity:39:24:39:Infinity":0,"s:35:8:39:Infinity":3,"s:39:8:39:Infinity":4,"s:39:24:39:Infinity":5,"b:39:24:40:Infinity:40:47:40:Infinity":1,"s:39:24:40:Infinity":6,"s:40:8:40:Infinity":7,"s:40:47:40:Infinity":8,"b:40:47:47:Infinity:47:10:47:Infinity":2,"s:40:47:47:Infinity":9,"b:40:47:40:Infinity:40:47:40:Infinity":3,"s:41:8:47:Infinity":10,"s:47:10:47:Infinity":11,"b:47:10:48:Infinity:48:68:48:Infinity":4,"s:47:10:48:Infinity":12,"s:48:9:48:Infinity":13,"b:48:9:48:24:48:24:48:Infinity":5,"s:48:68:48:Infinity":14,"b:48:68:49:Infinity:49:52:49:Infinity":6,"s:48:68:49:Infinity":15,"s:49:8:49:Infinity":16,"s:49:52:49:Infinity":17,"b:49:52:60:Infinity:60:44:60:Infinity":7,"s:49:52:60:Infinity":18,"s:56:2:56:Infinity":19,"s:57:2:57:Infinity":20,"s:58:2:58:Infinity":21,"s:59:2:59:Infinity":22,"s:60:2:60:Infinity":23,"s:60:44:60:Infinity":24,"b:60:44:61:Infinity:61:9:61:Infinity":8,"s:60:44:61:Infinity":25,"b:60:44:60:Infinity:60:44:60:Infinity":9,"s:50:0:60:16":26,"s:61:9:61:Infinity":27,"b:61:9:65:Infinity:65:1:65:Infinity":10,"s:61:9:65:Infinity":28,"s:63:1:65:Infinity":29,"b:63:1:63:Infinity:64:2:65:Infinity":11,"s:65:1:65:Infinity":30,"b:65:1:66:Infinity:66:50:66:Infinity":12,"s:65:1:66:Infinity":31,"s:66:8:66:Infinity":32,"s:66:50:66:Infinity":33,"b:66:50:73:Infinity:73:10:73:Infinity":13,"s:66:50:73:Infinity":34,"b:66:50:66:Infinity:66:50:66:Infinity":14,"s:67:8:73:Infinity":35,"s:73:10:73:Infinity":36,"b:73:10:74:Infinity:74:76:74:Infinity":15,"s:73:10:74:Infinity":37,"s:74:9:74:Infinity":38,"b:74:9:74:28:74:28:74:Infinity":16,"s:74:76:74:Infinity":39,"b:74:76:76:Infinity:76:52:76:Infinity":17,"s:74:76:76:Infinity":40,"s:76:8:76:Infinity":41,"s:76:52:76:Infinity":42,"b:76:52:83:Infinity:83:10:83:Infinity":18,"s:76:52:83:Infinity":43,"b:76:52:76:Infinity:76:52:76:Infinity":19,"s:77:8:83:Infinity":44,"s:83:10:83:Infinity":45,"b:83:10:84:Infinity:84:78:84:Infinity":20,"s:83:10:84:Infinity":46,"s:84:9:84:Infinity":47,"b:84:9:84:29:84:29:84:Infinity":21,"s:84:78:84:Infinity":
[...]
v_Reactjs_Training\\College_frontend\\src\\services\\SubjectApi.ts","statementMap":{"0":{"start":{"line":4,"column":25},"end":{"line":4,"column":null}},"1":{"start":{"line":8,"column":30},"end":{"line":9,"column":null}},"2":{"start":{"line":9,"column":2},"end":{"line":9,"column":null}},"3":{"start":{"line":14,"column":30},"end":{"line":15,"column":null}},"4":{"start":{"line":15,"column":2},"end":{"line":15,"column":null}},"5":{"start":{"line":18,"column":29},"end":{"line":22,"column":null}},"6":{"start":{"line":19,"column":2},"end":{"line":22,"column":null}},"7":{"start":{"line":25,"column":29},"end":{"line":29,"column":null}},"8":{"start":{"line":26,"column":2},"end":{"line":29,"column":null}},"9":{"start":{"line":32,"column":29},"end":{"line":35,"column":null}},"10":{"start":{"line":33,"column":2},"end":{"line":35,"column":null}},"11":{"start":{"line":38,"column":13},"end":{"line":38,"column":65}},"12":{"start":{"line":38,"column":35},"end":{"line":38,"column":65}}},"fnMap":{"0":{"name":"(anonymous_0)","decl":{"start":{"line":8,"column":30},"end":{"line":8,"column":37}},"loc":{"start":{"line":8,"column":85},"end":{"line":9,"column":null}},"line":8},"1":{"name":"(anonymous_1)","decl":{"start":{"line":14,"column":30},"end":{"line":14,"column":37}},"loc":{"start":{"line":14,"column":52},"end":{"line":15,"column":null}},"line":14},"2":{"name":"(anonymous_2)","decl":{"start":{"line":18,"column":29},"end":{"line":18,"column":36}},"loc":{"start":{"line":18,"column":61},"end":{"line":22,"column":null}},"line":18},"3":{"name":"(anonymous_3)","decl":{"start":{"line":25,"column":29},"end":{"line":25,"column":36}},"loc":{"start":{"line":25,"column":72},"end":{"line":29,"column":null}},"line":25},"4":{"name":"(anonymous_4)","decl":{"start":{"line":32,"column":29},"end":{"line":32,"column":36}},"loc":{"start":{"line":32,"column":51},"end":{"line":35,"column":null}},"line":32},"5":{"name":"(anonymous_5)","decl":{"start":{"line":38,"column":13},"end":{"line":38,"column":35}},"loc":{"start":{"line":38,"column":35},"end":{"line":38,"column":65}},"line":38}},"branchMap":{},"s":{"0":1,"1":1,"2":0,"3":1,"4":0,"5":1,"6":0,"7":1,"8":0,"9":1,"10":0,"11":1,"12":0},"f":{"0":0,"1":0,"2":0,"3":0,"4":0,"5":0},"b":{},"meta":{"lastBranch":0,"lastFunction":6,"lastStatement":13,"seen":{"s:4:25:4:Infinity":0,"s:8:30:9:Infinity":1,"f:8:30:8:37":0,"s:9:2:9:Infinity":2,"s:14:30:15:Infinity":3,"f:14:30:14:37":1,"s:15:2:15:Infinity":4,"s:18:29:22:Infinity":5,"f:18:29:18:36":2,"s:19:2:22:Infinity":6,"s:25:29:29:Infinity":7,"f:25:29:25:36":3,"s:26:2:29:Infinity":8,"s:32:29:35:Infinity":9,"f:32:29:32:36":4,"s:33:2:35:Infinity":10,"s:38:13:38:65":11,"f:38:13:38:35":5,"s:38:35:38:65":12},"fnNames":{}}}
,"D:\\Coddle Training\\Reactjs\\Abhinav_Reactjs_Training\\College_frontend\\src\\store\\authSlice.ts": {"path":"D:\\Coddle Training\\Reactjs\\Abhinav_Reactjs_Training\\College_frontend\\src\\store\\authSlice.ts","statementMap":{"0":{"start":{"line":10,"column":32},"end":{"line":15,"column":null}},"1":{"start":{"line":17,"column":6},"end":{"line":37,"column":2}},"2":{"start":{"line":24,"column":6},"end":{"line":24,"column":null}},"3":{"start":{"line":25,"column":6},"end":{"line":25,"column":null}},"4":{"start":{"line":26,"column":6},"end":{"line":26,"column":null}},"5":{"start":{"line":27,"column":6},"end":{"line":27,"column":null}},"6":{"start":{"line":31,"column":6},"end":{"line":31,"column":null}},"7":{"start":{"line":32,"column":6},"end":{"line":32,"column":null}},"8":{"start":{"line":33,"column":6},"end":{"line":33,"column":null}},"9":{"start":{"line":34,"column":6},"end":{"line":34,"column":null}},"10":{"start":{"line":40,"column":2},"end":{"line":40,"column":null}}},"fnMap":{"0":{"name":"(anonymous_0)","decl":{"start":{"line":23,"column":4},"end":{"line":23,"column":19}},"loc":{"start":{"line":23,"column":37},"end":{"line":27,"column":null}},"line":23},"1":{"name":"(anonymous_1)","decl":{"start":{"line":30,"column":4},"end":{"line":30,"column":13}},"loc":{"start":{"line":30,"column":23},"end":{"line":34,"column":null}},"line":30}},"branchMap":{},"s":{"0":1,"1":1,"2":0,"3":0,"4":0,"5":0,"6":0,"7":0,"8":0,"9":0,"10":1},"f":{"0":0,"1":0},"b":{},"meta":{"lastBranch":0,"lastFunction":2,"lastStatement":11,"seen":{"s:10:32:15:Infinity":0,"s:17:6:37:2":1,"f:23:4:23:19":0,"s:24:6:24:Infinity":2,"s:25:6:25:Infinity":3,"s:26:6:26:Infinity":4,"s:27:6:27:Infinity":5,"f:30:4:30:13":1,"s:31:6:31:Infinity":6,"s:32:6:32:Infinity":7,"s:33:6:33:Infinity":8,"s:34:6:34:Infinity":9,"s:40:2:40:Infinity":10},"fnNames":{}}}
,"D:\\Coddle Training\\Reactjs\\Abhinav_Reactjs_Training\\College_frontend\\src\\test\\setupMocks.tsx": {"path":"D:\\Coddle Training\\Reactjs\\Abhinav_Reactjs_Training\\College_frontend\\src\\test\\setupMocks.tsx","statementMap":{"0":{"start":{"line":6,"column":0},"end":{"line":16,"column":null}},"1":{"start":{"line":7,"column":17},"end":{"line":9,"column":23}},"2":{"start":{"line":11,"column":2},"end":{"line":15,"column":null}},"3":{"start":{"line":13,"column":23},"end":{"line":13,"column":null}},"4":{"start":{"line":14,"column":21},"end":{"line":14,"column":null}},"5":{"start":{"line":18,"column":0},"end":{"line":23,"column":null}},"6":{"start":{"line":18,"column":42},"end":{"line":23,"column":3}},"7":{"start":{"line":20,"column":4},"end":{"line":20,"column":null}},"8":{"start":{"line":21,"column":4},"end":{"line":21,"column":null}},"9":{"start":{"line":21,"column":27},"end":{"line":21,"column":null}},"10":{"start":{"line":25,"column":0},"end":{"line":27,"column":null}},"11":{"start":{"line":25,"column":48},"end":{"line":27,"column":3}},"12":{"start":{"line":26,"column":17},"end":{"line":27,"column":3}},"13":{"start":{"line":29,"column":0},"end":{"line":31,"column":null}},"14":{"start":{"line":29,"column":49},"end":{"line":31,"column":3}},"15":{"start":{"line":30,"column":17},"end":{"line":31,"column":3}},"16":{"start":{"line":33,"column":0},"end":{"line":35,"column":null}},"17":{"start":{"line":33,"column":47},"end":{"line":35,"column":3}},"18":{"start":{"line":34,"column":17},"end":{"line":35,"column":3}},"19":{"start":{"line":37,"column":0},"end":{"line":41,"column":null}},"20":{"start":{"line":37,"column":49},"end":{"line":41,"column":3}},"21":{"start":{"line":39,"column":4},"end":{"line":41,"column":3}},"22":{"start":{"line":39,"column":27},"end":{"line":39,"column":39}},"23":{"start":{"line":43,"column":0},"end":{"line":52,"column":null}},"24":{"start":{"line":43,"column":49},"end":{"line":51,"column":null}},"25":{"start":{"line":45,"column":4},"end":{"line":51,"column":null}},"26":{"start":{"line":54,"column":0},"end":{"line":72,"column":null}},"27":{"start":{"line":54,"column":48},"end":{"line":72,"column":3}},"28":{"start":{"line":56,"column":4},"end":{"line":72,"column":3}},"29":{"start":{"line":59,"column":4},"end":{"line":68,"column":4}},"30":{"start":{"line":61,"column":8},"end":{"line":66,"column":8}},"31":{"start":{"line":74,"column":0},"end":{"line":92,"column":null}},"32":{"start":{"line":74,"column":50},"end":{"line":92,"column":3}},"33":{"start":{"line":76,"column":4},"end":{"line":92,"column":3}},"34":{"start":{"line":79,"column":10},"end":{"line":88,"column":10}},"35":{"start":{"line":81,"column":14},"end":{"line":86,"column":14}},"36":{"start":{"line":94,"column":0},"end":{"line":101,"column":null}},"37":{"start":{"line":94,"column":55},"end":{"line":100,"column":null}},"38":{"start":{"line":96,"column":4},"end":{"line":100,"column":null}},"39":{"start":{"line":103,"column":0},"end":{"line":110,"column":null}},"40":{"start":{"line":103,"column":33},"end":{"line":109,"column":null}},"41":{"start":{"line":112,"column":0},"end":{"line":114,"column":null}},"42":{"start":{"line":112,"column":34},"end":{"line":113,"column":null}},"43":{"start":{"line":3,"column":28},"end":{"line":3,"column":45}},"44":{"start":{"line":3,"column":41},"end":{"line":3,"column":43}},"45":{"start":{"line":4,"column":29},"end":{"line":4,"column":46}},"46":{"start":{"line":4,"column":42},"end":{"line":4,"column":44}}},"fnMap":{"0":{"name":"(anonymous_0)","decl":{"start":{"line":6,"column":28},"end":{"line":6,"column":40}},"loc":{"start":{"line":6,"column":40},"end":{"line":16,"column":null}},"line":6},"1":{"name":"(anonymous_1)","decl":{"start":{"line":13,"column":4},"end":{"line":13,"column":23}},"loc":{"start":{"line":13,"column":23},"end":{"line":13,"column":null}},"line":13},"2":{"name":"(anonymous_2)","decl":{"start":{"line":14,"column":4},"end":{"line":14,"column":21}},"loc":{"start":{"line":14,"column":21},"end":{"line":14,"column":null}},"line":14},"3":{"name":"(anonymous_3)","decl":{"start":{"line":18,"column":8},"end":{"line":18,"column":42}},"loc":{"start":{"line":18,"column":42},"end":{"line":23,"column":3}},"line":18},"4":{"name":"(anonymous_4)","decl":{"start":{"line":19,"column":2},"end":{"line":19,"column":12}},"loc":{"start":{"line":19,"column":31},"end":{"line":23,"column":3}},"line":19},"5":{"name":"(anonymous_5)","decl":{"start":{"line":21,"column":4},"end":{"line":21,"column":12}},"loc":{"start":{"line":21,"column":27},"end":{"line":21,"column":null}},"line":21},"6":{"name":"(anonymous_6)","decl":{"start":{"line":25,"column":8},"end":{"line":25,"column":48}},"loc":{"start":{"line":25,"column":48},"end":{"line":27,"column":3}},"line":25},"7":{"name":"(anonymous_7)","decl":{"start":{"line":26,"column":2},"end":{"line":26,"column":17}},"loc":{"start":{"line":26,"column":17},"end":{"line":27,"column":3}},"line":26},"8":{"name":"(anonymous_8)","decl":{"start":{"line":29,"column":8},"end":{"line":29,"column":49}},"loc":{"start":{"line":29,"column":49},"end":{"line":31,"column":3}},"line":29},"9":{"name":"(anonymous_9)","decl":{"start":{"line":30,"column":2},"end":{"line":30,"column":17}},"loc":{"start":{"line":30,"column":17},"end":{"line":31,"column":3}},"line":30},"10":{"name":"(anonymous_10)","decl":{"start":{"line":33,"column":8},"end":{"line":33,"column":47}},"loc":{"start":{"line":33,"column":47},"end":{"line":35,"column":3}},"line":33},"11":{"name":"(anonymous_11)","decl":{"start":{"line":34,"column":2},"end":{"line":34,"column":17}},"loc":{"start":{"line":34,"column":17},"end":{"line":35,"column":3}},"line":34},"12":{"name":"(anonymous_12)","decl":{"start":{"line":37,"column":8},"end":{"line":37,"column":49}},"loc":{"start":{"line":37,"column":49},"end":{"line":41,"column":3}},"line":37},"13":{"name":"(anonymous_13)","decl":{"start":{"line":38,"column":2},"end":{"line":38,"column":12}},"loc":{"start":{"line":39,"column":4},"end":{"line":41,"column":3}},"line":39},"14":{"name":"(anonymous_14)","decl":{"start":{"line":39,"column":12},"end":{"line":39,"column":27}},"loc":{"start":{"line":39,"column":27},"end":{"line":39,"column":39}},"line":39},"15":{"name":"(anonymous_15)","decl":{"start":{"line":43,"column":8},"end":{"line":43,"column":49}},"loc":{"start":{"line":43,"column":49},"end":{"line":51,"column":null}},"line":43},"16":{"name":"(anonymous_16)","decl":{"start":{"line":44,"column":2},"end":{"line":44,"column":12}},"loc":{"start":{"line":45,"column":4},"end":{"line":51,"column":null}},"line":45},"17":{"name":"(anonymous_17)","decl":{"start":{"line":54,"column":8},"end":{"line":54,"column":48}},"loc":{"start":{"line":54,"column":48},"end":{"line":72,"column":3}},"line":54},"18":{"name":"(anonymous_18)","decl":{"start":{"line":55,"column":2},"end":{"line":55,"column":12}},"loc":{"start":{"line":56,"column":4},"end":{"line":72,"column":3}},"line":56},"19":{"name":"(anonymous_19)","decl":{"start":{"line":58,"column":9},"end":{"line":58,"column":14}},"loc":{"start":{"line":59,"column":4},"end":{"line":68,"column":4}},"line":59},"20":{"name":"(anonymous_20)","decl":{"start":{"line":60,"column":15},"end":{"line":60,"column":20}},"loc":{"start":{"line":61,"column":8},"end":{"line":66,"column":8}},"line":61},"21":{"name":"(anonymous_21)","decl":{"start":{"line":74,"column":8},"end":{"line":74,"column":50}},"loc":{"start":{"line":74,"column":50},"end":{"line":92,"column":3}},"line":74},"22":{"name":"(anonymous_22)","decl":{"start":{"line":75,"column":2},"end":{"line":75,"column":12}},"loc":{"start":{"line":76,"column":4},"end":{"line":92,"column":3}},"line":76},"23":{"name":"(anonymous_23)","decl":{"start":{"line":78,"column":14},"end":{"line":78,"column":19}},"loc":{"start":{"line":79,"column":10},"end":{"line":88,"column":10}},"line":79},"24":{"name":"(anonymous_24)","decl":{"start":{"line":80,"column":21},"end":{"line":80,"column":26}},"loc":{"start":{"line":81,"column":14},"end":{"line":86,"column":14}},"line":81},"25":{"name":"(anonymous_25)","decl":{"start":{"line":94,"column":8},"end":{"line":94,"column":55}},"loc":{"start":{"line":94,"column":55},"end":{"line":100,"column":null}},"line":94},"26":{"name":"(anonymous_26)","decl":{"start":{"line":95,"column":2},"end":{"line":95,"column":12}},"loc":{"start":{"line":96,"column":4},"end":{"line":100,"column":null}},"line":96},"27":{"name":"(anonymous_27)","decl":{"start":{"line":103,"column":8},"end":{"line":103,"column":33}},"loc":{"start":{"line":103,"column":33},"end":{"line":109,"column":null}},"line":103},"28":{"name":"(anonymous_28)","decl":{"start":{"line":112,"column":8},"end":{"line":112,"column":34}},"loc":{"start":{"line":112,"column":34},"end":{"line":113,"column":null}},"line":112},"29":{"name":"(anonymous_29)","decl":{"start":{"line":3,"column":31},"end":{"line":3,"column":41}},"loc":{"start":{"line":3,"column":41},"end":{"line":3,"column":43}},"line":3},"30":{"name":"(anonymous_30)","decl":{"start":{"line":4,"column":32},"end":{"line":4,"column":42}},"loc":{"start":{"line":4,"column":42},"end":{"line":4,"column":44}},"line":4}},"branchMap":{"0":{"loc":{"start":{"line":45,"column":4},"end":{"line":51,"column":null}},"type":"cond-expr","locations":[{"start":{"line":46,"column":6},"end":{"line":51,"column":null}},{"start":{"line":51,"column":8},"end":{"line":51,"column":null}}],"line":45},"1":{"loc":{"start":{"line":49,"column":9},"end":{"line":50,"column":null}},"type":"binary-expr","locations":[{"start":{"line":49,"column":9},"end":{"line":49,"column":21}},{"start":{"line":49,"column":21},"end":{"line":50,"column":null}}],"line":49},"2":{"loc":{"start":{"line":55,"column":14},"end":{"line":55,"column":23}},"type":"default-arg","locations":[{"start":{"line":55,"column":21},"end":{"line":55,"column":23}}],"line":55},"3":{"loc":{"start":{"line":55,"column":25},"end":{"line":55,"column":null}},"type":"default-arg","locations":[{"start":{"line":55,"column":35},"end":{"line":55,"column":null}}],"line":55},"4":{"loc":{"start":{"line":62,"column":11},"end":{"line":64,"column":null}},"type":"cond-expr","locations":[{"start":{"line":63,"column":14},"end":{"line":63,"column":43}},{"start":{"line":64,"column":14},"end":{"line":64,"column":null}}],"line":62},"5":{"loc":{"start":{"line":59,"column":13},"end":{"line":59,"column":null}},"type":"binary-expr","locations":[{"start":{"line":59,"column":13},"end":{"line":59,"column":23}},{"start":{"line":59,"column":23},"end":{"line":59,"column":null}}],"line":59},"6":{"loc":{"start":{"line":75,"column":14},"end":{"line":75,"column":23}},"type":"default-arg","locations":[{"start":{"line":75,"column":21},"end":{"line":75,"column":23}}],"line":75},"7":{"loc":{"start":{"line":75,"column":25},"end":{"line":75,"column":null}},"type":"default-arg","locations":[{"start":{"line":75,"column":35},"end":{"line":75,"column":null}}],"line":75},"8":{"loc":{"start":{"line":82,"column":17},"end":{"line":84,"column":null}},"type":"cond-expr","locations":[{"start":{"line":83,"column":20},"end":{"line":83,"column":55}},{"start":{"line":84,"column":20},"end":{"line":84,"column":null}}],"line":82},"9":{"loc":{"start":{"line":96,"column":4},"end":{"line":100,"column":null}},"type":"cond-expr","locations":[{"start":{"line":97,"column":6},"end":{"line":100,"column":null}},{"start":{"line":100,"column":8},"end":{"line":100,"column":null}}],"line":96}},"s":{"0":7,"1":6,"2":6,"3":11,"4":9,"5":7,"6":0,"7":0,"8":0,"9":0,"10":7,"11":6,"12":58,"13":7,"14":6,"15":48,"16":7,"17":6,"18":48,"19":7,"20":6,"21":26,"22":8,"23":7,"24":6,"25":48,"26":7,"27":0,"28":0,"29":0,"30":0,"31":7,"32":6,"33":33,"34":26,"35":223,"36":7,"37":1,"38":20,"39":7,"40":6,"41":7,"42":1,"43":7,"44":4,"45":7,"46":9},"f":{"0":6,"1":11,"2":9,"3":0,"4":0,"5":0,"6":6,"7":58,"8":6,"9":48,"10":6,"11":48,"12":6,"13":26,"14":8,"15":6,"16":48,"17":0,"18":0,"19":0,"20":0,"21":6,"22":33,"23":26,"24":223,"25":1,"26":20,"27":6,"28":1,"29":4,"30":9},"b":{"0":[8,40],"1":[8,8],"2":[0],"3":[0],"4":[0,0],"5":[0,0],"6":[33],"7":[33],"8":[43,180],"9":[1,19]},"meta":{"lastBranch":10,"lastFunction":31,"lastStatement":47,"seen":{"s:6:0:16:Infinity":0,"f:6:28:6:40":0,"s:7:17:9:23":1,"s:11:2:15:Infinity":2,"f:13:4:13:23":1,"s:13:23:13:Infinity":3,"f:14:4:14:21":2,"s:14:21:14:Infinity":4,"s:18:0:23:Infinity":5,"f:18:8:18:42":3,"s:18:42:23:3":6,"f:19:2:19:12":4,"s:20:4:20:Infinity":7,"s:21:4:21:Infinity":8,"f:21:4:21:12":5,"s:21:27:21:Infinity":9,"s:25:0:27:Infinity":10,"f:25:8:25:48":6,"s:25:48:27:3":11,"f:26:2:26:17":7,"s:26:17:27:3":12,"s:29:0:31:Infinity":13,"f:29:8:29:49":8,"s:29:49:31:3":14,"f:30:2:30:17":9,"s:30:17:31:3":15,"s:33:0:35:Infinity":16,"f:33:8:33:47":10,"s:33:47:35:3":17,"f:34:2:34:17":11,"s:34:17:35:3":18,"s:37:0:41:Infinity":19,"f:37:8:37:49":12,"s:37:49:41:3":20,"f:38:2:38:12":13,"s:39:4:41:3":21,"f:39:12:39:27":14,"s:39:27:39:39":22,"s:43:0:52:Infinity":23,"f:43:8:43:49":15,"s:43:49:51:Infinity":24,"f:44:2:44:12":16,"s:45:4:51:Infinity":25,"b:46:6:51:Infinity:51:8:51:Infinity":0,"b:49:9:49:21:49:21:50:Infinity":1,"s:54:0:72:Infinity":26,"f:54:8:54:48":17,"s:54:48:72:3":27,"f:55:2:55:12":18,"s:56:4:72:3":28,"b:55:21:55:23":2,"b:55:35:55:Infinity":3,"f:58:9:58:14":19,"s:59:4:68:4":29,"f:60:15:60:20":20,"s:61:8:66:8":30,"b:63:14:63:43:64:14:64:Infinity":4,"b:59:13:59:23:59:23:59:Infinity":5,"s:74:0:92:Infinity":31,"f:74:8:74:50":21,"s:74:50:92:3":32,"f:75:2:75:12":22,"s:76:4:92:3":33,"b:75:21:75:23":6,"b:75:35:75:Infinity":7,"f:78:14:78:19":23,"s:79:10:88:10":34,"f:80:21:80:26":24,"s:81:14:86:14":35,"b:83:20:83:55:84:20:84:Infinity":8,"s:94:0:101:Infinity":36,"f:94:8:94:55":25,"s:94:55:100:Infinity":37,"f:95:2:95:12":26,"s:96:4:100:Infinity":38,"b:97:6:100:Infinity:100:8:100:Infinity":9,"s:103:0:110:Infinity":39,"f:103:8:103:33":27,"s:103:33:109:Infinity":40,"s:112:0:114:Infinity":41,"f:112:8:112:34":28,"s:112:34:113:Infinity":42,"s:3:28:3:45":43,"f:3:31:3:41":29,"s:3:41:3:43":44,"s:4:29:4:46":45,"f:4:32:4:42":30,"s:4:42:4:44":46},"fnNames":{}}}
,"D:\\Coddle Training\\Reactjs\\Abhinav_Reactjs_Training\\College_frontend\\src\\utils\\Jwt.ts": {"path":"D:\\Coddle Training\\Reactjs\\Abhinav_Reactjs_Training\\College_frontend\\src\\utils\\Jwt.ts","statementMap":{"0":{"start":{"line":4,"column":13},"end":{"line":13,"column":null}},"1":{"start":{"line":7,"column":2},"end":{"line":13,"column":null}},"2":{"start":{"line":8,"column":4},"end":{"line":8,"column":null}},"3":{"start":{"line":8,"column":16},"end":{"line":8,"column":null}},"4":{"start":{"line":10,"column":4},"end":{"line":10,"column":null}},"5":{"start":{"line":12,"column":4},"end":{"line":12,"column":null}},"6":{"start":{"line":13,"column":4},"end":{"line":13,"column":null}}},"fnMap":{"0":{"name":"(anonymous_0)","decl":{"start":{"line":4,"column":13},"end":{"line":4,"column":null}},"loc":{"start":{"line":6,"column":24},"end":{"line":13,"column":null}},"line":6}},"branchMap":{"0":{"loc":{"start":{"line":8,"column":4},"end":{"line":8,"column":null}},"type":"if","locations":[{"start":{"line":8,"column":4},"end":{"line":8,"column":null}},{"start":{},"end":{}}],"line":8}},"s":{"0":4,"1":11,"2":11,"3":0,"4":11,"5":7,"6":7},"f":{"0":11},"b":{"0":[0,11]},"meta":{"lastBranch":1,"lastFunction":1,"lastStatement":7,"seen":{"s:4:13:13:Infinity":0,"f:4:13:4:Infinity":0,"s:7:2:13:Infinity":1,"b:8:4:8:Infinity:undefined:undefined:undefined:undefined":0,"s:8:4:8:Infinity":2,"s:8:16:8:Infinity":3,"s:10:4:10:Infinity":4,"s:12:4:12:Infinity":5,"s:13:4:13:Infinity":6},"fnNames":{}}}
}
