{"D:\\Coddle Training\\Reactjs\\Abhinav_Reactjs_Training\\College_frontend\\src\\pages\\login\\login.tsx": {"path":"D:\\Coddle Training\\Reactjs\\Abhinav_Reactjs_Training\\College_frontend\\src\\pages\\login\\login.tsx","statementMap":{"0":{"start":{"line":2,"column":0},"end":{"line":2,"column":40}},"1":{"start":{"line":3,"column":0},"end":{"line":3,"column":51}},"2":{"start":{"line":4,"column":0},"end":{"line":4,"column":47}},"3":{"start":{"line":5,"column":0},"end":{"line":5,"column":29}},"4":{"start":{"line":8,"column":14},"end":{"line":55,"column":1}},"5":{"start":{"line":9,"column":21},"end":{"line":9,"column":34}},"6":{"start":{"line":11,"column":36},"end":{"line":14,"column":6}},"7":{"start":{"line":16,"column":30},"end":{"line":16,"column":50}},"8":{"start":{"line":18,"column":25},"end":{"line":20,"column":5}},"9":{"start":{"line":19,"column":8},"end":{"line":19,"column":68}},"10":{"start":{"line":22,"column":25},"end":{"line":33,"column":5}},"11":{"start":{"line":23,"column":8},"end":{"line":23,"column":27}},"12":{"start":{"line":24,"column":8},"end":{"line":24,"column":21}},"13":{"start":{"line":25,"column":8},"end":{"line":32,"column":9}},"14":{"start":{"line":26,"column":24},"end":{"line":26,"column":49}},"15":{"start":{"line":27,"column":12},"end":{"line":27,"column":59}},"16":{"start":{"line":28,"column":12},"end":{"line":28,"column":34}},"17":{"start":{"line":30,"column":27},"end":{"line":30,"column":99}},"18":{"start":{"line":31,"column":12},"end":{"line":31,"column":29}},"19":{"start":{"line":35,"column":4},"end":{"line":54,"column":6}},"20":{"start":{"line":57,"column":0},"end":{"line":57,"column":21}}},"fnMap":{"0":{"name":"(anonymous_0)","decl":{"start":{"line":8,"column":14},"end":{"line":8,"column":17}},"loc":{"start":{"line":8,"column":19},"end":{"line":55,"column":1}}},"1":{"name":"(anonymous_1)","decl":{"start":{"line":18,"column":25},"end":{"line":18,"column":26}},"loc":{"start":{"line":18,"column":67},"end":{"line":20,"column":5}}},"2":{"name":"(anonymous_2)","decl":{"start":{"line":22,"column":25},"end":{"line":22,"column":30}},"loc":{"start":{"line":22,"column":69},"end":{"line":33,"column":5}}}},"branchMap":{"0":{"loc":{"start":{"line":30,"column":27},"end":{"line":30,"column":99}},"type":"binary-expr","locations":[{"start":{"line":30,"column":27},"end":{"line":30,"column":54}},{"start":{"line":30,"column":58},"end":{"line":30,"column":99}}]},"1":{"loc":{"start":{"line":39,"column":13},"end":{"line":39,"column":54}},"type":"binary-expr","locations":[{"start":{"line":39,"column":13},"end":{"line":39,"column":18}},{"start":{"line":39,"column":22},"end":{"line":39,"column":54}}]}},"s":{"0":1,"1":1,"2":1,"3":1,"4":1,"5":18,"6":18,"7":18,"8":18,"9":8,"10":18,"11":3,"12":3,"13":3,"14":3,"15":1,"16":1,"17":2,"18":2,"19":18,"20":1},"f":{"0":18,"1":8,"2":3},"b":{"0":[2,1],"1":[18,2]}}
}
