TN:
SF:src\components\Breadcrumbs.tsx
FN:5,(anonymous_0)
FN:33,(anonymous_1)
FNF:2
FNH:1
FNDA:52,(anonymous_0)
FNDA:0,(anonymous_1)
DA:5,52
DA:6,52
DA:8,52
DA:10,52
DA:12,15
DA:14,15
DA:16,4
DA:20,3
DA:22,52
DA:24,1
DA:27,1
DA:28,1
DA:29,1
DA:31,0
DA:33,1
DA:34,0
DA:36,0
DA:38,0
DA:55,4
DA:56,4
DA:57,4
LF:21
LH:17
BRDA:10,0,0,37
BRDA:10,0,1,15
BRDA:14,1,0,11
BRDA:14,1,1,4
BRDA:14,2,0,1
BRDA:14,2,1,3
BRDA:22,3,0,4
BRDA:22,3,1,0
BRDA:22,4,0,4
BRDA:22,4,1,0
BRDA:22,5,0,1
BRDA:22,5,1,3
BRDA:28,6,0,1
BRDA:28,6,1,0
BRDA:44,7,0,0
BRDA:44,7,1,0
BRDA:55,8,0,1
BRDA:55,8,1,3
BRDA:55,9,0,4
BRDA:55,9,1,3
BRDA:55,9,2,3
BRDA:56,10,0,1
BRDA:56,10,1,3
BRDA:56,11,0,4
BRDA:56,11,1,3
BRF:25
BRH:20
end_of_record
TN:
SF:src\components\CommonSearch.tsx
FN:13,(anonymous_0)
FN:22,(anonymous_1)
FN:26,(anonymous_2)
FN:27,(anonymous_3)
FN:29,(anonymous_4)
FN:41,(anonymous_5)
FNF:6
FNH:5
FNDA:31,(anonymous_0)
FNDA:11,(anonymous_1)
FNDA:11,(anonymous_2)
FNDA:1,(anonymous_3)
FNDA:11,(anonymous_4)
FNDA:0,(anonymous_5)
DA:13,31
DA:16,31
DA:17,31
DA:19,31
DA:20,31
DA:22,31
DA:23,11
DA:24,31
DA:26,31
DA:27,11
DA:28,1
DA:29,11
DA:32,11
DA:33,31
DA:36,11
DA:41,11
DA:42,31
DA:45,31
LF:18
LH:18
BRDA:16,0,0,0
BRDA:16,0,1,31
BRDA:17,1,0,31
BRDA:17,1,1,0
BRDA:20,2,0,11
BRDA:20,2,1,20
BRDA:24,3,0,11
BRDA:24,3,1,20
BRDA:24,4,0,31
BRDA:24,4,1,20
BRDA:24,4,2,20
BRDA:33,5,0,11
BRDA:33,5,1,20
BRDA:42,6,0,11
BRDA:42,6,1,20
BRDA:42,7,0,31
BRDA:42,7,1,20
BRF:17
BRH:15
end_of_record
TN:
SF:src\components\ConfirmModal.tsx
FN:15,(anonymous_0)
FNF:1
FNH:1
FNDA:30,(anonymous_0)
DA:15,30
DA:23,30
DA:27,4
DA:31,4
DA:32,30
DA:33,4
DA:35,4
DA:37,4
DA:39,4
DA:44,4
DA:46,4
DA:51,4
DA:53,4
DA:57,4
LF:14
LH:14
BRDA:23,0,0,26
BRDA:23,0,1,4
BRDA:32,1,0,4
BRDA:32,1,1,0
BRDA:32,2,0,4
BRDA:32,2,1,0
BRDA:33,3,0,4
BRDA:33,3,1,0
BRDA:35,4,0,4
BRDA:35,4,1,0
BRDA:44,5,0,4
BRDA:44,5,1,0
BRDA:51,6,0,4
BRDA:51,6,1,0
BRDA:51,7,0,4
BRDA:51,7,1,0
BRDA:53,8,0,4
BRDA:53,8,1,0
BRDA:53,9,0,4
BRDA:53,9,1,0
BRDA:53,9,2,0
BRF:21
BRH:11
end_of_record
TN:
SF:src\components\Courseform.tsx
FN:26,(anonymous_0)
FN:26,_temp
FNF:2
FNH:2
FNDA:8,(anonymous_0)
FNDA:2,_temp
DA:26,8
DA:35,8
DA:37,7
DA:39,8
DA:41,5
DA:42,8
DA:44,4
DA:51,8
DA:53,3
DA:57,8
DA:58,8
DA:60,7
DA:61,6
DA:63,6
DA:70,2
DA:71,8
DA:73,8
DA:74,8
DA:76,4
DA:78,8
DA:79,8
DA:81,3
DA:85,8
DA:86,8
DA:88,2
DA:90,8
DA:92,8
LF:27
LH:27
BRDA:35,0,0,2
BRDA:35,0,1,6
BRDA:39,1,0,2
BRDA:39,1,1,6
BRDA:42,2,0,4
BRDA:42,2,1,4
BRDA:42,3,0,8
BRDA:42,3,1,5
BRDA:51,4,0,3
BRDA:51,4,1,5
BRDA:53,5,0,3
BRDA:53,5,1,1
BRDA:57,6,0,5
BRDA:57,6,1,3
BRDA:57,7,0,8
BRDA:57,7,1,4
BRDA:58,8,0,2
BRDA:58,8,1,6
BRDA:71,9,0,0
BRDA:71,9,1,8
BRDA:73,10,0,2
BRDA:73,10,1,6
BRDA:74,11,0,4
BRDA:74,11,1,4
BRDA:78,12,0,6
BRDA:78,12,1,2
BRDA:78,13,0,8
BRDA:78,13,1,5
BRDA:78,13,2,4
BRDA:78,13,3,4
BRDA:78,13,4,4
BRDA:79,14,0,3
BRDA:79,14,1,5
BRDA:81,15,0,3
BRDA:81,15,1,1
BRDA:85,16,0,7
BRDA:85,16,1,1
BRDA:85,17,0,8
BRDA:85,17,1,2
BRDA:86,18,0,2
BRDA:86,18,1,6
BRDA:90,19,0,7
BRDA:90,19,1,1
BRDA:90,20,0,8
BRDA:90,20,1,4
BRDA:90,20,2,4
BRDA:90,20,3,1
BRDA:90,20,4,1
BRF:48
BRH:47
end_of_record
TN:
SF:src\components\DeleteButton.tsx
FN:8,(anonymous_0)
FN:15,(anonymous_1)
FNF:2
FNH:2
FNDA:9,(anonymous_0)
FNDA:4,(anonymous_1)
DA:8,9
DA:11,9
DA:13,9
DA:16,4
DA:17,4
DA:19,0
DA:26,9
LF:7
LH:6
BRDA:11,0,0,9
BRDA:11,0,1,0
BRDA:11,1,0,9
BRDA:11,1,1,1
BRDA:16,2,0,4
BRDA:16,2,1,0
BRF:6
BRH:4
end_of_record
TN:
SF:src\components\DepartmentForm.tsx
FN:23,(anonymous_0)
FNF:1
FNH:1
FNDA:25,(anonymous_0)
DA:23,25
DA:30,25
DA:32,25
DA:34,25
DA:35,25
DA:36,25
DA:37,20
DA:39,25
DA:44,25
DA:46,25
DA:48,25
DA:49,25
DA:51,25
DA:52,20
DA:54,25
DA:57,25
DA:60,5
DA:62,5
DA:64,5
DA:66,25
DA:67,25
DA:68,25
DA:69,25
DA:71,25
DA:72,20
DA:74,25
DA:79,25
DA:81,25
DA:82,7
DA:84,25
DA:85,25
DA:87,25
DA:88,20
DA:90,25
DA:95,25
DA:97,25
DA:98,6
DA:100,25
DA:101,25
DA:103,5
DA:105,25
DA:107,25
LF:42
LH:42
BRDA:30,0,0,5
BRDA:30,0,1,20
BRDA:34,1,0,5
BRDA:34,1,1,20
BRDA:35,2,0,5
BRDA:35,2,1,20
BRDA:44,3,0,25
BRDA:44,3,1,6
BRDA:44,4,0,25
BRDA:44,4,1,0
BRDA:44,5,0,25
BRDA:44,5,1,0
BRDA:46,6,0,7
BRDA:46,6,1,18
BRDA:48,7,0,7
BRDA:48,7,1,2
BRDA:48,8,0,25
BRDA:48,8,1,0
BRDA:48,9,0,25
BRDA:48,9,1,0
BRDA:49,10,0,5
BRDA:49,10,1,20
BRDA:57,11,0,25
BRDA:57,11,1,13
BRDA:57,12,0,5
BRDA:57,12,1,20
BRDA:66,13,0,25
BRDA:66,13,1,0
BRDA:66,14,0,25
BRDA:66,14,1,0
BRDA:67,15,0,7
BRDA:67,15,1,18
BRDA:68,16,0,7
BRDA:68,16,1,2
BRDA:68,17,0,25
BRDA:68,17,1,0
BRDA:68,18,0,25
BRDA:68,18,1,0
BRDA:69,19,0,5
BRDA:69,19,1,20
BRDA:79,20,0,25
BRDA:79,20,1,16
BRDA:79,21,0,25
BRDA:79,21,1,0
BRDA:79,22,0,25
BRDA:79,22,1,0
BRDA:81,23,0,7
BRDA:81,23,1,18
BRDA:82,24,0,7
BRDA:82,24,1,2
BRDA:84,25,0,25
BRDA:84,25,1,0
BRDA:84,26,0,25
BRDA:84,26,1,0
BRDA:85,27,0,5
BRDA:85,27,1,20
BRDA:95,28,0,25
BRDA:95,28,1,0
BRDA:95,29,0,25
BRDA:95,29,1,0
BRDA:95,30,0,25
BRDA:95,30,1,0
BRDA:97,31,0,6
BRDA:97,31,1,19
BRDA:98,32,0,6
BRDA:98,32,1,1
BRDA:100,33,0,25
BRDA:100,33,1,0
BRDA:100,34,0,25
BRDA:100,34,1,0
BRDA:101,35,0,5
BRDA:101,35,1,20
BRDA:105,36,0,25
BRDA:105,36,1,0
BRDA:105,37,0,25
BRDA:105,37,1,0
BRDA:105,37,2,0
BRDA:105,37,3,0
BRDA:105,37,4,0
BRDA:105,37,5,0
BRDA:105,37,6,0
BRF:81
BRH:57
end_of_record
TN:
SF:src\components\Examform.tsx
FN:26,(anonymous_0)
FN:26,_temp
FNF:2
FNH:2
FNDA:34,(anonymous_0)
FNDA:6,_temp
DA:26,34
DA:35,34
DA:37,34
DA:39,34
DA:40,34
DA:41,27
DA:47,34
DA:48,34
DA:49,34
DA:50,27
DA:56,8
DA:57,8
DA:58,8
DA:59,8
DA:60,34
DA:61,34
DA:63,8
DA:65,34
DA:66,34
DA:67,27
DA:73,34
DA:74,34
DA:76,34
DA:77,27
DA:83,34
DA:84,34
DA:85,34
DA:86,27
DA:92,34
DA:94,8
DA:96,34
DA:97,26
DA:98,34
DA:101,34
DA:104,15
DA:105,34
DA:106,34
DA:108,14
DA:112,34
DA:113,34
DA:114,34
DA:116,34
DA:118,34
LF:43
LH:43
BRDA:35,0,0,8
BRDA:35,0,1,26
BRDA:39,1,0,8
BRDA:39,1,1,26
BRDA:40,2,0,27
BRDA:40,2,1,7
BRDA:40,3,0,34
BRDA:40,3,1,23
BRDA:47,4,0,11
BRDA:47,4,1,23
BRDA:48,5,0,11
BRDA:48,5,1,3
BRDA:48,6,0,8
BRDA:48,6,1,26
BRDA:49,7,0,8
BRDA:49,7,1,26
BRDA:60,8,0,27
BRDA:60,8,1,7
BRDA:60,9,0,34
BRDA:60,9,1,24
BRDA:61,10,0,8
BRDA:61,10,1,26
BRDA:63,11,0,8
BRDA:63,11,1,0
BRDA:65,12,0,8
BRDA:65,12,1,26
BRDA:66,13,0,27
BRDA:66,13,1,7
BRDA:66,14,0,34
BRDA:66,14,1,24
BRDA:73,15,0,11
BRDA:73,15,1,23
BRDA:74,16,0,11
BRDA:74,16,1,3
BRDA:74,17,0,8
BRDA:74,17,1,26
BRDA:76,18,0,27
BRDA:76,18,1,7
BRDA:76,19,0,34
BRDA:76,19,1,23
BRDA:83,20,0,11
BRDA:83,20,1,23
BRDA:84,21,0,11
BRDA:84,21,1,3
BRDA:84,22,0,8
BRDA:84,22,1,26
BRDA:85,23,0,27
BRDA:85,23,1,7
BRDA:85,24,0,34
BRDA:85,24,1,24
BRDA:92,25,0,8
BRDA:92,25,1,26
BRDA:94,26,0,8
BRDA:94,26,1,0
BRDA:96,27,0,8
BRDA:96,27,1,26
BRDA:105,28,0,13
BRDA:105,28,1,21
BRDA:105,29,0,15
BRDA:105,29,1,19
BRDA:106,30,0,14
BRDA:106,30,1,20
BRDA:112,31,0,34
BRDA:112,31,1,0
BRDA:112,32,0,34
BRDA:112,32,1,24
BRDA:112,32,2,7
BRDA:112,32,3,0
BRDA:113,33,0,11
BRDA:113,33,1,23
BRDA:114,34,0,11
BRDA:114,34,1,3
BRDA:114,35,0,8
BRDA:114,35,1,26
BRDA:116,36,0,34
BRDA:116,36,1,0
BRDA:116,37,0,34
BRDA:116,37,1,12
BRDA:116,37,2,12
BRDA:116,37,3,7
BRDA:116,37,4,7
BRDA:116,37,5,7
BRDA:116,37,6,7
BRDA:116,37,7,7
BRDA:116,37,8,7
BRDA:116,37,9,7
BRDA:116,37,10,7
BRDA:116,37,11,0
BRDA:116,37,12,0
BRDA:116,37,13,0
BRDA:116,37,14,0
BRF:91
BRH:82
end_of_record
TN:
SF:src\components\MarkForm.tsx
FN:31,(anonymous_0)
FN:165,(anonymous_1)
FN:31,_temp
FNF:3
FNH:2
FNDA:19,(anonymous_0)
FNDA:0,(anonymous_1)
FNDA:6,_temp
DA:31,19
DA:42,19
DA:45,18
DA:47,19
DA:48,4
DA:49,19
DA:50,19
DA:51,19
DA:53,18
DA:54,10
DA:55,15
DA:56,9
DA:59,19
DA:62,19
DA:64,7
DA:68,19
DA:69,19
DA:71,5
DA:73,19
DA:74,19
DA:76,10
DA:77,15
DA:79,9
DA:82,19
DA:85,19
DA:87,7
DA:91,19
DA:92,19
DA:94,5
DA:96,19
DA:97,19
DA:99,10
DA:100,15
DA:102,9
DA:105,19
DA:108,19
DA:110,7
DA:114,19
DA:115,19
DA:117,5
DA:119,19
DA:120,19
DA:122,8
DA:123,15
DA:125,6
DA:130,19
DA:133,19
DA:135,6
DA:137,19
DA:138,19
DA:140,7
DA:141,19
DA:143,6
DA:150,19
DA:152,5
DA:154,19
DA:155,19
DA:157,5
DA:158,4
DA:160,19
DA:162,5
DA:165,0
DA:168,19
DA:169,19
DA:170,19
DA:172,19
LF:66
LH:65
BRDA:42,0,0,4
BRDA:42,0,1,15
BRDA:47,1,0,4
BRDA:47,1,1,15
BRDA:49,2,0,4
BRDA:49,2,1,15
BRDA:50,3,0,4
BRDA:50,3,1,15
BRDA:51,4,0,4
BRDA:51,4,1,15
BRDA:59,5,0,19
BRDA:59,5,1,8
BRDA:59,6,0,4
BRDA:59,6,1,15
BRDA:62,7,0,7
BRDA:62,7,1,12
BRDA:68,8,0,9
BRDA:68,8,1,10
BRDA:68,9,0,19
BRDA:68,9,1,15
BRDA:68,9,2,13
BRDA:69,10,0,5
BRDA:69,10,1,14
BRDA:71,11,0,5
BRDA:71,11,1,1
BRDA:73,12,0,10
BRDA:73,12,1,9
BRDA:73,13,0,19
BRDA:73,13,1,14
BRDA:74,14,0,4
BRDA:74,14,1,15
BRDA:82,15,0,19
BRDA:82,15,1,10
BRDA:82,16,0,4
BRDA:82,16,1,15
BRDA:85,17,0,7
BRDA:85,17,1,12
BRDA:91,18,0,9
BRDA:91,18,1,10
BRDA:91,19,0,19
BRDA:91,19,1,15
BRDA:91,19,2,13
BRDA:92,20,0,5
BRDA:92,20,1,14
BRDA:94,21,0,5
BRDA:94,21,1,1
BRDA:96,22,0,10
BRDA:96,22,1,9
BRDA:96,23,0,19
BRDA:96,23,1,10
BRDA:97,24,0,4
BRDA:97,24,1,15
BRDA:105,25,0,19
BRDA:105,25,1,12
BRDA:105,26,0,4
BRDA:105,26,1,15
BRDA:108,27,0,7
BRDA:108,27,1,12
BRDA:114,28,0,9
BRDA:114,28,1,10
BRDA:114,29,0,19
BRDA:114,29,1,15
BRDA:114,29,2,13
BRDA:115,30,0,5
BRDA:115,30,1,14
BRDA:117,31,0,5
BRDA:117,31,1,1
BRDA:119,32,0,10
BRDA:119,32,1,9
BRDA:119,33,0,19
BRDA:119,33,1,10
BRDA:120,34,0,4
BRDA:120,34,1,15
BRDA:130,35,0,19
BRDA:130,35,1,14
BRDA:130,36,0,6
BRDA:130,36,1,13
BRDA:130,37,0,19
BRDA:130,37,1,15
BRDA:133,38,0,6
BRDA:133,38,1,13
BRDA:135,39,0,6
BRDA:135,39,1,2
BRDA:137,40,0,8
BRDA:137,40,1,11
BRDA:137,41,0,19
BRDA:137,41,1,13
BRDA:138,42,0,4
BRDA:138,42,1,15
BRDA:141,43,0,6
BRDA:141,43,1,13
BRDA:150,44,0,5
BRDA:150,44,1,14
BRDA:152,45,0,5
BRDA:152,45,1,1
BRDA:154,46,0,7
BRDA:154,46,1,12
BRDA:154,47,0,19
BRDA:154,47,1,13
BRDA:155,48,0,4
BRDA:155,48,1,15
BRDA:160,49,0,5
BRDA:160,49,1,14
BRDA:168,50,0,5
BRDA:168,50,1,14
BRDA:168,51,0,19
BRDA:168,51,1,15
BRDA:169,52,0,18
BRDA:169,52,1,1
BRDA:169,53,0,19
BRDA:169,53,1,3
BRDA:169,53,2,2
BRDA:169,53,3,2
BRDA:169,53,4,2
BRDA:169,53,5,1
BRDA:169,53,6,1
BRDA:170,54,0,18
BRDA:170,54,1,1
BRDA:170,55,0,19
BRDA:170,55,1,1
BRF:120
BRH:120
end_of_record
TN:
SF:src\components\Pagination.tsx
FN:12,(anonymous_0)
FN:28,(anonymous_1)
FN:38,(anonymous_2)
FN:42,(anonymous_3)
FN:46,(anonymous_4)
FN:54,(anonymous_5)
FNF:6
FNH:2
FNDA:30,(anonymous_0)
FNDA:0,(anonymous_1)
FNDA:0,(anonymous_2)
FNDA:11,(anonymous_3)
FNDA:0,(anonymous_4)
FNDA:0,(anonymous_5)
DA:12,30
DA:15,30
DA:21,30
DA:22,30
DA:24,30
DA:25,30
DA:28,30
DA:30,11
DA:31,11
DA:32,11
DA:33,11
DA:34,30
DA:36,0
DA:38,30
DA:40,30
DA:42,11
DA:43,11
DA:46,0
DA:50,19
DA:52,11
DA:53,30
DA:54,30
DA:57,30
DA:58,30
DA:59,30
LF:25
LH:23
BRDA:15,0,0,0
BRDA:15,0,1,30
BRDA:15,1,0,19
BRDA:15,1,1,11
BRDA:22,2,0,30
BRDA:22,2,1,0
BRDA:28,3,0,11
BRDA:28,3,1,19
BRDA:34,4,0,30
BRDA:34,4,1,0
BRDA:34,5,0,30
BRDA:34,5,1,19
BRDA:38,6,0,11
BRDA:38,6,1,19
BRDA:38,7,0,30
BRDA:38,7,1,19
BRDA:38,8,0,11
BRDA:38,8,1,19
BRDA:38,9,0,30
BRDA:38,9,1,19
BRDA:40,10,0,11
BRDA:40,10,1,19
BRDA:40,11,0,30
BRDA:40,11,1,19
BRDA:40,11,2,19
BRDA:40,12,0,11
BRDA:40,12,1,0
BRDA:40,13,0,11
BRDA:40,13,1,0
BRDA:45,14,0,11
BRDA:45,14,1,0
BRDA:53,15,0,11
BRDA:53,15,1,19
BRDA:53,16,0,30
BRDA:53,16,1,19
BRDA:54,17,0,11
BRDA:54,17,1,19
BRDA:54,18,0,30
BRDA:54,18,1,19
BRDA:57,19,0,30
BRDA:57,19,1,0
BRDA:57,20,0,30
BRDA:57,20,1,19
BRDA:57,20,2,19
BRDA:57,20,3,19
BRDA:58,21,0,30
BRDA:58,21,1,0
BRDA:58,22,0,30
BRDA:58,22,1,0
BRF:49
BRH:40
end_of_record
TN:
SF:src\components\SubjectForm.tsx
FN:29,(anonymous_0)
FN:29,_temp
FNF:2
FNH:2
FNDA:14,(anonymous_0)
FNDA:3,_temp
DA:29,14
DA:37,14
DA:39,14
DA:40,14
DA:46,14
DA:49,14
DA:51,4
DA:53,14
DA:64,14
DA:67,14
DA:69,4
DA:71,14
DA:80,4
DA:84,4
DA:88,4
DA:92,4
DA:94,14
DA:97,14
DA:100,14
DA:102,4
DA:104,10
DA:109,14
DA:115,8
DA:116,14
DA:118,14
DA:119,14
DA:121,7
DA:128,14
DA:131,14
DA:134,4
DA:139,14
DA:143,14
LF:32
LH:32
BRDA:37,0,0,4
BRDA:37,0,1,10
BRDA:40,1,0,4
BRDA:40,1,1,10
BRDA:46,2,0,4
BRDA:46,2,1,10
BRDA:53,3,0,14
BRDA:53,3,1,0
BRDA:53,4,0,14
BRDA:53,4,1,8
BRDA:64,5,0,4
BRDA:64,5,1,10
BRDA:71,6,0,4
BRDA:71,6,1,10
BRDA:94,7,0,14
BRDA:94,7,1,0
BRDA:94,8,0,14
BRDA:94,8,1,8
BRDA:97,9,0,4
BRDA:97,9,1,10
BRDA:109,10,0,14
BRDA:109,10,1,12
BRDA:116,11,0,7
BRDA:116,11,1,7
BRDA:118,12,0,8
BRDA:118,12,1,6
BRDA:119,13,0,7
BRDA:119,13,1,7
BRDA:128,14,0,14
BRDA:128,14,1,0
BRDA:128,15,0,14
BRDA:128,15,1,0
BRDA:128,15,2,0
BRDA:128,15,3,0
BRDA:128,15,4,0
BRDA:131,16,0,4
BRDA:131,16,1,10
BRDA:139,17,0,14
BRDA:139,17,1,0
BRDA:139,18,0,14
BRDA:139,18,1,0
BRDA:139,18,2,0
BRDA:139,18,3,0
BRDA:139,18,4,0
BRDA:139,18,5,0
BRF:45
BRH:32
end_of_record
TN:
SF:src\components\ViewComponent.tsx
FN:17,(anonymous_0)
FN:35,(anonymous_1)
FN:37,(anonymous_2)
FN:17,_temp
FNF:4
FNH:4
FNDA:18,(anonymous_0)
FNDA:9,(anonymous_1)
FNDA:72,(anonymous_2)
FNDA:96,_temp
DA:17,96
DA:21,18
DA:23,12
DA:24,12
DA:26,18
DA:30,18
DA:32,18
DA:34,12
DA:35,18
DA:36,9
DA:38,72
DA:45,18
DA:46,18
DA:47,18
LF:14
LH:14
BRDA:21,0,0,12
BRDA:21,0,1,6
BRDA:26,1,0,12
BRDA:26,1,1,0
BRDA:26,2,0,12
BRDA:26,2,1,6
BRDA:30,3,0,12
BRDA:30,3,1,6
BRDA:32,4,0,11
BRDA:32,4,1,7
BRDA:35,5,0,11
BRDA:35,5,1,0
BRDA:35,6,0,12
BRDA:35,6,1,6
BRDA:35,7,0,18
BRDA:35,7,1,6
BRDA:35,7,2,6
BRDA:35,8,0,12
BRDA:35,8,1,0
BRDA:35,9,0,12
BRDA:35,9,1,0
BRDA:39,10,0,15
BRDA:39,10,1,57
BRDA:41,11,0,57
BRDA:41,11,1,30
BRDA:45,12,0,12
BRDA:45,12,1,6
BRDA:46,13,0,12
BRDA:46,13,1,6
BRDA:46,14,0,18
BRDA:46,14,1,6
BRF:31
BRH:27
end_of_record
TN:
SF:src\pages\Login.tsx
FN:11,(anonymous_0)
FN:23,(anonymous_1)
FN:24,(anonymous_2)
FN:30,(anonymous_3)
FNF:4
FNH:4
FNDA:15,(anonymous_0)
FNDA:6,(anonymous_1)
FNDA:6,(anonymous_2)
FNDA:3,(anonymous_3)
DA:11,1
DA:12,15
DA:13,15
DA:15,15
DA:19,15
DA:21,15
DA:23,15
DA:24,6
DA:30,15
DA:31,3
DA:32,3
DA:33,3
DA:35,3
DA:36,3
DA:37,3
DA:38,2
DA:39,2
DA:41,2
DA:42,2
DA:44,2
DA:49,2
DA:54,2
DA:56,2
DA:57,2
DA:58,2
DA:61,0
DA:69,0
DA:71,0
DA:74,0
DA:77,0
DA:78,0
DA:81,0
DA:82,0
DA:85,0
DA:89,1
DA:91,1
DA:93,3
DA:97,15
LF:38
LH:29
BRDA:32,0,0,0
BRDA:32,0,1,3
BRDA:56,1,0,2
BRDA:56,1,1,0
BRDA:69,2,0,0
BRDA:69,2,1,0
BRDA:69,2,2,0
BRDA:69,2,3,0
BRDA:89,3,0,1
BRDA:89,3,1,0
BRDA:102,4,0,15
BRDA:102,4,1,3
BRF:12
BRH:5
end_of_record
TN:
SF:src\pages\Notfound.tsx
FN:5,(anonymous_0)
FNF:1
FNH:1
FNDA:5,(anonymous_0)
DA:5,5
DA:6,5
DA:8,5
DA:9,5
DA:10,3
DA:12,3
DA:13,1
DA:14,2
DA:15,1
DA:16,1
DA:17,1
DA:19,5
DA:22,5
DA:26,5
LF:14
LH:14
BRDA:9,0,0,3
BRDA:9,0,1,2
BRDA:12,1,0,1
BRDA:12,1,1,2
BRDA:14,2,0,1
BRDA:14,2,1,1
BRDA:16,3,0,1
BRDA:16,3,1,0
BRDA:19,4,0,5
BRDA:19,4,1,0
BRF:10
BRH:8
end_of_record
TN:
SF:src\pages\RegisterUser.tsx
FN:13,(anonymous_0)
FN:62,(anonymous_1)
FN:68,(anonymous_2)
FN:76,(anonymous_3)
FN:84,(anonymous_4)
FN:92,(anonymous_5)
FN:106,(anonymous_6)
FN:123,(anonymous_7)
FN:126,(anonymous_8)
FN:129,(anonymous_9)
FN:135,(anonymous_10)
FN:136,(anonymous_11)
FN:148,(anonymous_12)
FN:149,(anonymous_13)
FN:159,(anonymous_14)
FNF:15
FNH:15
FNDA:30,(anonymous_0)
FNDA:5,(anonymous_1)
FNDA:5,(anonymous_2)
FNDA:5,(anonymous_3)
FNDA:5,(anonymous_4)
FNDA:5,(anonymous_5)
FNDA:5,(anonymous_6)
FNDA:45,(anonymous_7)
FNDA:10,(anonymous_8)
FNDA:10,(anonymous_9)
FNDA:8,(anonymous_10)
FNDA:8,(anonymous_11)
FNDA:4,(anonymous_12)
FNDA:4,(anonymous_13)
FNDA:3,(anonymous_14)
DA:13,1
DA:14,30
DA:16,30
DA:17,30
DA:19,30
DA:20,30
DA:22,30
DA:24,30
DA:25,30
DA:26,30
DA:46,30
DA:60,30
DA:62,30
DA:63,5
DA:64,4
DA:65,4
DA:68,30
DA:69,5
DA:70,4
DA:71,0
DA:73,4
DA:76,30
DA:77,5
DA:78,4
DA:79,0
DA:81,4
DA:84,30
DA:85,5
DA:86,4
DA:87,0
DA:89,4
DA:92,30
DA:93,5
DA:95,4
DA:100,0
DA:103,4
DA:106,30
DA:107,5
DA:121,5
DA:123,45
DA:126,30
DA:129,10
DA:135,30
DA:136,8
DA:148,30
DA:149,4
DA:159,30
DA:160,3
DA:162,3
DA:163,1
DA:164,1
DA:166,2
DA:168,2
DA:170,2
DA:171,2
DA:202,3
DA:204,2
DA:206,3
DA:208,0
DA:210,0
DA:212,2
DA:216,30
LF:62
LH:56
BRDA:17,0,0,16
BRDA:17,0,1,14
BRDA:19,1,0,16
BRDA:19,1,1,14
BRDA:20,2,0,16
BRDA:20,2,1,14
BRDA:22,3,0,16
BRDA:22,3,1,14
BRDA:24,4,0,16
BRDA:24,4,1,14
BRDA:63,5,0,1
BRDA:63,5,1,4
BRDA:64,6,0,0
BRDA:64,6,1,4
BRDA:69,7,0,1
BRDA:69,7,1,4
BRDA:70,8,0,0
BRDA:70,8,1,4
BRDA:77,9,0,1
BRDA:77,9,1,4
BRDA:78,10,0,0
BRDA:78,10,1,4
BRDA:85,11,0,1
BRDA:85,11,1,4
BRDA:86,12,0,0
BRDA:86,12,1,4
BRDA:93,13,0,1
BRDA:93,13,1,4
BRDA:95,14,0,0
BRDA:95,14,1,4
BRDA:111,15,0,4
BRDA:111,15,1,1
BRDA:112,16,0,4
BRDA:112,16,1,1
BRDA:113,17,0,4
BRDA:113,17,1,1
BRDA:114,18,0,4
BRDA:114,18,1,1
BRDA:115,19,0,4
BRDA:115,19,1,1
BRDA:117,20,0,4
BRDA:117,20,1,1
BRDA:143,21,0,2
BRDA:143,21,1,6
BRDA:162,22,0,1
BRDA:162,22,1,2
BRDA:177,23,0,1
BRDA:177,23,1,1
BRDA:204,24,0,2
BRDA:204,24,1,0
BRDA:210,25,0,0
BRDA:210,25,1,0
BRF:52
BRH:44
end_of_record
TN:
SF:src\pages\admin\ActivityLog.tsx
FN:6,(anonymous_0)
FN:9,(anonymous_1)
FN:10,(anonymous_2)
FN:6,_temp
FNF:4
FNH:4
FNDA:4,(anonymous_0)
FNDA:2,(anonymous_1)
FNDA:2,(anonymous_2)
FNDA:1,_temp
DA:6,4
DA:7,4
DA:9,4
DA:10,2
DA:11,2
DA:12,2
DA:13,2
DA:14,0
DA:15,0
DA:18,2
DA:19,4
DA:22,4
DA:23,2
DA:26,4
DA:30,2
DA:36,4
DA:40,4
DA:41,1
DA:54,4
DA:58,4
LF:20
LH:18
BRDA:6,0,0,2
BRDA:6,0,1,2
BRDA:7,1,0,2
BRDA:7,1,1,2
BRDA:19,2,0,2
BRDA:19,2,1,2
BRDA:26,3,0,2
BRDA:26,3,1,2
BRDA:36,4,0,4
BRDA:36,4,1,0
BRDA:54,5,0,4
BRDA:54,5,1,0
BRF:12
BRH:10
end_of_record
TN:
SF:src\pages\admin\CourseManagement.tsx
FN:15,(anonymous_0)
FN:30,(anonymous_1)
FN:31,(anonymous_2)
FN:51,(anonymous_3)
FN:57,(anonymous_4)
FN:63,(anonymous_5)
FN:63,(anonymous_6)
FN:73,(anonymous_7)
FN:89,(anonymous_8)
FN:143,(anonymous_9)
FN:155,(anonymous_10)
FNF:11
FNH:9
FNDA:6,(anonymous_0)
FNDA:2,(anonymous_1)
FNDA:2,(anonymous_2)
FNDA:1,(anonymous_3)
FNDA:1,(anonymous_4)
FNDA:1,(anonymous_5)
FNDA:1,(anonymous_6)
FNDA:2,(anonymous_7)
FNDA:3,(anonymous_8)
FNDA:0,(anonymous_9)
FNDA:0,(anonymous_10)
DA:15,1
DA:16,6
DA:18,6
DA:20,6
DA:22,6
DA:24,6
DA:25,6
DA:26,6
DA:27,6
DA:28,6
DA:30,6
DA:31,2
DA:32,2
DA:33,2
DA:35,2
DA:36,2
DA:38,2
DA:39,2
DA:41,0
DA:44,2
DA:48,2
DA:51,6
DA:52,1
DA:54,1
DA:57,6
DA:58,1
DA:60,1
DA:61,1
DA:63,1
DA:65,0
DA:67,1
DA:69,1
DA:73,6
DA:90,3
DA:107,6
DA:144,0
DA:145,0
DA:156,0
DA:158,0
LF:39
LH:33
BRDA:58,0,0,0
BRDA:58,0,1,1
BRDA:130,1,0,2
BRDA:130,1,1,4
BRF:4
BRH:3
end_of_record
TN:
SF:src\pages\admin\DepartmentManagement.tsx
FN:15,(anonymous_0)
FN:29,(anonymous_1)
FN:30,(anonymous_2)
FN:48,(anonymous_3)
FN:53,(anonymous_4)
FN:60,(anonymous_5)
FN:61,(anonymous_6)
FN:105,(anonymous_7)
FN:151,(anonymous_8)
FN:163,(anonymous_9)
FNF:10
FNH:8
FNDA:6,(anonymous_0)
FNDA:2,(anonymous_1)
FNDA:2,(anonymous_2)
FNDA:1,(anonymous_3)
FNDA:1,(anonymous_4)
FNDA:1,(anonymous_5)
FNDA:1,(anonymous_6)
FNDA:3,(anonymous_7)
FNDA:0,(anonymous_8)
FNDA:0,(anonymous_9)
DA:15,1
DA:16,6
DA:17,6
DA:19,6
DA:21,6
DA:23,6
DA:24,6
DA:25,6
DA:26,6
DA:27,6
DA:29,6
DA:30,2
DA:31,2
DA:32,2
DA:33,2
DA:34,2
DA:35,2
DA:37,2
DA:39,0
DA:41,2
DA:45,2
DA:48,6
DA:49,1
DA:50,1
DA:53,6
DA:54,1
DA:56,1
DA:57,1
DA:58,1
DA:60,1
DA:61,1
DA:62,1
DA:66,0
DA:68,1
DA:69,1
DA:73,6
DA:74,2
DA:81,4
DA:106,3
DA:120,4
DA:152,0
DA:153,0
DA:164,0
DA:165,0
LF:44
LH:38
BRDA:54,0,0,0
BRDA:54,0,1,1
BRDA:73,1,0,2
BRDA:73,1,1,4
BRF:4
BRH:3
end_of_record
TN:
SF:src\pages\admin\ExamManagement.tsx
FN:18,(anonymous_0)
FN:32,(anonymous_1)
FN:33,(anonymous_2)
FN:50,(anonymous_3)
FN:55,(anonymous_4)
FN:60,(anonymous_5)
FN:61,(anonymous_6)
FN:74,(anonymous_7)
FN:90,(anonymous_8)
FN:108,(anonymous_9)
FN:156,(anonymous_10)
FN:168,(anonymous_11)
FNF:12
FNH:10
FNDA:6,(anonymous_0)
FNDA:2,(anonymous_1)
FNDA:2,(anonymous_2)
FNDA:1,(anonymous_3)
FNDA:1,(anonymous_4)
FNDA:1,(anonymous_5)
FNDA:1,(anonymous_6)
FNDA:2,(anonymous_7)
FNDA:3,(anonymous_8)
FNDA:3,(anonymous_9)
FNDA:0,(anonymous_10)
FNDA:0,(anonymous_11)
DA:18,1
DA:19,6
DA:21,6
DA:23,6
DA:25,6
DA:26,6
DA:27,6
DA:28,6
DA:29,6
DA:30,6
DA:32,6
DA:33,2
DA:34,2
DA:35,2
DA:37,2
DA:38,2
DA:39,2
DA:41,0
DA:43,2
DA:47,2
DA:50,6
DA:51,1
DA:52,1
DA:55,6
DA:56,1
DA:57,1
DA:58,1
DA:59,1
DA:60,1
DA:61,1
DA:62,1
DA:65,1
DA:67,0
DA:69,1
DA:70,1
DA:74,6
DA:91,3
DA:109,3
DA:120,6
DA:157,0
DA:158,0
DA:169,0
DA:171,0
LF:43
LH:37
BRDA:56,0,0,0
BRDA:56,0,1,1
BRDA:91,1,0,0
BRDA:91,1,1,3
BRDA:144,2,0,2
BRDA:144,2,1,4
BRF:6
BRH:4
end_of_record
TN:
SF:src\pages\admin\StaffManagement.tsx
FN:18,(anonymous_0)
FN:34,(anonymous_1)
FN:35,(anonymous_2)
FN:53,(anonymous_3)
FN:59,(anonymous_4)
FN:67,(anonymous_5)
FN:82,(anonymous_6)
FN:102,(anonymous_7)
FN:128,(anonymous_8)
FN:183,(anonymous_9)
FN:196,(anonymous_10)
FNF:11
FNH:9
FNDA:6,(anonymous_0)
FNDA:2,(anonymous_1)
FNDA:2,(anonymous_2)
FNDA:1,(anonymous_3)
FNDA:1,(anonymous_4)
FNDA:1,(anonymous_5)
FNDA:2,(anonymous_6)
FNDA:3,(anonymous_7)
FNDA:3,(anonymous_8)
FNDA:0,(anonymous_9)
FNDA:0,(anonymous_10)
DA:18,1
DA:19,6
DA:21,6
DA:23,6
DA:25,6
DA:27,6
DA:28,6
DA:30,6
DA:31,6
DA:32,6
DA:34,6
DA:35,2
DA:36,2
DA:37,2
DA:39,2
DA:40,2
DA:41,2
DA:42,2
DA:44,0
DA:46,2
DA:50,2
DA:53,6
DA:54,1
DA:56,1
DA:59,6
DA:60,1
DA:62,1
DA:63,1
DA:64,1
DA:66,1
DA:68,1
DA:70,1
DA:74,0
DA:76,1
DA:78,1
DA:82,6
DA:103,3
DA:129,3
DA:140,6
DA:184,0
DA:185,0
DA:197,0
DA:199,0
LF:43
LH:37
BRDA:60,0,0,0
BRDA:60,0,1,1
BRDA:103,1,0,0
BRDA:103,1,1,3
BRDA:171,2,0,2
BRDA:171,2,1,4
BRF:6
BRH:4
end_of_record
TN:
SF:src\pages\admin\StudentManagement.tsx
FN:18,(anonymous_0)
FN:35,(anonymous_1)
FN:36,(anonymous_2)
FN:53,(anonymous_3)
FN:59,(anonymous_4)
FN:64,(anonymous_5)
FN:65,(anonymous_6)
FN:80,(anonymous_7)
FN:101,(anonymous_8)
FN:127,(anonymous_9)
FN:169,(anonymous_10)
FN:185,(anonymous_11)
FN:194,(anonymous_12)
FN:206,(anonymous_13)
FNF:14
FNH:10
FNDA:20,(anonymous_0)
FNDA:7,(anonymous_1)
FNDA:7,(anonymous_2)
FNDA:3,(anonymous_3)
FNDA:2,(anonymous_4)
FNDA:0,(anonymous_5)
FNDA:0,(anonymous_6)
FNDA:7,(anonymous_7)
FNDA:11,(anonymous_8)
FNDA:11,(anonymous_9)
FNDA:1,(anonymous_10)
FNDA:0,(anonymous_11)
FNDA:0,(anonymous_12)
FNDA:1,(anonymous_13)
DA:18,1
DA:19,20
DA:21,20
DA:23,20
DA:25,20
DA:27,20
DA:28,20
DA:30,20
DA:31,20
DA:32,20
DA:33,20
DA:35,20
DA:36,7
DA:37,7
DA:38,7
DA:40,6
DA:41,6
DA:42,6
DA:44,1
DA:46,7
DA:50,7
DA:53,20
DA:54,3
DA:56,3
DA:59,20
DA:60,2
DA:61,2
DA:62,2
DA:63,1
DA:64,1
DA:65,0
DA:66,0
DA:68,0
DA:72,1
DA:74,2
DA:76,2
DA:80,20
DA:81,7
DA:102,11
DA:128,11
DA:141,20
DA:169,1
DA:185,0
DA:195,0
DA:196,0
DA:207,1
DA:209,1
LF:47
LH:41
BRDA:60,0,0,0
BRDA:60,0,1,2
BRDA:102,1,0,0
BRDA:102,1,1,11
BRDA:178,2,0,7
BRDA:178,2,1,13
BRF:6
BRH:4
end_of_record
TN:
SF:src\pages\admin\SubjectManagement.tsx
FN:15,(anonymous_0)
FN:27,(anonymous_1)
FN:28,(anonymous_2)
FN:47,(anonymous_3)
FN:52,(anonymous_4)
FN:57,(anonymous_5)
FN:58,(anonymous_6)
FN:70,(anonymous_7)
FN:79,(anonymous_8)
FN:124,(anonymous_9)
FN:136,(anonymous_10)
FNF:11
FNH:9
FNDA:6,(anonymous_0)
FNDA:2,(anonymous_1)
FNDA:2,(anonymous_2)
FNDA:1,(anonymous_3)
FNDA:1,(anonymous_4)
FNDA:1,(anonymous_5)
FNDA:1,(anonymous_6)
FNDA:2,(anonymous_7)
FNDA:3,(anonymous_8)
FNDA:0,(anonymous_9)
FNDA:0,(anonymous_10)
DA:15,1
DA:16,6
DA:17,6
DA:18,6
DA:19,6
DA:20,6
DA:21,6
DA:22,6
DA:24,6
DA:25,6
DA:27,6
DA:28,2
DA:29,2
DA:30,2
DA:32,2
DA:33,2
DA:34,2
DA:35,2
DA:37,0
DA:38,0
DA:40,2
DA:44,2
DA:47,6
DA:48,1
DA:49,1
DA:52,6
DA:53,1
DA:54,1
DA:55,1
DA:56,1
DA:57,1
DA:58,1
DA:59,1
DA:63,0
DA:65,1
DA:66,1
DA:70,6
DA:71,2
DA:80,3
DA:89,6
DA:125,0
DA:126,0
DA:137,0
DA:139,0
LF:44
LH:37
BRDA:53,0,0,0
BRDA:53,0,1,1
BRDA:112,1,0,2
BRDA:112,1,1,4
BRF:4
BRH:3
end_of_record
TN:
SF:src\pages\assignment\AssignmentView.tsx
FN:21,(anonymous_0)
FN:46,(anonymous_1)
FN:47,(anonymous_2)
FN:78,(anonymous_3)
FN:83,(anonymous_4)
FN:91,(anonymous_5)
FN:91,(anonymous_6)
FN:118,(anonymous_7)
FN:124,(anonymous_8)
FN:138,(anonymous_9)
FN:169,(anonymous_10)
FN:180,(anonymous_11)
FN:186,(anonymous_12)
FN:203,(anonymous_13)
FN:216,(anonymous_14)
FNF:15
FNH:10
FNDA:6,(anonymous_0)
FNDA:2,(anonymous_1)
FNDA:2,(anonymous_2)
FNDA:1,(anonymous_3)
FNDA:1,(anonymous_4)
FNDA:1,(anonymous_5)
FNDA:1,(anonymous_6)
FNDA:3,(anonymous_7)
FNDA:3,(anonymous_8)
FNDA:3,(anonymous_9)
FNDA:0,(anonymous_10)
FNDA:0,(anonymous_11)
FNDA:0,(anonymous_12)
FNDA:0,(anonymous_13)
FNDA:0,(anonymous_14)
DA:21,1
DA:22,6
DA:24,6
DA:26,6
DA:28,6
DA:30,6
DA:32,6
DA:34,6
DA:36,6
DA:38,6
DA:40,6
DA:42,6
DA:44,6
DA:46,6
DA:47,2
DA:48,2
DA:49,2
DA:51,2
DA:60,2
DA:61,2
DA:63,2
DA:65,2
DA:67,0
DA:69,0
DA:71,2
DA:75,2
DA:78,6
DA:79,1
DA:80,1
DA:83,6
DA:84,1
DA:86,1
DA:87,1
DA:89,1
DA:91,1
DA:93,0
DA:95,0
DA:97,1
DA:98,1
DA:102,6
DA:119,3
DA:125,3
DA:139,3
DA:150,6
DA:169,0
DA:180,0
DA:186,0
DA:204,0
DA:206,0
DA:217,0
DA:219,0
LF:51
LH:40
BRDA:63,0,0,2
BRDA:63,0,1,0
BRDA:65,1,0,2
BRDA:65,1,1,0
BRDA:84,2,0,0
BRDA:84,2,1,1
BRDA:119,3,0,0
BRDA:119,3,1,3
BRDA:125,4,0,0
BRDA:125,4,1,3
BRDA:191,5,0,2
BRDA:191,5,1,4
BRF:12
BRH:7
end_of_record
TN:
SF:src\pages\course\Coursepage.tsx
FN:15,(anonymous_0)
FN:30,(anonymous_1)
FN:58,(anonymous_2)
FN:59,(anonymous_3)
FN:72,(anonymous_4)
FN:73,(anonymous_5)
FN:84,(anonymous_6)
FN:94,(anonymous_7)
FNF:8
FNH:8
FNDA:8,(anonymous_0)
FNDA:2,(anonymous_1)
FNDA:2,(anonymous_2)
FNDA:2,(anonymous_3)
FNDA:2,(anonymous_4)
FNDA:2,(anonymous_5)
FNDA:2,(anonymous_6)
FNDA:2,(anonymous_7)
DA:15,8
DA:18,8
DA:20,8
DA:23,8
DA:25,8
DA:28,8
DA:30,8
DA:31,2
DA:36,2
DA:38,2
DA:39,1
DA:40,1
DA:41,1
DA:42,0
DA:44,0
DA:47,2
DA:48,1
DA:50,1
DA:53,2
DA:55,8
DA:58,8
DA:59,2
DA:60,2
DA:61,2
DA:63,2
DA:64,0
DA:65,0
DA:69,2
DA:70,8
DA:72,8
DA:73,2
DA:74,2
DA:75,2
DA:76,2
DA:77,2
DA:78,2
DA:81,2
DA:82,8
DA:84,8
DA:87,2
DA:92,8
DA:94,8
DA:95,2
DA:97,2
DA:99,2
DA:100,1
DA:104,1
DA:105,0
DA:106,0
DA:108,1
DA:109,1
DA:112,1
DA:113,0
DA:114,0
DA:115,0
DA:117,4
DA:120,8
DA:121,2
DA:122,8
DA:123,8
DA:124,6
DA:125,8
DA:133,8
DA:135,8
DA:136,8
DA:137,8
LF:66
LH:57
BRDA:15,0,0,2
BRDA:15,0,1,6
BRDA:18,1,0,2
BRDA:18,1,1,6
BRDA:23,2,0,2
BRDA:23,2,1,6
BRDA:28,3,0,4
BRDA:28,3,1,4
BRDA:28,4,0,8
BRDA:28,4,1,5
BRDA:38,5,0,1
BRDA:38,5,1,1
BRDA:41,6,0,0
BRDA:41,6,1,1
BRDA:47,7,0,1
BRDA:47,7,1,1
BRDA:55,8,0,2
BRDA:55,8,1,6
BRDA:70,9,0,2
BRDA:70,9,1,6
BRDA:82,10,0,2
BRDA:82,10,1,6
BRDA:82,11,0,8
BRDA:82,11,1,6
BRDA:82,12,0,4
BRDA:82,12,1,4
BRDA:90,13,0,1
BRDA:90,13,1,1
BRDA:92,14,0,4
BRDA:92,14,1,4
BRDA:92,15,0,8
BRDA:92,15,1,4
BRDA:92,15,2,4
BRDA:92,15,3,4
BRDA:92,15,4,4
BRDA:99,16,0,1
BRDA:99,16,1,1
BRDA:104,17,0,0
BRDA:104,17,1,1
BRDA:122,18,0,0
BRDA:122,18,1,8
BRDA:122,19,0,2
BRDA:122,19,1,6
BRDA:123,20,0,2
BRDA:123,20,1,6
BRDA:133,21,0,0
BRDA:133,21,1,8
BRDA:135,22,0,0
BRDA:135,22,1,8
BRDA:135,23,0,8
BRDA:135,23,1,0
BRDA:135,24,0,8
BRDA:135,24,1,4
BRDA:135,24,2,2
BRDA:135,24,3,0
BRDA:135,24,4,0
BRDA:135,24,5,0
BRDA:135,24,6,0
BRDA:136,25,0,8
BRDA:136,25,1,0
BRDA:136,26,0,8
BRDA:136,26,1,6
BRF:62
BRH:51
end_of_record
TN:
SF:src\pages\department\DepartmentPage.tsx
FN:22,(anonymous_0)
FN:42,(anonymous_1)
FN:88,(anonymous_2)
FN:91,(anonymous_3)
FN:112,(anonymous_4)
FN:133,(anonymous_5)
FNF:6
FNH:5
FNDA:25,(anonymous_0)
FNDA:5,(anonymous_1)
FNDA:5,(anonymous_2)
FNDA:0,(anonymous_3)
FNDA:15,(anonymous_4)
FNDA:5,(anonymous_5)
DA:22,1
DA:28,25
DA:35,25
DA:42,25
DA:43,5
DA:50,5
DA:52,5
DA:53,1
DA:54,1
DA:55,4
DA:56,1
DA:58,1
DA:61,5
DA:62,2
DA:63,2
DA:66,5
DA:67,2
DA:69,2
DA:72,5
DA:74,5
DA:78,1
DA:80,1
DA:83,5
DA:85,5
DA:88,25
DA:89,5
DA:91,0
DA:92,0
DA:93,0
DA:94,0
DA:96,0
DA:105,0
DA:109,0
DA:112,25
DA:117,15
DA:119,15
DA:127,15
DA:133,25
DA:136,5
DA:137,5
DA:138,2
DA:139,2
DA:141,3
DA:142,3
DA:143,0
DA:145,0
DA:147,3
DA:149,1
DA:152,1
DA:154,2
DA:155,2
DA:161,25
LF:52
LH:43
BRDA:52,0,0,1
BRDA:52,0,1,4
BRDA:55,1,0,1
BRDA:55,1,1,3
BRDA:61,2,0,2
BRDA:61,2,1,3
BRDA:66,3,0,2
BRDA:66,3,1,3
BRDA:74,4,0,1
BRDA:74,4,1,4
BRDA:75,5,0,5
BRDA:75,5,1,4
BRDA:89,6,0,5
BRDA:89,6,1,0
BRDA:97,7,0,0
BRDA:97,7,1,0
BRDA:122,8,0,4
BRDA:122,8,1,11
BRDA:137,9,0,2
BRDA:137,9,1,3
BRDA:142,10,0,0
BRDA:142,10,1,3
BRDA:170,11,0,0
BRDA:170,11,1,25
BRDA:172,12,0,0
BRDA:172,12,1,25
BRF:26
BRH:20
end_of_record
TN:
SF:src\pages\exam\Exampage.tsx
FN:14,(anonymous_0)
FN:39,(anonymous_1)
FN:88,(anonymous_2)
FN:89,(anonymous_3)
FN:104,(anonymous_4)
FN:105,(anonymous_5)
FN:122,(anonymous_6)
FN:141,(anonymous_7)
FNF:8
FNH:8
FNDA:34,(anonymous_0)
FNDA:5,(anonymous_1)
FNDA:8,(anonymous_2)
FNDA:8,(anonymous_3)
FNDA:8,(anonymous_4)
FNDA:8,(anonymous_5)
FNDA:14,(anonymous_6)
FNDA:5,(anonymous_7)
DA:14,34
DA:16,34
DA:17,34
DA:19,34
DA:26,34
DA:28,34
DA:36,34
DA:39,34
DA:40,5
DA:49,5
DA:51,5
DA:52,2
DA:53,2
DA:54,3
DA:55,1
DA:56,1
DA:59,5
DA:60,3
DA:61,3
DA:64,5
DA:65,2
DA:66,2
DA:68,3
DA:69,3
DA:71,3
DA:73,3
DA:74,1
DA:75,1
DA:79,5
DA:80,3
DA:81,3
DA:84,5
DA:86,34
DA:88,34
DA:89,8
DA:90,8
DA:91,8
DA:92,7
DA:94,7
DA:95,7
DA:96,1
DA:97,1
DA:98,1
DA:101,8
DA:102,34
DA:104,34
DA:105,8
DA:106,8
DA:107,0
DA:108,0
DA:109,0
DA:110,0
DA:115,0
DA:116,0
DA:119,8
DA:120,34
DA:122,34
DA:125,14
DA:127,14
DA:135,14
DA:139,34
DA:141,34
DA:142,5
DA:144,5
DA:145,3
DA:149,2
DA:150,2
DA:151,0
DA:152,0
DA:154,2
DA:155,1
DA:158,1
DA:159,1
DA:160,1
DA:161,1
DA:163,12
DA:166,34
DA:167,34
DA:168,26
DA:169,34
DA:171,34
DA:177,34
DA:178,34
DA:179,34
LF:84
LH:76
BRDA:14,0,0,8
BRDA:14,0,1,26
BRDA:17,1,0,8
BRDA:17,1,1,26
BRDA:26,2,0,8
BRDA:26,2,1,26
BRDA:36,3,0,18
BRDA:36,3,1,16
BRDA:36,4,0,34
BRDA:36,4,1,24
BRDA:36,4,2,21
BRDA:36,4,3,18
BRDA:51,5,0,2
BRDA:51,5,1,3
BRDA:54,6,0,1
BRDA:54,6,1,2
BRDA:59,7,0,3
BRDA:59,7,1,2
BRDA:59,8,0,5
BRDA:59,8,1,2
BRDA:64,9,0,2
BRDA:64,9,1,3
BRDA:73,10,0,1
BRDA:73,10,1,2
BRDA:79,11,0,3
BRDA:79,11,1,2
BRDA:86,12,0,8
BRDA:86,12,1,26
BRDA:102,13,0,8
BRDA:102,13,1,26
BRDA:102,14,0,34
BRDA:102,14,1,26
BRDA:106,15,0,8
BRDA:106,15,1,0
BRDA:120,16,0,27
BRDA:120,16,1,7
BRDA:120,17,0,34
BRDA:120,17,1,7
BRDA:130,18,0,4
BRDA:130,18,1,10
BRDA:130,19,0,14
BRDA:130,19,1,12
BRDA:139,20,0,22
BRDA:139,20,1,12
BRDA:139,21,0,34
BRDA:139,21,1,12
BRDA:139,21,2,12
BRDA:139,21,3,12
BRDA:139,21,4,12
BRDA:144,22,0,3
BRDA:144,22,1,2
BRDA:150,23,0,0
BRDA:150,23,1,2
BRDA:167,24,0,0
BRDA:167,24,1,34
BRDA:167,25,0,8
BRDA:167,25,1,26
BRDA:167,26,0,8
BRDA:167,26,1,26
BRDA:171,27,0,0
BRDA:171,27,1,34
BRDA:177,28,0,0
BRDA:177,28,1,34
BRDA:177,29,0,34
BRDA:177,29,1,0
BRDA:177,30,0,34
BRDA:177,30,1,20
BRDA:177,30,2,1
BRDA:177,30,3,1
BRDA:177,30,4,1
BRDA:177,30,5,1
BRDA:177,30,6,0
BRDA:177,30,7,0
BRDA:178,31,0,34
BRDA:178,31,1,0
BRDA:178,32,0,34
BRDA:178,32,1,26
BRF:77
BRH:68
end_of_record
TN:
SF:src\pages\hoc\withCrudPage.tsx
FN:9,(anonymous_0)
FN:10,(anonymous_1)
FNF:2
FNH:2
FNDA:5,(anonymous_0)
FNDA:24,(anonymous_1)
DA:9,5
DA:10,5
DA:11,24
DA:12,24
DA:14,24
DA:16,24
LF:6
LH:6
BRF:0
BRH:0
end_of_record
TN:
SF:src\pages\mark\MarkPage.tsx
FN:8,(anonymous_0)
FN:40,(anonymous_1)
FN:41,(anonymous_2)
FN:60,(anonymous_3)
FN:61,(anonymous_4)
FN:72,(anonymous_5)
FN:80,(anonymous_6)
FN:86,(anonymous_7)
FN:95,(anonymous_8)
FN:101,(anonymous_9)
FN:132,(anonymous_10)
FN:149,(anonymous_11)
FN:8,_temp
FNF:13
FNH:13
FNDA:19,(anonymous_0)
FNDA:4,(anonymous_1)
FNDA:4,(anonymous_2)
FNDA:4,(anonymous_3)
FNDA:4,(anonymous_4)
FNDA:8,(anonymous_5)
FNDA:2,(anonymous_6)
FNDA:6,(anonymous_7)
FNDA:8,(anonymous_8)
FNDA:3,(anonymous_9)
FNDA:2,(anonymous_10)
FNDA:3,(anonymous_11)
FNDA:2,_temp
DA:8,19
DA:10,19
DA:17,19
DA:19,19
DA:20,19
DA:21,19
DA:23,19
DA:29,15
DA:31,19
DA:32,2
DA:33,0
DA:34,0
DA:35,0
DA:36,0
DA:38,19
DA:40,19
DA:41,4
DA:42,4
DA:43,4
DA:49,3
DA:50,3
DA:51,3
DA:53,1
DA:57,4
DA:58,19
DA:60,19
DA:61,4
DA:62,4
DA:63,4
DA:64,0
DA:65,4
DA:66,4
DA:69,4
DA:70,19
DA:72,19
DA:75,8
DA:77,8
DA:78,2
DA:80,2
DA:86,6
DA:95,8
DA:99,19
DA:101,19
DA:102,3
DA:110,3
DA:112,3
DA:113,1
DA:114,1
DA:117,3
DA:118,1
DA:119,1
DA:122,3
DA:123,1
DA:124,1
DA:127,3
DA:128,1
DA:129,1
DA:132,3
DA:134,3
DA:135,1
DA:136,1
DA:139,3
DA:140,1
DA:141,1
DA:144,3
DA:147,19
DA:149,19
DA:150,3
DA:152,3
DA:154,1
DA:155,1
DA:156,0
DA:157,0
DA:159,1
DA:160,1
DA:162,1
DA:163,0
DA:164,0
DA:165,0
DA:167,3
DA:170,19
DA:178,19
DA:180,19
DA:182,19
LF:84
LH:74
BRDA:8,0,0,4
BRDA:8,0,1,15
BRDA:17,1,0,4
BRDA:17,1,1,15
BRDA:19,2,0,4
BRDA:19,2,1,15
BRDA:20,3,0,4
BRDA:20,3,1,15
BRDA:21,4,0,4
BRDA:21,4,1,15
BRDA:38,5,0,4
BRDA:38,5,1,15
BRDA:58,6,0,4
BRDA:58,6,1,15
BRDA:70,7,0,4
BRDA:70,7,1,15
BRDA:70,8,0,19
BRDA:70,8,1,15
BRDA:70,9,0,4
BRDA:70,9,1,15
BRDA:77,10,0,2
BRDA:77,10,1,6
BRDA:89,11,0,6
BRDA:89,11,1,0
BRDA:89,12,0,6
BRDA:89,12,1,4
BRDA:89,12,2,2
BRDA:99,13,0,15
BRDA:99,13,1,4
BRDA:99,14,0,19
BRDA:99,14,1,12
BRDA:99,14,2,10
BRDA:99,14,3,8
BRDA:99,14,4,8
BRDA:99,14,5,6
BRDA:112,15,0,1
BRDA:112,15,1,2
BRDA:117,16,0,1
BRDA:117,16,1,2
BRDA:122,17,0,1
BRDA:122,17,1,2
BRDA:127,18,0,1
BRDA:127,18,1,2
BRDA:134,19,0,1
BRDA:134,19,1,2
BRDA:134,20,0,3
BRDA:134,20,1,2
BRDA:139,21,0,1
BRDA:139,21,1,2
BRDA:147,22,0,16
BRDA:147,22,1,3
BRDA:147,23,0,19
BRDA:147,23,1,7
BRDA:147,23,2,7
BRDA:147,23,3,7
BRDA:147,23,4,6
BRDA:152,24,0,2
BRDA:152,24,1,1
BRDA:155,25,0,0
BRDA:155,25,1,1
BRDA:178,26,0,0
BRDA:178,26,1,19
BRDA:180,27,0,0
BRDA:180,27,1,19
BRDA:180,28,0,19
BRDA:180,28,1,0
BRDA:180,29,0,19
BRDA:180,29,1,4
BRDA:180,29,2,1
BRDA:180,29,3,1
BRDA:180,29,4,0
BRDA:180,29,5,0
BRDA:180,29,6,0
BRDA:180,29,7,0
BRDA:32,30,0,2
BRDA:32,30,1,0
BRDA:33,31,0,0
BRDA:33,31,1,0
BRDA:34,32,0,0
BRDA:34,32,1,0
BRDA:35,33,0,0
BRDA:35,33,1,0
BRDA:36,34,0,0
BRDA:36,34,1,0
BRF:84
BRH:66
end_of_record
TN:
SF:src\pages\mark\MarkView.tsx
FN:13,(anonymous_0)
FN:31,(anonymous_1)
FN:54,(anonymous_2)
FN:58,(anonymous_3)
FN:63,(anonymous_4)
FN:81,(anonymous_5)
FN:124,(anonymous_6)
FN:156,(anonymous_7)
FN:167,(anonymous_8)
FN:211,(anonymous_9)
FN:263,(anonymous_10)
FN:276,(anonymous_11)
FNF:12
FNH:11
FNDA:25,(anonymous_0)
FNDA:11,(anonymous_1)
FNDA:10,(anonymous_2)
FNDA:3,(anonymous_3)
FNDA:2,(anonymous_4)
FNDA:2,(anonymous_5)
FNDA:9,(anonymous_6)
FNDA:6,(anonymous_7)
FNDA:2,(anonymous_8)
FNDA:1,(anonymous_9)
FNDA:0,(anonymous_10)
FNDA:1,(anonymous_11)
DA:13,1
DA:14,25
DA:15,25
DA:16,25
DA:18,25
DA:20,25
DA:21,25
DA:22,25
DA:24,25
DA:25,25
DA:27,25
DA:31,25
DA:32,11
DA:33,11
DA:35,11
DA:42,9
DA:43,9
DA:44,9
DA:45,9
DA:47,1
DA:48,1
DA:50,10
DA:54,25
DA:55,10
DA:58,25
DA:59,3
DA:60,3
DA:63,25
DA:64,2
DA:66,2
DA:67,2
DA:69,1
DA:71,1
DA:73,1
DA:74,1
DA:76,2
DA:77,2
DA:81,25
DA:84,2
DA:86,2
DA:88,1
DA:96,1
DA:99,1
DA:101,1
DA:103,1
DA:105,1
DA:107,1
DA:109,1
DA:111,1
DA:113,1
DA:117,1
DA:118,1
DA:124,25
DA:157,6
DA:168,2
DA:185,25
DA:212,1
DA:264,0
DA:265,0
DA:277,1
DA:278,1
LF:61
LH:59
BRDA:64,0,0,0
BRDA:64,0,1,2
BRDA:210,1,0,25
BRDA:210,1,1,22
BRDA:213,2,0,1
BRDA:213,2,1,0
BRDA:246,3,0,11
BRDA:246,3,1,14
BRF:8
BRH:6
end_of_record
TN:
SF:src\pages\staff\ViewStaffProfile.tsx
FN:10,(anonymous_0)
FN:14,(anonymous_1)
FN:15,(anonymous_2)
FN:59,(anonymous_3)
FNF:4
FNH:3
FNDA:2,(anonymous_0)
FNDA:1,(anonymous_1)
FNDA:1,(anonymous_2)
FNDA:0,(anonymous_3)
DA:10,1
DA:11,2
DA:12,2
DA:14,2
DA:15,1
DA:16,1
DA:17,1
DA:18,1
DA:23,0
DA:27,1
DA:30,2
DA:60,0
DA:61,0
LF:13
LH:10
BRDA:20,0,0,0
BRDA:20,0,1,1
BRDA:32,1,0,1
BRDA:32,1,1,1
BRF:4
BRH:3
end_of_record
TN:
SF:src\pages\student\ViewStudentProfile.tsx
FN:11,(anonymous_0)
FN:14,(anonymous_1)
FN:15,(anonymous_2)
FNF:3
FNH:3
FNDA:2,(anonymous_0)
FNDA:1,(anonymous_1)
FNDA:1,(anonymous_2)
DA:11,2
DA:12,2
DA:14,2
DA:15,1
DA:16,1
DA:17,1
DA:19,1
DA:20,0
DA:21,0
DA:25,1
DA:26,2
DA:29,2
DA:130,2
LF:13
LH:11
BRDA:12,0,0,1
BRDA:12,0,1,1
BRDA:26,1,0,2
BRDA:26,1,1,0
BRDA:30,2,0,1
BRDA:30,2,1,1
BRF:6
BRH:5
end_of_record
TN:
SF:src\pages\subjects\Subjectpage.tsx
FN:12,(anonymous_0)
FN:25,(anonymous_1)
FN:26,(anonymous_2)
FN:45,(anonymous_3)
FN:48,(anonymous_4)
FN:62,(anonymous_5)
FN:76,(anonymous_6)
FNF:7
FNH:6
FNDA:14,(anonymous_0)
FNDA:4,(anonymous_1)
FNDA:4,(anonymous_2)
FNDA:4,(anonymous_3)
FNDA:0,(anonymous_4)
FNDA:6,(anonymous_5)
FNDA:2,(anonymous_6)
DA:12,1
DA:14,14
DA:16,14
DA:18,14
DA:25,14
DA:26,4
DA:27,4
DA:29,4
DA:31,3
DA:35,1
DA:39,4
DA:42,4
DA:45,14
DA:46,4
DA:48,0
DA:49,0
DA:50,0
DA:51,0
DA:52,0
DA:53,0
DA:55,0
DA:59,0
DA:62,14
DA:66,6
DA:76,14
DA:80,2
DA:82,2
DA:84,2
DA:85,0
DA:86,0
DA:88,2
DA:89,1
DA:92,1
DA:96,1
DA:100,14
LF:35
LH:25
BRDA:46,0,0,4
BRDA:46,0,1,0
BRDA:70,1,0,2
BRDA:70,1,1,4
BRDA:84,2,0,0
BRDA:84,2,1,2
BRDA:102,3,0,0
BRDA:102,3,1,14
BRDA:108,4,0,0
BRDA:108,4,1,14
BRF:10
BRH:6
end_of_record
TN:
SF:src\services\CourseApi.ts
FN:6,(anonymous_0)
FN:7,(anonymous_1)
FN:8,(anonymous_2)
FN:9,(anonymous_3)
FN:10,(anonymous_4)
FN:11,(anonymous_5)
FN:12,(anonymous_6)
FN:13,(anonymous_7)
FNF:8
FNH:8
FNDA:1,(anonymous_0)
FNDA:1,(anonymous_1)
FNDA:1,(anonymous_2)
FNDA:1,(anonymous_3)
FNDA:1,(anonymous_4)
FNDA:1,(anonymous_5)
FNDA:1,(anonymous_6)
FNDA:1,(anonymous_7)
DA:4,2
DA:6,2
DA:7,2
DA:8,2
DA:9,2
DA:10,2
DA:11,2
DA:12,2
DA:13,2
LF:9
LH:9
BRF:0
BRH:0
end_of_record
TN:
SF:src\services\DepartmentApi.ts
FN:6,(anonymous_0)
FN:11,(anonymous_1)
FN:19,(anonymous_2)
FN:27,(anonymous_3)
FN:38,(anonymous_4)
FNF:5
FNH:5
FNDA:1,(anonymous_0)
FNDA:1,(anonymous_1)
FNDA:1,(anonymous_2)
FNDA:1,(anonymous_3)
FNDA:1,(anonymous_4)
DA:4,2
DA:6,2
DA:7,1
DA:8,1
DA:11,2
DA:12,1
DA:16,1
DA:19,2
DA:20,1
DA:24,1
DA:27,2
DA:31,1
DA:35,1
DA:38,2
DA:39,1
DA:42,1
LF:16
LH:16
BRF:0
BRH:0
end_of_record
TN:
SF:src\services\ExamApi.ts
FN:6,(anonymous_0)
FN:10,(anonymous_1)
FN:14,(anonymous_2)
FN:18,(anonymous_3)
FN:22,(anonymous_4)
FN:26,(anonymous_5)
FN:30,(anonymous_6)
FNF:7
FNH:7
FNDA:1,(anonymous_0)
FNDA:1,(anonymous_1)
FNDA:1,(anonymous_2)
FNDA:1,(anonymous_3)
FNDA:1,(anonymous_4)
FNDA:1,(anonymous_5)
FNDA:1,(anonymous_6)
DA:4,2
DA:6,2
DA:7,1
DA:10,2
DA:11,1
DA:14,2
DA:15,1
DA:18,2
DA:19,1
DA:22,2
DA:23,1
DA:26,2
DA:27,1
DA:30,2
DA:31,1
LF:15
LH:15
BRF:0
BRH:0
end_of_record
TN:
SF:src\services\MarkApi.ts
FN:6,(anonymous_0)
FN:10,(anonymous_1)
FN:14,(anonymous_2)
FN:19,(anonymous_3)
FN:23,(anonymous_4)
FN:27,(anonymous_5)
FN:32,(anonymous_6)
FN:37,(anonymous_7)
FN:41,(anonymous_8)
FN:45,(anonymous_9)
FNF:10
FNH:10
FNDA:1,(anonymous_0)
FNDA:2,(anonymous_1)
FNDA:1,(anonymous_2)
FNDA:1,(anonymous_3)
FNDA:1,(anonymous_4)
FNDA:1,(anonymous_5)
FNDA:1,(anonymous_6)
FNDA:1,(anonymous_7)
FNDA:1,(anonymous_8)
FNDA:1,(anonymous_9)
DA:4,1
DA:6,1
DA:7,1
DA:10,1
DA:11,2
DA:14,1
DA:15,1
DA:19,1
DA:20,1
DA:23,1
DA:24,1
DA:27,1
DA:28,1
DA:32,1
DA:33,1
DA:37,1
DA:38,1
DA:41,1
DA:42,1
DA:45,1
DA:46,1
LF:21
LH:21
BRF:0
BRH:0
end_of_record
TN:
SF:src\services\StaffApi.ts
FN:7,(anonymous_0)
FN:11,(anonymous_1)
FN:15,(anonymous_2)
FN:19,(anonymous_3)
FN:23,(anonymous_4)
FN:27,(anonymous_5)
FN:32,(anonymous_6)
FNF:7
FNH:7
FNDA:1,(anonymous_0)
FNDA:1,(anonymous_1)
FNDA:2,(anonymous_2)
FNDA:1,(anonymous_3)
FNDA:1,(anonymous_4)
FNDA:1,(anonymous_5)
FNDA:1,(anonymous_6)
DA:3,3
DA:7,3
DA:8,1
DA:11,3
DA:12,1
DA:15,3
DA:16,2
DA:19,3
DA:20,1
DA:23,3
DA:24,1
DA:27,3
DA:28,1
DA:32,3
DA:33,1
LF:15
LH:15
BRDA:15,0,0,2
BRF:1
BRH:1
end_of_record
TN:
SF:src\services\StudentApi.ts
FN:6,(anonymous_0)
FN:10,(anonymous_1)
FN:19,(anonymous_2)
FN:23,(anonymous_3)
FN:27,(anonymous_4)
FN:31,(anonymous_5)
FN:36,(anonymous_6)
FN:41,(anonymous_7)
FN:45,(anonymous_8)
FNF:9
FNH:9
FNDA:1,(anonymous_0)
FNDA:1,(anonymous_1)
FNDA:1,(anonymous_2)
FNDA:1,(anonymous_3)
FNDA:1,(anonymous_4)
FNDA:1,(anonymous_5)
FNDA:1,(anonymous_6)
FNDA:1,(anonymous_7)
FNDA:1,(anonymous_8)
DA:4,3
DA:6,3
DA:7,1
DA:10,3
DA:14,1
DA:19,3
DA:20,1
DA:23,3
DA:24,1
DA:27,3
DA:28,1
DA:31,3
DA:32,1
DA:33,1
DA:36,3
DA:37,1
DA:41,3
DA:42,1
DA:45,3
DA:46,1
DA:47,1
DA:48,1
LF:22
LH:22
BRF:0
BRH:0
end_of_record
TN:
SF:src\services\SubjectApi.ts
FN:8,(anonymous_0)
FN:14,(anonymous_1)
FN:18,(anonymous_2)
FN:25,(anonymous_3)
FN:32,(anonymous_4)
FN:38,(anonymous_5)
FNF:6
FNH:6
FNDA:1,(anonymous_0)
FNDA:1,(anonymous_1)
FNDA:1,(anonymous_2)
FNDA:1,(anonymous_3)
FNDA:1,(anonymous_4)
FNDA:1,(anonymous_5)
DA:4,2
DA:8,2
DA:9,1
DA:14,2
DA:15,1
DA:18,2
DA:19,1
DA:25,2
DA:26,1
DA:32,2
DA:33,1
DA:38,2
LF:12
LH:12
BRF:0
BRH:0
end_of_record
TN:
SF:src\test\setupMocks.tsx
FN:6,(anonymous_0)
FN:13,(anonymous_1)
FN:14,(anonymous_2)
FN:18,(anonymous_3)
FN:19,(anonymous_4)
FN:21,(anonymous_5)
FN:25,(anonymous_6)
FN:26,(anonymous_7)
FN:29,(anonymous_8)
FN:30,(anonymous_9)
FN:33,(anonymous_10)
FN:34,(anonymous_11)
FN:37,(anonymous_12)
FN:38,(anonymous_13)
FN:39,(anonymous_14)
FN:43,(anonymous_15)
FN:44,(anonymous_16)
FN:54,(anonymous_17)
FN:55,(anonymous_18)
FN:58,(anonymous_19)
FN:60,(anonymous_20)
FN:74,(anonymous_21)
FN:75,(anonymous_22)
FN:78,(anonymous_23)
FN:80,(anonymous_24)
FN:94,(anonymous_25)
FN:95,(anonymous_26)
FN:103,(anonymous_27)
FN:112,(anonymous_28)
FN:3,(anonymous_29)
FN:4,(anonymous_30)
FNF:31
FNH:24
FNDA:6,(anonymous_0)
FNDA:21,(anonymous_1)
FNDA:19,(anonymous_2)
FNDA:0,(anonymous_3)
FNDA:0,(anonymous_4)
FNDA:0,(anonymous_5)
FNDA:6,(anonymous_6)
FNDA:68,(anonymous_7)
FNDA:6,(anonymous_8)
FNDA:48,(anonymous_9)
FNDA:6,(anonymous_10)
FNDA:48,(anonymous_11)
FNDA:6,(anonymous_12)
FNDA:26,(anonymous_13)
FNDA:8,(anonymous_14)
FNDA:6,(anonymous_15)
FNDA:48,(anonymous_16)
FNDA:0,(anonymous_17)
FNDA:0,(anonymous_18)
FNDA:0,(anonymous_19)
FNDA:0,(anonymous_20)
FNDA:6,(anonymous_21)
FNDA:33,(anonymous_22)
FNDA:26,(anonymous_23)
FNDA:223,(anonymous_24)
FNDA:1,(anonymous_25)
FNDA:20,(anonymous_26)
FNDA:6,(anonymous_27)
FNDA:1,(anonymous_28)
FNDA:4,(anonymous_29)
FNDA:19,(anonymous_30)
DA:3,7
DA:4,19
DA:6,7
DA:7,6
DA:11,6
DA:13,21
DA:14,19
DA:18,7
DA:20,0
DA:21,0
DA:25,7
DA:26,68
DA:29,7
DA:30,48
DA:33,7
DA:34,48
DA:37,7
DA:39,26
DA:43,7
DA:45,48
DA:54,7
DA:56,0
DA:59,0
DA:61,0
DA:74,7
DA:76,33
DA:79,26
DA:81,223
DA:94,7
DA:96,20
DA:103,7
DA:112,7
LF:32
LH:27
BRDA:45,0,0,8
BRDA:45,0,1,40
BRDA:49,1,0,8
BRDA:49,1,1,8
BRDA:55,2,0,0
BRDA:55,3,0,0
BRDA:62,4,0,0
BRDA:62,4,1,0
BRDA:59,5,0,0
BRDA:59,5,1,0
BRDA:75,6,0,33
BRDA:75,7,0,33
BRDA:82,8,0,43
BRDA:82,8,1,180
BRDA:96,9,0,1
BRDA:96,9,1,19
BRF:16
BRH:10
end_of_record
TN:
SF:src\utils\Jwt.ts
FN:4,(anonymous_0)
FNF:1
FNH:1
FNDA:17,(anonymous_0)
DA:4,4
DA:7,17
DA:8,17
DA:10,17
DA:12,13
DA:13,13
LF:6
LH:6
BRDA:8,0,0,0
BRDA:8,0,1,17
BRF:2
BRH:1
end_of_record
