TN:
SF:src\App.tsx
FN:5,App
FNF:1
FNH:1
FNDA:1,App
DA:1,1
DA:2,1
DA:3,1
DA:6,1
DA:16,1
LF:5
LH:5
BRF:0
BRH:0
end_of_record
TN:
SF:src\api\loginApi.tsx
FN:7,(anonymous_1)
FNF:1
FNH:0
FNDA:0,(anonymous_1)
DA:1,1
DA:4,1
DA:5,1
DA:7,1
DA:8,0
DA:9,0
DA:11,0
DA:12,0
LF:8
LH:4
BRF:0
BRH:0
end_of_record
TN:
SF:src\pages\login\login.tsx
FN:8,(anonymous_0)
FN:18,(anonymous_1)
FN:22,handleSubmit
FNF:3
FNH:3
FNDA:19,(anonymous_0)
FNDA:8,(anonymous_1)
FNDA:3,handleSubmit
DA:2,2
DA:3,2
DA:4,2
DA:5,2
DA:8,2
DA:9,19
DA:11,19
DA:16,19
DA:18,19
DA:19,8
DA:23,3
DA:24,3
DA:25,3
DA:26,3
DA:27,1
DA:28,1
DA:30,2
DA:31,2
DA:35,19
DA:57,2
LF:20
LH:20
BRDA:30,0,0,2
BRDA:30,0,1,1
BRDA:39,1,0,19
BRDA:39,1,1,2
BRF:4
BRH:4
end_of_record
TN:
SF:src\pages\student\userHome.tsx
FN:1,(anonymous_0)
FNF:1
FNH:1
FNDA:1,(anonymous_0)
DA:1,2
DA:2,1
DA:10,2
LF:3
LH:3
BRF:0
BRH:0
end_of_record
